--- old
+++ new
@@ -1,777 +1,1130 @@
-Using config file /home/dmitry/python/migrate2to3/rcfile
+************* Module ConvertColors
+/home/dmitry/zeev-stxnet/Tools_new/Windows/ConvertRGBsToVWDefaultsFile/ConvertColors.py:151:50: E0001: inconsistent use of tabs and spaces in indentation (<unknown>, line 151) (syntax-error)
+************* Module makeUpdateLive
+/home/dmitry/zeev-stxnet/Tools_new/ReleaseRedirects/makeUpdateLive.py:8:0: E0401: Unable to import 'boto3' (import-error)
+/home/dmitry/zeev-stxnet/Tools_new/ReleaseRedirects/makeUpdateLive.py:8:0: E0401: Unable to import 'botocore' (import-error)
+************* Module SetupS3RedirectLinks
+/home/dmitry/zeev-stxnet/Tools_new/ReleaseRedirects/SetupS3RedirectLinks.py:8:0: E0401: Unable to import 'boto3' (import-error)
 ************* Module BuildSpanish
-E: 24, 0: No name 'dir_util' in module 'distutils' (no-name-in-module)
-E: 24, 0: Unable to import 'distutils.dir_util' (import-error)
-E: 86, 2: Module 'distutils' has no 'dir_util' member (no-member)
-E:347, 1: Module 'distutils' has no 'dir_util' member (no-member)
-E:351, 1: Module 'distutils' has no 'dir_util' member (no-member)
+/home/dmitry/zeev-stxnet/Tools_new/SpanishBuildSupport/BuildSpanish.py:38:0: E0001: Cannot import 'RenameLocalizedFiles' due to syntax error 'inconsistent use of tabs and spaces in indentation (<unknown>, line 496)' (syntax-error)
+/home/dmitry/zeev-stxnet/Tools_new/SpanishBuildSupport/BuildSpanish.py:62:15: E1101: Module 'string' has no 'rfind' member (no-member)
+/home/dmitry/zeev-stxnet/Tools_new/SpanishBuildSupport/BuildSpanish.py:187:10: E1101: Module 'string' has no 'split' member (no-member)
+/home/dmitry/zeev-stxnet/Tools_new/SpanishBuildSupport/BuildSpanish.py:190:13: E1101: Module 'string' has no 'split' member (no-member)
 ************* Module SiteDetails
-E: 22, 0: Unable to import 'Products.CMFCore.utils' (import-error)
-E: 80,11: Undefined variable 'printed' (undefined-variable)
-E: 87, 0: Unable to import 'Products.PythonScripts.standard' (import-error)
-E: 88,10: Undefined variable 'container' (undefined-variable)
-E: 94,23: Undefined variable 'script' (undefined-variable)
-E: 94,50: Undefined variable 'script' (undefined-variable)
-E: 95, 5: Undefined variable 'script' (undefined-variable)
-E: 96,32: Undefined variable 'script' (undefined-variable)
-E: 97,14: Undefined variable 'container' (undefined-variable)
-E: 99,32: Undefined variable 'DateTime' (undefined-variable)
-E:101,19: Undefined variable 'context' (undefined-variable)
-E:104, 7: Undefined variable 'context' (undefined-variable)
-E:113, 0: Return outside function (return-outside-function)
-E:113, 7: Undefined variable 'printed' (undefined-variable)
+/home/dmitry/zeev-stxnet/Tools_new/WebDevelopment/Plone/Administration/SiteDetails.py:22:0: E0401: Unable to import 'Products.CMFCore.utils' (import-error)
+/home/dmitry/zeev-stxnet/Tools_new/WebDevelopment/Plone/Administration/SiteDetails.py:80:11: E0602: Undefined variable 'printed' (undefined-variable)
+/home/dmitry/zeev-stxnet/Tools_new/WebDevelopment/Plone/Administration/SiteDetails.py:87:0: E0401: Unable to import 'Products.PythonScripts.standard' (import-error)
+/home/dmitry/zeev-stxnet/Tools_new/WebDevelopment/Plone/Administration/SiteDetails.py:88:10: E0602: Undefined variable 'container' (undefined-variable)
+/home/dmitry/zeev-stxnet/Tools_new/WebDevelopment/Plone/Administration/SiteDetails.py:94:23: E0602: Undefined variable 'script' (undefined-variable)
+/home/dmitry/zeev-stxnet/Tools_new/WebDevelopment/Plone/Administration/SiteDetails.py:94:50: E0602: Undefined variable 'script' (undefined-variable)
+/home/dmitry/zeev-stxnet/Tools_new/WebDevelopment/Plone/Administration/SiteDetails.py:95:5: E0602: Undefined variable 'script' (undefined-variable)
+/home/dmitry/zeev-stxnet/Tools_new/WebDevelopment/Plone/Administration/SiteDetails.py:96:32: E0602: Undefined variable 'script' (undefined-variable)
+/home/dmitry/zeev-stxnet/Tools_new/WebDevelopment/Plone/Administration/SiteDetails.py:97:14: E0602: Undefined variable 'container' (undefined-variable)
+/home/dmitry/zeev-stxnet/Tools_new/WebDevelopment/Plone/Administration/SiteDetails.py:99:32: E0602: Undefined variable 'DateTime' (undefined-variable)
+/home/dmitry/zeev-stxnet/Tools_new/WebDevelopment/Plone/Administration/SiteDetails.py:101:19: E0602: Undefined variable 'context' (undefined-variable)
+/home/dmitry/zeev-stxnet/Tools_new/WebDevelopment/Plone/Administration/SiteDetails.py:104:7: E0602: Undefined variable 'context' (undefined-variable)
+/home/dmitry/zeev-stxnet/Tools_new/WebDevelopment/Plone/Administration/SiteDetails.py:113:0: E0104: Return outside function (return-outside-function)
+/home/dmitry/zeev-stxnet/Tools_new/WebDevelopment/Plone/Administration/SiteDetails.py:113:7: E0602: Undefined variable 'printed' (undefined-variable)
 ************* Module GetMemberProperties
-E: 33,12: Undefined variable 'context' (undefined-variable)
-E: 34,12: Undefined variable 'context' (undefined-variable)
-E: 43,39: Undefined variable 'DateTime' (undefined-variable)
-E: 54, 9: Undefined variable 'outputformat' (undefined-variable)
-E: 57,11: Undefined variable 'outputformat' (undefined-variable)
-E: 60,11: Undefined variable 'outputformat' (undefined-variable)
-E: 64,10: Return outside function (return-outside-function)
-E: 66, 9: Undefined variable 'memberid' (undefined-variable)
-E: 75,21: Undefined variable 'context' (undefined-variable)
-E: 79,19: Undefined variable 'context' (undefined-variable)
-E: 84,22: Undefined variable 'context' (undefined-variable)
-E: 89,17: Undefined variable 'context' (undefined-variable)
-E: 89,57: Undefined variable 'memberid' (undefined-variable)
-E: 94,27: Undefined variable 'memberid' (undefined-variable)
-E:100,24: Undefined variable 'context' (undefined-variable)
-E:103,35: Undefined variable 'memberid' (undefined-variable)
-E:109,22: Undefined variable 'context' (undefined-variable)
-E:116,17: Undefined variable 'context' (undefined-variable)
-E:171,19: Undefined variable 'context' (undefined-variable)
-E:202,19: Undefined variable 'context' (undefined-variable)
-E:207, 6: Return outside function (return-outside-function)
-E:209, 4: Return outside function (return-outside-function)
-E:211, 2: Return outside function (return-outside-function)
+/home/dmitry/zeev-stxnet/Tools_new/WebDevelopment/Plone/Administration/GetMemberProperties.py:33:12: E0602: Undefined variable 'context' (undefined-variable)
+/home/dmitry/zeev-stxnet/Tools_new/WebDevelopment/Plone/Administration/GetMemberProperties.py:34:12: E0602: Undefined variable 'context' (undefined-variable)
+/home/dmitry/zeev-stxnet/Tools_new/WebDevelopment/Plone/Administration/GetMemberProperties.py:43:39: E0602: Undefined variable 'DateTime' (undefined-variable)
+/home/dmitry/zeev-stxnet/Tools_new/WebDevelopment/Plone/Administration/GetMemberProperties.py:54:9: E0602: Undefined variable 'outputformat' (undefined-variable)
+/home/dmitry/zeev-stxnet/Tools_new/WebDevelopment/Plone/Administration/GetMemberProperties.py:57:11: E0602: Undefined variable 'outputformat' (undefined-variable)
+/home/dmitry/zeev-stxnet/Tools_new/WebDevelopment/Plone/Administration/GetMemberProperties.py:60:11: E0602: Undefined variable 'outputformat' (undefined-variable)
+/home/dmitry/zeev-stxnet/Tools_new/WebDevelopment/Plone/Administration/GetMemberProperties.py:64:10: E0104: Return outside function (return-outside-function)
+/home/dmitry/zeev-stxnet/Tools_new/WebDevelopment/Plone/Administration/GetMemberProperties.py:66:9: E0602: Undefined variable 'memberid' (undefined-variable)
+/home/dmitry/zeev-stxnet/Tools_new/WebDevelopment/Plone/Administration/GetMemberProperties.py:75:21: E0602: Undefined variable 'context' (undefined-variable)
+/home/dmitry/zeev-stxnet/Tools_new/WebDevelopment/Plone/Administration/GetMemberProperties.py:79:19: E0602: Undefined variable 'context' (undefined-variable)
+/home/dmitry/zeev-stxnet/Tools_new/WebDevelopment/Plone/Administration/GetMemberProperties.py:84:22: E0602: Undefined variable 'context' (undefined-variable)
+/home/dmitry/zeev-stxnet/Tools_new/WebDevelopment/Plone/Administration/GetMemberProperties.py:89:17: E0602: Undefined variable 'context' (undefined-variable)
+/home/dmitry/zeev-stxnet/Tools_new/WebDevelopment/Plone/Administration/GetMemberProperties.py:89:57: E0602: Undefined variable 'memberid' (undefined-variable)
+/home/dmitry/zeev-stxnet/Tools_new/WebDevelopment/Plone/Administration/GetMemberProperties.py:94:27: E0602: Undefined variable 'memberid' (undefined-variable)
+/home/dmitry/zeev-stxnet/Tools_new/WebDevelopment/Plone/Administration/GetMemberProperties.py:100:24: E0602: Undefined variable 'context' (undefined-variable)
+/home/dmitry/zeev-stxnet/Tools_new/WebDevelopment/Plone/Administration/GetMemberProperties.py:103:35: E0602: Undefined variable 'memberid' (undefined-variable)
+/home/dmitry/zeev-stxnet/Tools_new/WebDevelopment/Plone/Administration/GetMemberProperties.py:109:22: E0602: Undefined variable 'context' (undefined-variable)
+/home/dmitry/zeev-stxnet/Tools_new/WebDevelopment/Plone/Administration/GetMemberProperties.py:116:17: E0602: Undefined variable 'context' (undefined-variable)
+/home/dmitry/zeev-stxnet/Tools_new/WebDevelopment/Plone/Administration/GetMemberProperties.py:171:19: E0602: Undefined variable 'context' (undefined-variable)
+/home/dmitry/zeev-stxnet/Tools_new/WebDevelopment/Plone/Administration/GetMemberProperties.py:202:19: E0602: Undefined variable 'context' (undefined-variable)
+/home/dmitry/zeev-stxnet/Tools_new/WebDevelopment/Plone/Administration/GetMemberProperties.py:207:6: E0104: Return outside function (return-outside-function)
+/home/dmitry/zeev-stxnet/Tools_new/WebDevelopment/Plone/Administration/GetMemberProperties.py:209:4: E0104: Return outside function (return-outside-function)
+/home/dmitry/zeev-stxnet/Tools_new/WebDevelopment/Plone/Administration/GetMemberProperties.py:211:2: E0104: Return outside function (return-outside-function)
 ************* Module GetVSSLicensing
-E: 18, 0: Unable to import 'nna.policy.utils' (import-error)
-E: 20,14: Undefined variable 'context' (undefined-variable)
-E: 30, 1: Return outside function (return-outside-function)
-E: 41, 2: Return outside function (return-outside-function)
-E: 43, 2: Return outside function (return-outside-function)
+/home/dmitry/zeev-stxnet/Tools_new/WebDevelopment/Plone/LicenseDistribution/GetVSSLicensing.py:18:0: E0401: Unable to import 'nna.policy.utils' (import-error)
+/home/dmitry/zeev-stxnet/Tools_new/WebDevelopment/Plone/LicenseDistribution/GetVSSLicensing.py:20:14: E0602: Undefined variable 'context' (undefined-variable)
+/home/dmitry/zeev-stxnet/Tools_new/WebDevelopment/Plone/LicenseDistribution/GetVSSLicensing.py:30:1: E0104: Return outside function (return-outside-function)
+/home/dmitry/zeev-stxnet/Tools_new/WebDevelopment/Plone/LicenseDistribution/GetVSSLicensing.py:41:2: E0104: Return outside function (return-outside-function)
+/home/dmitry/zeev-stxnet/Tools_new/WebDevelopment/Plone/LicenseDistribution/GetVSSLicensing.py:43:2: E0104: Return outside function (return-outside-function)
 ************* Module GetSupportInfo
-E: 12, 0: Unable to import 'nna.policy.utils' (import-error)
-E: 16,14: Undefined variable 'context' (undefined-variable)
-E: 22, 0: Return outside function (return-outside-function)
+/home/dmitry/zeev-stxnet/Tools_new/WebDevelopment/Plone/Support/GetSupportInfo.py:12:0: E0401: Unable to import 'nna.policy.utils' (import-error)
+/home/dmitry/zeev-stxnet/Tools_new/WebDevelopment/Plone/Support/GetSupportInfo.py:16:14: E0602: Undefined variable 'context' (undefined-variable)
+/home/dmitry/zeev-stxnet/Tools_new/WebDevelopment/Plone/Support/GetSupportInfo.py:22:0: E0104: Return outside function (return-outside-function)
 ************* Module GetVSSOperationParameters
-E: 14, 0: Unable to import 'nna.policy.utils' (import-error)
-E: 16,14: Undefined variable 'context' (undefined-variable)
-E: 27, 0: Return outside function (return-outside-function)
+/home/dmitry/zeev-stxnet/Tools_new/WebDevelopment/Plone/VSSOps/GetVSSOperationParameters.py:14:0: E0401: Unable to import 'nna.policy.utils' (import-error)
+/home/dmitry/zeev-stxnet/Tools_new/WebDevelopment/Plone/VSSOps/GetVSSOperationParameters.py:16:14: E0602: Undefined variable 'context' (undefined-variable)
+/home/dmitry/zeev-stxnet/Tools_new/WebDevelopment/Plone/VSSOps/GetVSSOperationParameters.py:27:0: E0104: Return outside function (return-outside-function)
 ************* Module GetWebinarSchedule
-E: 11, 0: Unable to import 'nna.policy.utils' (import-error)
-E: 18,15: Undefined variable 'context' (undefined-variable)
-E: 75, 9: Undefined variable 'DateTime' (undefined-variable)
-E: 76, 9: Undefined variable 'DateTime' (undefined-variable)
-E: 97,20: Undefined variable 'DateTime' (undefined-variable)
-E:104,20: Undefined variable 'DateTime' (undefined-variable)
-E:111,19: Undefined variable 'DateTime' (undefined-variable)
-E:142, 0: Return outside function (return-outside-function)
+/home/dmitry/zeev-stxnet/Tools_new/WebDevelopment/Plone/Webinar/GetWebinarSchedule.py:11:0: E0401: Unable to import 'nna.policy.utils' (import-error)
+/home/dmitry/zeev-stxnet/Tools_new/WebDevelopment/Plone/Webinar/GetWebinarSchedule.py:18:15: E0602: Undefined variable 'context' (undefined-variable)
+/home/dmitry/zeev-stxnet/Tools_new/WebDevelopment/Plone/Webinar/GetWebinarSchedule.py:75:9: E0602: Undefined variable 'DateTime' (undefined-variable)
+/home/dmitry/zeev-stxnet/Tools_new/WebDevelopment/Plone/Webinar/GetWebinarSchedule.py:76:9: E0602: Undefined variable 'DateTime' (undefined-variable)
+/home/dmitry/zeev-stxnet/Tools_new/WebDevelopment/Plone/Webinar/GetWebinarSchedule.py:97:20: E0602: Undefined variable 'DateTime' (undefined-variable)
+/home/dmitry/zeev-stxnet/Tools_new/WebDevelopment/Plone/Webinar/GetWebinarSchedule.py:104:20: E0602: Undefined variable 'DateTime' (undefined-variable)
+/home/dmitry/zeev-stxnet/Tools_new/WebDevelopment/Plone/Webinar/GetWebinarSchedule.py:111:19: E0602: Undefined variable 'DateTime' (undefined-variable)
+/home/dmitry/zeev-stxnet/Tools_new/WebDevelopment/Plone/Webinar/GetWebinarSchedule.py:142:0: E0104: Return outside function (return-outside-function)
 ************* Module HTTPResponse
-E:691, 0: unexpected indent (<string>, line 691) (syntax-error)
+/home/dmitry/zeev-stxnet/Tools_new/WebDevelopment/Zope/HTTPResponse.py:691:4: E0001: unexpected indent (<unknown>, line 691) (syntax-error)
 ************* Module AutoBuildSDK
-E: 21, 0: Unable to import 'NNALogging' (import-error)
-E: 23, 0: Unable to import 'AutoBuild' (import-error)
-E: 37,30: Undefined variable 'GetLongPlatform' (undefined-variable)
+/home/dmitry/zeev-stxnet/Tools_new/AutoBuild/AutoBuildSDK.py:21:0: E0001: Cannot import 'NNALogging' due to syntax error "(unicode error) 'unicodeescape' codec can't decode bytes in position 206-207: malformed \\N character escape (<unknown>, line 114)" (syntax-error)
+/home/dmitry/zeev-stxnet/Tools_new/AutoBuild/AutoBuildSDK.py:23:0: E0401: Unable to import 'AutoBuild' (import-error)
+/home/dmitry/zeev-stxnet/Tools_new/AutoBuild/AutoBuildSDK.py:31:16: E1101: Module 'string' has no 'replace' member (no-member)
+/home/dmitry/zeev-stxnet/Tools_new/AutoBuild/AutoBuildSDK.py:37:30: E0602: Undefined variable 'GetLongPlatform' (undefined-variable)
 ************* Module UploadBuildToS3
-E: 59, 0: Unable to import 'NNALogging' (import-error)
-E: 73, 1: Unable to import 'win32pipe' (import-error)
-E: 74, 1: Unable to import 'win32com' (import-error)
-E: 75, 1: Unable to import 'win32com.client.dynamic' (import-error)
-E:420,10: Module 'xmlrpc.server' has no 'SimpleXMLRPCServer' member (no-member)
+/home/dmitry/zeev-stxnet/Tools_new/AutoBuild/UploadBuildToS3.py:31:0: E0401: Unable to import 'popen2' (import-error)
+/home/dmitry/zeev-stxnet/Tools_new/AutoBuild/UploadBuildToS3.py:32:0: E0401: Unable to import 'sets' (import-error)
+/home/dmitry/zeev-stxnet/Tools_new/AutoBuild/UploadBuildToS3.py:59:0: E0001: Cannot import 'NNALogging' due to syntax error "(unicode error) 'unicodeescape' codec can't decode bytes in position 206-207: malformed \\N character escape (<unknown>, line 114)" (syntax-error)
+/home/dmitry/zeev-stxnet/Tools_new/AutoBuild/UploadBuildToS3.py:73:1: E0401: Unable to import 'win32pipe' (import-error)
+/home/dmitry/zeev-stxnet/Tools_new/AutoBuild/UploadBuildToS3.py:74:1: E0401: Unable to import 'win32com' (import-error)
+/home/dmitry/zeev-stxnet/Tools_new/AutoBuild/UploadBuildToS3.py:75:1: E0401: Unable to import 'win32com.client.dynamic' (import-error)
+/home/dmitry/zeev-stxnet/Tools_new/AutoBuild/UploadBuildToS3.py:81:0: E0401: Unable to import 'boto.s3.connection' (import-error)
+/home/dmitry/zeev-stxnet/Tools_new/AutoBuild/UploadBuildToS3.py:82:0: E0401: Unable to import 'boto.s3.key' (import-error)
+/home/dmitry/zeev-stxnet/Tools_new/AutoBuild/UploadBuildToS3.py:251:10: E1101: Module 'exceptions' has no 'KeyboardInterrupt' member (no-member)
+/home/dmitry/zeev-stxnet/Tools_new/AutoBuild/UploadBuildToS3.py:251:40: E1101: Module 'exceptions' has no 'SystemExit' member (no-member)
+/home/dmitry/zeev-stxnet/Tools_new/AutoBuild/UploadBuildToS3.py:331:10: E1101: Module 'exceptions' has no 'KeyboardInterrupt' member (no-member)
+/home/dmitry/zeev-stxnet/Tools_new/AutoBuild/UploadBuildToS3.py:331:40: E1101: Module 'exceptions' has no 'SystemExit' member (no-member)
 ************* Module AccessCheck
-E:794, 3: The raise statement is not inside an except clause (misplaced-bare-raise)
+/home/dmitry/zeev-stxnet/Tools_new/AutoBuild/AccessCheck.py:794:3: E0704: The raise statement is not inside an except clause (misplaced-bare-raise)
 ************* Module GenerateManifest
-E:755, 1: No value for argument 'projectPath' in function call (no-value-for-parameter)
+/home/dmitry/zeev-stxnet/Tools_new/AutoBuild/GenerateManifest.py:192:11: E1101: Module 'string' has no 'replace' member (no-member)
+/home/dmitry/zeev-stxnet/Tools_new/AutoBuild/GenerateManifest.py:222:11: E1101: Module 'string' has no 'lower' member (no-member)
+/home/dmitry/zeev-stxnet/Tools_new/AutoBuild/GenerateManifest.py:276:22: E1101: Module 'string' has no 'replace' member (no-member)
+/home/dmitry/zeev-stxnet/Tools_new/AutoBuild/GenerateManifest.py:278:22: E1101: Module 'string' has no 'replace' member (no-member)
+/home/dmitry/zeev-stxnet/Tools_new/AutoBuild/GenerateManifest.py:283:22: E1101: Module 'string' has no 'replace' member (no-member)
+/home/dmitry/zeev-stxnet/Tools_new/AutoBuild/GenerateManifest.py:285:22: E1101: Module 'string' has no 'replace' member (no-member)
+/home/dmitry/zeev-stxnet/Tools_new/AutoBuild/GenerateManifest.py:346:16: E1101: Module 'string' has no 'replace' member (no-member)
+/home/dmitry/zeev-stxnet/Tools_new/AutoBuild/GenerateManifest.py:353:13: E1101: Module 'string' has no 'replace' member (no-member)
+/home/dmitry/zeev-stxnet/Tools_new/AutoBuild/GenerateManifest.py:471:13: E1101: Module 'string' has no 'split' member (no-member)
+/home/dmitry/zeev-stxnet/Tools_new/AutoBuild/GenerateManifest.py:519:26: E1101: Module 'string' has no 'upper' member (no-member)
+/home/dmitry/zeev-stxnet/Tools_new/AutoBuild/GenerateManifest.py:526:13: E1101: Module 'string' has no 'replace' member (no-member)
+/home/dmitry/zeev-stxnet/Tools_new/AutoBuild/GenerateManifest.py:551:29: E1101: Module 'string' has no 'upper' member (no-member)
+/home/dmitry/zeev-stxnet/Tools_new/AutoBuild/GenerateManifest.py:622:13: E1101: Module 'string' has no 'replace' member (no-member)
+/home/dmitry/zeev-stxnet/Tools_new/AutoBuild/GenerateManifest.py:642:31: E1101: Module 'string' has no 'replace' member (no-member)
+/home/dmitry/zeev-stxnet/Tools_new/AutoBuild/GenerateManifest.py:645:31: E1101: Module 'string' has no 'replace' member (no-member)
+/home/dmitry/zeev-stxnet/Tools_new/AutoBuild/GenerateManifest.py:647:32: E1101: Module 'string' has no 'replace' member (no-member)
+/home/dmitry/zeev-stxnet/Tools_new/AutoBuild/GenerateManifest.py:649:33: E1101: Module 'string' has no 'replace' member (no-member)
+/home/dmitry/zeev-stxnet/Tools_new/AutoBuild/GenerateManifest.py:651:32: E1101: Module 'string' has no 'replace' member (no-member)
+/home/dmitry/zeev-stxnet/Tools_new/AutoBuild/GenerateManifest.py:653:33: E1101: Module 'string' has no 'replace' member (no-member)
+/home/dmitry/zeev-stxnet/Tools_new/AutoBuild/GenerateManifest.py:665:25: E1101: Module 'string' has no 'replace' member (no-member)
+/home/dmitry/zeev-stxnet/Tools_new/AutoBuild/GenerateManifest.py:687:32: E1101: Module 'string' has no 'replace' member (no-member)
+/home/dmitry/zeev-stxnet/Tools_new/AutoBuild/GenerateManifest.py:689:33: E1101: Module 'string' has no 'replace' member (no-member)
+/home/dmitry/zeev-stxnet/Tools_new/AutoBuild/GenerateManifest.py:691:31: E1101: Module 'string' has no 'replace' member (no-member)
+/home/dmitry/zeev-stxnet/Tools_new/AutoBuild/GenerateManifest.py:693:33: E1101: Module 'string' has no 'replace' member (no-member)
+/home/dmitry/zeev-stxnet/Tools_new/AutoBuild/GenerateManifest.py:695:34: E1101: Module 'string' has no 'replace' member (no-member)
+/home/dmitry/zeev-stxnet/Tools_new/AutoBuild/GenerateManifest.py:697:32: E1101: Module 'string' has no 'replace' member (no-member)
+/home/dmitry/zeev-stxnet/Tools_new/AutoBuild/GenerateManifest.py:712:21: E1101: Module 'string' has no 'upper' member (no-member)
+/home/dmitry/zeev-stxnet/Tools_new/AutoBuild/GenerateManifest.py:726:22: E1101: Module 'string' has no 'replace' member (no-member)
+/home/dmitry/zeev-stxnet/Tools_new/AutoBuild/GenerateManifest.py:755:1: E1120: No value for argument 'projectPath' in function call (no-value-for-parameter)
 ************* Module MoveBuildsToS3
-E: 25, 0: Unable to import 'urllib.request' (import-error)
-E: 25, 0: Unable to import 'urllib.parse' (import-error)
-E: 25, 0: Unable to import 'urllib.error' (import-error)
-E:848, 3: The raise statement is not inside an except clause (misplaced-bare-raise)
-************* Module BuildSteps
-E: 80, 3: Raising unicode while only classes or instances are allowed (raising-bad-type)
-E: 83, 3: Raising unicode while only classes or instances are allowed (raising-bad-type)
-E:271, 2: Raising unicode while only classes or instances are allowed (raising-bad-type)
-E:274, 2: Raising unicode while only classes or instances are allowed (raising-bad-type)
-E:288, 2: Raising unicode while only classes or instances are allowed (raising-bad-type)
+/home/dmitry/zeev-stxnet/Tools_new/AutoBuild/MoveBuildsToS3.py:848:3: E0704: The raise statement is not inside an except clause (misplaced-bare-raise)
 ************* Module TrimLocalBuildsMovedToS3
-E:491, 3: The raise statement is not inside an except clause (misplaced-bare-raise)
+/home/dmitry/zeev-stxnet/Tools_new/AutoBuild/TrimLocalBuildsMovedToS3.py:27:0: E0401: Unable to import 'boto.s3.connection' (import-error)
+/home/dmitry/zeev-stxnet/Tools_new/AutoBuild/TrimLocalBuildsMovedToS3.py:491:3: E0704: The raise statement is not inside an except clause (misplaced-bare-raise)
+************* Module UpdateLocalAutoBuild
+/home/dmitry/zeev-stxnet/Tools_new/AutoBuild/UpdateLocalAutoBuild.py:192:19: E1101: Module 'os' has no 'popen4' member; maybe 'popen'? (no-member)
 ************* Module UploadBuildToS3_WithImmediate
-E: 59, 0: Unable to import 'NNALogging' (import-error)
-E: 73, 1: Unable to import 'win32pipe' (import-error)
-E: 74, 1: Unable to import 'win32com' (import-error)
-E: 75, 1: Unable to import 'win32com.client.dynamic' (import-error)
+/home/dmitry/zeev-stxnet/Tools_new/AutoBuild/UploadBuildToS3_WithImmediate.py:31:0: E0401: Unable to import 'popen2' (import-error)
+/home/dmitry/zeev-stxnet/Tools_new/AutoBuild/UploadBuildToS3_WithImmediate.py:32:0: E0401: Unable to import 'sets' (import-error)
+/home/dmitry/zeev-stxnet/Tools_new/AutoBuild/UploadBuildToS3_WithImmediate.py:59:0: E0001: Cannot import 'NNALogging' due to syntax error "(unicode error) 'unicodeescape' codec can't decode bytes in position 206-207: malformed \\N character escape (<unknown>, line 114)" (syntax-error)
+/home/dmitry/zeev-stxnet/Tools_new/AutoBuild/UploadBuildToS3_WithImmediate.py:73:1: E0401: Unable to import 'win32pipe' (import-error)
+/home/dmitry/zeev-stxnet/Tools_new/AutoBuild/UploadBuildToS3_WithImmediate.py:74:1: E0401: Unable to import 'win32com' (import-error)
+/home/dmitry/zeev-stxnet/Tools_new/AutoBuild/UploadBuildToS3_WithImmediate.py:75:1: E0401: Unable to import 'win32com.client.dynamic' (import-error)
+/home/dmitry/zeev-stxnet/Tools_new/AutoBuild/UploadBuildToS3_WithImmediate.py:81:0: E0401: Unable to import 'boto.s3.connection' (import-error)
+/home/dmitry/zeev-stxnet/Tools_new/AutoBuild/UploadBuildToS3_WithImmediate.py:82:0: E0401: Unable to import 'boto.s3.key' (import-error)
+/home/dmitry/zeev-stxnet/Tools_new/AutoBuild/UploadBuildToS3_WithImmediate.py:300:10: E1101: Module 'exceptions' has no 'KeyboardInterrupt' member (no-member)
+/home/dmitry/zeev-stxnet/Tools_new/AutoBuild/UploadBuildToS3_WithImmediate.py:300:40: E1101: Module 'exceptions' has no 'SystemExit' member (no-member)
+/home/dmitry/zeev-stxnet/Tools_new/AutoBuild/UploadBuildToS3_WithImmediate.py:377:10: E1101: Module 'exceptions' has no 'KeyboardInterrupt' member (no-member)
+/home/dmitry/zeev-stxnet/Tools_new/AutoBuild/UploadBuildToS3_WithImmediate.py:377:40: E1101: Module 'exceptions' has no 'SystemExit' member (no-member)
 ************* Module ABCommonUtils
-E: 58, 2: Unable to import 'win32api' (import-error)
-E: 59, 2: Unable to import 'win32con' (import-error)
+/home/dmitry/zeev-stxnet/Tools_new/AutoBuild/ABCommonUtils.py:20:0: E0401: Unable to import 'md5' (import-error)
+/home/dmitry/zeev-stxnet/Tools_new/AutoBuild/ABCommonUtils.py:24:0: E0401: Unable to import 'popen2' (import-error)
+/home/dmitry/zeev-stxnet/Tools_new/AutoBuild/ABCommonUtils.py:58:2: E0401: Unable to import 'win32api' (import-error)
+/home/dmitry/zeev-stxnet/Tools_new/AutoBuild/ABCommonUtils.py:59:2: E0401: Unable to import 'win32con' (import-error)
+/home/dmitry/zeev-stxnet/Tools_new/AutoBuild/ABCommonUtils.py:257:25: E1101: Module 'exceptions' has no 'KeyboardInterrupt' member (no-member)
+/home/dmitry/zeev-stxnet/Tools_new/AutoBuild/ABCommonUtils.py:258:22: E1101: Module 'exceptions' has no 'SystemExit' member (no-member)
+/home/dmitry/zeev-stxnet/Tools_new/AutoBuild/ABCommonUtils.py:401:8: E1101: Module 'string' has no 'lower' member (no-member)
+/home/dmitry/zeev-stxnet/Tools_new/AutoBuild/ABCommonUtils.py:572:15: E1101: Module 'ntpath' has no 'splitunc' member (no-member)
+/home/dmitry/zeev-stxnet/Tools_new/AutoBuild/ABCommonUtils.py:572:15: E1101: Module 'posixpath' has no 'splitunc' member (no-member)
 ************* Module CheckForDuplicate
-E:301, 3: The raise statement is not inside an except clause (misplaced-bare-raise)
+/home/dmitry/zeev-stxnet/Tools_new/AutoBuild/CheckForDuplicate.py:301:3: E0704: The raise statement is not inside an except clause (misplaced-bare-raise)
+************* Module BuildOutputLocationPage.UpdateOutputLocationCache
+/home/dmitry/zeev-stxnet/Tools_new/AutoBuild/BuildOutputLocationPage/UpdateOutputLocationCache.py:25:0: E0401: Unable to import 'boto.s3.connection' (import-error)
+************* Module BuildOutputLocationPage.OutputLocationUtil
+/home/dmitry/zeev-stxnet/Tools_new/AutoBuild/BuildOutputLocationPage/OutputLocationUtil.py:102:0: E0401: Unable to import 'boto' (import-error)
+/home/dmitry/zeev-stxnet/Tools_new/AutoBuild/BuildOutputLocationPage/OutputLocationUtil.py:108:0: E0401: Unable to import 'boto.s3.connection' (import-error)
+/home/dmitry/zeev-stxnet/Tools_new/AutoBuild/BuildOutputLocationPage/OutputLocationUtil.py:109:0: E0401: Unable to import 'boto.s3.key' (import-error)
 ************* Module BuildOutputLocationPage.UpdateOutputLocationPage
-E:351, 3: The raise statement is not inside an except clause (misplaced-bare-raise)
+/home/dmitry/zeev-stxnet/Tools_new/AutoBuild/BuildOutputLocationPage/UpdateOutputLocationPage.py:351:3: E0704: The raise statement is not inside an except clause (misplaced-bare-raise)
 ************* Module ManageSourceForJenkins
-E:1115, 4: The raise statement is not inside an except clause (misplaced-bare-raise)
+/home/dmitry/zeev-stxnet/Tools_new/AutoBuild/ManageSourceForJenkins.py:1115:4: E0704: The raise statement is not inside an except clause (misplaced-bare-raise)
 ************* Module S3Upload
-E: 17, 0: Unable to import 'AutoBuild' (import-error)
-E: 61, 2: Raising unicode while only classes or instances are allowed (raising-bad-type)
-E: 65, 2: Raising unicode while only classes or instances are allowed (raising-bad-type)
-E: 83, 2: Raising unicode while only classes or instances are allowed (raising-bad-type)
+/home/dmitry/zeev-stxnet/Tools_new/AutoBuild/S3Upload.py:15:0: E0401: Unable to import 'md5' (import-error)
+/home/dmitry/zeev-stxnet/Tools_new/AutoBuild/S3Upload.py:17:0: E0401: Unable to import 'AutoBuild' (import-error)
+/home/dmitry/zeev-stxnet/Tools_new/AutoBuild/S3Upload.py:215:17: E1101: Module 'string' has no 'replace' member (no-member)
+/home/dmitry/zeev-stxnet/Tools_new/AutoBuild/S3Upload.py:217:17: E1101: Module 'string' has no 'replace' member (no-member)
 ************* Module CreateJenkinsEmail
-E: 27, 0: Unable to import 'urllib.request' (import-error)
-E: 27, 0: Unable to import 'urllib.parse' (import-error)
-E: 27, 0: Unable to import 'urllib.error' (import-error)
-E:474, 3: The raise statement is not inside an except clause (misplaced-bare-raise)
+/home/dmitry/zeev-stxnet/Tools_new/AutoBuild/CreateJenkinsEmail.py:474:3: E0704: The raise statement is not inside an except clause (misplaced-bare-raise)
 ************* Module VirtualBoxControlForJenkins
-E:160, 3: The raise statement is not inside an except clause (misplaced-bare-raise)
+/home/dmitry/zeev-stxnet/Tools_new/AutoBuild/VirtualBoxControlForJenkins.py:160:3: E0704: The raise statement is not inside an except clause (misplaced-bare-raise)
 ************* Module RenameLocalizedFiles
-E:160, 3: Raising unicode while only classes or instances are allowed (raising-bad-type)
-E:287,20: Value 'lastLine' is unsubscriptable (unsubscriptable-object)
-E:287,47: Value 'lastLine' is unsubscriptable (unsubscriptable-object)
-E:288,31: Value 'lastLine' is unsubscriptable (unsubscriptable-object)
-E:290,113: Value 'lastLine' is unsubscriptable (unsubscriptable-object)
-E:310, 3: Raising unicode while only classes or instances are allowed (raising-bad-type)
+/home/dmitry/zeev-stxnet/Tools_new/AutoBuild/RenameLocalizedFiles.py:496:76: E0001: inconsistent use of tabs and spaces in indentation (<unknown>, line 496) (syntax-error)
 ************* Module BurnDVDs
-E: 63, 1: Unable to import 'pywintypes' (import-error)
-E:201, 2: Raising unicode while only classes or instances are allowed (raising-bad-type)
-E:871, 6: Raising unicode while only classes or instances are allowed (raising-bad-type)
-E:1130, 1: Assigning to function call which doesn't return (assignment-from-no-return)
-E:1230, 2: Assigning to function call which doesn't return (assignment-from-no-return)
-E:1255, 1: Assigning to function call which doesn't return (assignment-from-no-return)
-E:1600, 3: Raising unicode while only classes or instances are allowed (raising-bad-type)
-E:1913, 5: Assigning to function call which doesn't return (assignment-from-no-return)
-E:2004, 2: Raising unicode while only classes or instances are allowed (raising-bad-type)
-E:2041, 2: Raising unicode while only classes or instances are allowed (raising-bad-type)
-E:2263, 3: Raising unicode while only classes or instances are allowed (raising-bad-type)
-E:2278, 2: Raising unicode while only classes or instances are allowed (raising-bad-type)
-E:2372,24: Undefined variable 'stat' (undefined-variable)
-E:2408, 7: Raising unicode while only classes or instances are allowed (raising-bad-type)
-E:2502,11: Raising unicode while only classes or instances are allowed (raising-bad-type)
-E:2523,12: Raising unicode while only classes or instances are allowed (raising-bad-type)
-E:2753, 5: Assigning to function call which doesn't return (assignment-from-no-return)
-E:2807, 6: Raising unicode while only classes or instances are allowed (raising-bad-type)
-E:2927, 2: Raising unicode while only classes or instances are allowed (raising-bad-type)
-E:2942, 3: Raising unicode while only classes or instances are allowed (raising-bad-type)
-E:2947, 3: Raising unicode while only classes or instances are allowed (raising-bad-type)
-E:3173, 1: Assigning to function call which doesn't return (assignment-from-no-return)
-E:3319, 5: Undefined variable 'md5' (undefined-variable)
-E:3727, 2: Assigning to function call which doesn't return (assignment-from-no-return)
-E:3749, 2: Assigning to function call which doesn't return (assignment-from-no-return)
-E:4042, 2: Assigning to function call which doesn't return (assignment-from-no-return)
-E:4043, 2: Assigning to function call which doesn't return (assignment-from-no-return)
-E:4044, 2: Assigning to function call which doesn't return (assignment-from-no-return)
-E:4045, 2: Assigning to function call which doesn't return (assignment-from-no-return)
-E:4046, 2: Assigning to function call which doesn't return (assignment-from-no-return)
-E:4047, 2: Assigning to function call which doesn't return (assignment-from-no-return)
-************* Module BuildParameters
-E: 23, 0: Unable to import 'urllib.request' (import-error)
-E: 23, 0: Unable to import 'urllib.error' (import-error)
-E: 23, 0: Unable to import 'urllib.parse' (import-error)
-E: 59, 0: Unable to import 'NNALogging' (import-error)
-E: 73, 1: Unable to import 'win32pipe' (import-error)
-E: 74, 1: Unable to import 'win32com' (import-error)
-E: 75, 1: Unable to import 'win32com.client.dynamic' (import-error)
-E:416,10: Module 'xmlrpc.server' has no 'SimpleXMLRPCServer' member (no-member)
+/home/dmitry/zeev-stxnet/Tools_new/AutoBuild/BurnDVDs.py:63:1: E0401: Unable to import 'pywintypes' (import-error)
+/home/dmitry/zeev-stxnet/Tools_new/AutoBuild/BurnDVDs.py:539:12: E1101: Module 'string' has no 'split' member (no-member)
+/home/dmitry/zeev-stxnet/Tools_new/AutoBuild/BurnDVDs.py:1130:1: E1111: Assigning result of a function call, where the function has no return (assignment-from-no-return)
+/home/dmitry/zeev-stxnet/Tools_new/AutoBuild/BurnDVDs.py:1230:2: E1111: Assigning result of a function call, where the function has no return (assignment-from-no-return)
+/home/dmitry/zeev-stxnet/Tools_new/AutoBuild/BurnDVDs.py:1255:1: E1111: Assigning result of a function call, where the function has no return (assignment-from-no-return)
+/home/dmitry/zeev-stxnet/Tools_new/AutoBuild/BurnDVDs.py:1655:19: E1101: Module 'exceptions' has no 'OSError' member (no-member)
+/home/dmitry/zeev-stxnet/Tools_new/AutoBuild/BurnDVDs.py:1913:5: E1111: Assigning result of a function call, where the function has no return (assignment-from-no-return)
+/home/dmitry/zeev-stxnet/Tools_new/AutoBuild/BurnDVDs.py:1941:10: E1101: Module 'exceptions' has no 'OSError' member (no-member)
+/home/dmitry/zeev-stxnet/Tools_new/AutoBuild/BurnDVDs.py:2372:24: E0602: Undefined variable 'stat' (undefined-variable)
+/home/dmitry/zeev-stxnet/Tools_new/AutoBuild/BurnDVDs.py:2753:5: E1111: Assigning result of a function call, where the function has no return (assignment-from-no-return)
+/home/dmitry/zeev-stxnet/Tools_new/AutoBuild/BurnDVDs.py:3173:1: E1111: Assigning result of a function call, where the function has no return (assignment-from-no-return)
+/home/dmitry/zeev-stxnet/Tools_new/AutoBuild/BurnDVDs.py:3319:5: E0602: Undefined variable 'md5' (undefined-variable)
+/home/dmitry/zeev-stxnet/Tools_new/AutoBuild/BurnDVDs.py:3727:2: E1111: Assigning result of a function call, where the function has no return (assignment-from-no-return)
+/home/dmitry/zeev-stxnet/Tools_new/AutoBuild/BurnDVDs.py:3749:2: E1111: Assigning result of a function call, where the function has no return (assignment-from-no-return)
+/home/dmitry/zeev-stxnet/Tools_new/AutoBuild/BurnDVDs.py:3936:1: E1101: Module 'ntpath' has no 'walk' member (no-member)
+/home/dmitry/zeev-stxnet/Tools_new/AutoBuild/BurnDVDs.py:3936:1: E1101: Module 'posixpath' has no 'walk' member (no-member)
+/home/dmitry/zeev-stxnet/Tools_new/AutoBuild/BurnDVDs.py:4042:2: E1111: Assigning result of a function call, where the function has no return (assignment-from-no-return)
+/home/dmitry/zeev-stxnet/Tools_new/AutoBuild/BurnDVDs.py:4043:2: E1111: Assigning result of a function call, where the function has no return (assignment-from-no-return)
+/home/dmitry/zeev-stxnet/Tools_new/AutoBuild/BurnDVDs.py:4044:2: E1111: Assigning result of a function call, where the function has no return (assignment-from-no-return)
+/home/dmitry/zeev-stxnet/Tools_new/AutoBuild/BurnDVDs.py:4045:2: E1111: Assigning result of a function call, where the function has no return (assignment-from-no-return)
+/home/dmitry/zeev-stxnet/Tools_new/AutoBuild/BurnDVDs.py:4046:2: E1111: Assigning result of a function call, where the function has no return (assignment-from-no-return)
+/home/dmitry/zeev-stxnet/Tools_new/AutoBuild/BurnDVDs.py:4047:2: E1111: Assigning result of a function call, where the function has no return (assignment-from-no-return)
+/home/dmitry/zeev-stxnet/Tools_new/AutoBuild/UploadScripts/UploadBuildToS3.py:31:0: E0401: Unable to import 'popen2' (import-error)
+/home/dmitry/zeev-stxnet/Tools_new/AutoBuild/UploadScripts/UploadBuildToS3.py:32:0: E0401: Unable to import 'sets' (import-error)
+/home/dmitry/zeev-stxnet/Tools_new/AutoBuild/UploadScripts/UploadBuildToS3.py:59:0: E0001: Cannot import 'NNALogging' due to syntax error "(unicode error) 'unicodeescape' codec can't decode bytes in position 206-207: malformed \\N character escape (<unknown>, line 114)" (syntax-error)
+/home/dmitry/zeev-stxnet/Tools_new/AutoBuild/UploadScripts/UploadBuildToS3.py:73:1: E0401: Unable to import 'win32pipe' (import-error)
+/home/dmitry/zeev-stxnet/Tools_new/AutoBuild/UploadScripts/UploadBuildToS3.py:74:1: E0401: Unable to import 'win32com' (import-error)
+/home/dmitry/zeev-stxnet/Tools_new/AutoBuild/UploadScripts/UploadBuildToS3.py:75:1: E0401: Unable to import 'win32com.client.dynamic' (import-error)
+/home/dmitry/zeev-stxnet/Tools_new/AutoBuild/UploadScripts/UploadBuildToS3.py:81:0: E0401: Unable to import 'boto.s3.connection' (import-error)
+/home/dmitry/zeev-stxnet/Tools_new/AutoBuild/UploadScripts/UploadBuildToS3.py:82:0: E0401: Unable to import 'boto.s3.key' (import-error)
+/home/dmitry/zeev-stxnet/Tools_new/AutoBuild/UploadScripts/UploadBuildToS3.py:249:10: E1101: Module 'exceptions' has no 'KeyboardInterrupt' member (no-member)
+/home/dmitry/zeev-stxnet/Tools_new/AutoBuild/UploadScripts/UploadBuildToS3.py:249:40: E1101: Module 'exceptions' has no 'SystemExit' member (no-member)
+/home/dmitry/zeev-stxnet/Tools_new/AutoBuild/UploadScripts/UploadBuildToS3.py:326:10: E1101: Module 'exceptions' has no 'KeyboardInterrupt' member (no-member)
+/home/dmitry/zeev-stxnet/Tools_new/AutoBuild/UploadScripts/UploadBuildToS3.py:326:40: E1101: Module 'exceptions' has no 'SystemExit' member (no-member)
 ************* Module UploadPackagesDirect
-E: 58, 0: Unable to import 'NNALogging' (import-error)
-E: 73, 1: Unable to import 'win32pipe' (import-error)
-E: 74, 1: Unable to import 'win32com' (import-error)
-E: 75, 1: Unable to import 'win32com.client.dynamic' (import-error)
+/home/dmitry/zeev-stxnet/Tools_new/AutoBuild/UploadScripts/UploadPackagesDirect.py:30:0: E0401: Unable to import 'popen2' (import-error)
+/home/dmitry/zeev-stxnet/Tools_new/AutoBuild/UploadScripts/UploadPackagesDirect.py:31:0: E0401: Unable to import 'sets' (import-error)
+/home/dmitry/zeev-stxnet/Tools_new/AutoBuild/UploadScripts/UploadPackagesDirect.py:58:0: E0001: Cannot import 'NNALogging' due to syntax error "(unicode error) 'unicodeescape' codec can't decode bytes in position 206-207: malformed \\N character escape (<unknown>, line 114)" (syntax-error)
+/home/dmitry/zeev-stxnet/Tools_new/AutoBuild/UploadScripts/UploadPackagesDirect.py:73:1: E0401: Unable to import 'win32pipe' (import-error)
+/home/dmitry/zeev-stxnet/Tools_new/AutoBuild/UploadScripts/UploadPackagesDirect.py:74:1: E0401: Unable to import 'win32com' (import-error)
+/home/dmitry/zeev-stxnet/Tools_new/AutoBuild/UploadScripts/UploadPackagesDirect.py:75:1: E0401: Unable to import 'win32com.client.dynamic' (import-error)
+/home/dmitry/zeev-stxnet/Tools_new/AutoBuild/UploadScripts/UploadPackagesDirect.py:81:0: E0401: Unable to import 'boto.s3.connection' (import-error)
+/home/dmitry/zeev-stxnet/Tools_new/AutoBuild/UploadScripts/UploadPackagesDirect.py:82:0: E0401: Unable to import 'boto.s3.key' (import-error)
+/home/dmitry/zeev-stxnet/Tools_new/AutoBuild/UploadScripts/UploadPackagesDirect.py:300:10: E1101: Module 'exceptions' has no 'KeyboardInterrupt' member (no-member)
+/home/dmitry/zeev-stxnet/Tools_new/AutoBuild/UploadScripts/UploadPackagesDirect.py:300:40: E1101: Module 'exceptions' has no 'SystemExit' member (no-member)
+/home/dmitry/zeev-stxnet/Tools_new/AutoBuild/UploadScripts/UploadPackagesDirect.py:377:10: E1101: Module 'exceptions' has no 'KeyboardInterrupt' member (no-member)
+/home/dmitry/zeev-stxnet/Tools_new/AutoBuild/UploadScripts/UploadPackagesDirect.py:377:40: E1101: Module 'exceptions' has no 'SystemExit' member (no-member)
 ************* Module FileOpenTest
-E: 10, 0: Unable to import 'psutil' (import-error)
-E:130,16: Undefined variable 'vwlogger' (undefined-variable)
-E:130,70: Undefined variable 'vwlogger' (undefined-variable)
+/home/dmitry/zeev-stxnet/Tools_new/AutoTestVW/VWAutomatedTesting/FileOpenTest/FileOpenTest.py:10:0: E0401: Unable to import 'psutil' (import-error)
+/home/dmitry/zeev-stxnet/Tools_new/AutoTestVW/VWAutomatedTesting/FileOpenTest/FileOpenTest.py:130:16: E0602: Undefined variable 'vwlogger' (undefined-variable)
+/home/dmitry/zeev-stxnet/Tools_new/AutoTestVW/VWAutomatedTesting/FileOpenTest/FileOpenTest.py:130:70: E0602: Undefined variable 'vwlogger' (undefined-variable)
 ************* Module BackwardTranslate
-E: 10, 0: Unable to import 'psutil' (import-error)
+/home/dmitry/zeev-stxnet/Tools_new/AutoTestVW/VWAutomatedTesting/FileOpenTest/BackwardTranslate.py:10:0: E0401: Unable to import 'psutil' (import-error)
 ************* Module BadFilesTest
-E: 10, 0: Unable to import 'psutil' (import-error)
-************* Module GetLatestMainline
-E: 23, 0: (unicode error) 'rawunicodeescape' codec can't decode bytes in position 34-35: truncated \uXXXX (<string>, line 23) (syntax-error)
+/home/dmitry/zeev-stxnet/Tools_new/AutoTestVW/VWAutomatedTesting/FileOpenTest/BadFilesTest.py:10:0: E0401: Unable to import 'psutil' (import-error)
 ************* Module util
-E:  8, 0: Unable to import 'psutil' (import-error)
-E: 88,63: Undefined variable 'errno' (undefined-variable)
-E: 89,27: Undefined variable 'stat' (undefined-variable)
-E: 89,41: Undefined variable 'stat' (undefined-variable)
-E: 89,55: Undefined variable 'stat' (undefined-variable)
-E: 92,12: The raise statement is not inside an except clause (misplaced-bare-raise)
+/home/dmitry/zeev-stxnet/Tools_new/AutoTestVW/VWAutomatedTesting/FileOpenTest/util.py:8:0: E0401: Unable to import 'psutil' (import-error)
+/home/dmitry/zeev-stxnet/Tools_new/AutoTestVW/VWAutomatedTesting/FileOpenTest/util.py:88:63: E0602: Undefined variable 'errno' (undefined-variable)
+/home/dmitry/zeev-stxnet/Tools_new/AutoTestVW/VWAutomatedTesting/FileOpenTest/util.py:89:27: E0602: Undefined variable 'stat' (undefined-variable)
+/home/dmitry/zeev-stxnet/Tools_new/AutoTestVW/VWAutomatedTesting/FileOpenTest/util.py:89:41: E0602: Undefined variable 'stat' (undefined-variable)
+/home/dmitry/zeev-stxnet/Tools_new/AutoTestVW/VWAutomatedTesting/FileOpenTest/util.py:89:55: E0602: Undefined variable 'stat' (undefined-variable)
+/home/dmitry/zeev-stxnet/Tools_new/AutoTestVW/VWAutomatedTesting/FileOpenTest/util.py:92:12: E0704: The raise statement is not inside an except clause (misplaced-bare-raise)
 ************* Module automation_test_fileopen
-E: 27, 0: (unicode error) 'rawunicodeescape' codec can't decode bytes in position 34-35: truncated \uXXXX (<string>, line 27) (syntax-error)
-E:  8, 0: Unable to import 'psutil' (import-error)
-E: 83,63: Undefined variable 'errno' (undefined-variable)
-E: 84,27: Undefined variable 'stat' (undefined-variable)
-E: 84,41: Undefined variable 'stat' (undefined-variable)
-E: 84,55: Undefined variable 'stat' (undefined-variable)
-E: 87,12: The raise statement is not inside an except clause (misplaced-bare-raise)
+/home/dmitry/zeev-stxnet/Tools_new/AutoTestVW/VWAutomatedTesting/FileOpenTest/automation_test_fileopen.py:10:0: E0401: Unable to import 'vwlogger' (import-error)
+/home/dmitry/zeev-stxnet/Tools_new/AutoTestVW/VWAutomatedTesting/FileOpenTest/automation_test_fileopen.py:11:0: E0401: Unable to import 'file_open_test' (import-error)
+/home/dmitry/zeev-stxnet/Tools_new/AutoTestVW/VWAutomatedTesting/IrrigationMath/util.py:8:0: E0401: Unable to import 'psutil' (import-error)
+/home/dmitry/zeev-stxnet/Tools_new/AutoTestVW/VWAutomatedTesting/IrrigationMath/util.py:83:63: E0602: Undefined variable 'errno' (undefined-variable)
+/home/dmitry/zeev-stxnet/Tools_new/AutoTestVW/VWAutomatedTesting/IrrigationMath/util.py:84:27: E0602: Undefined variable 'stat' (undefined-variable)
+/home/dmitry/zeev-stxnet/Tools_new/AutoTestVW/VWAutomatedTesting/IrrigationMath/util.py:84:41: E0602: Undefined variable 'stat' (undefined-variable)
+/home/dmitry/zeev-stxnet/Tools_new/AutoTestVW/VWAutomatedTesting/IrrigationMath/util.py:84:55: E0602: Undefined variable 'stat' (undefined-variable)
+/home/dmitry/zeev-stxnet/Tools_new/AutoTestVW/VWAutomatedTesting/IrrigationMath/util.py:87:12: E0704: The raise statement is not inside an except clause (misplaced-bare-raise)
 ************* Module IrrigationMath
-E: 10, 0: Unable to import 'psutil' (import-error)
-E:104, 2: Undefined variable 'vwlogger' (undefined-variable)
-E:104,56: Undefined variable 'vwlogger' (undefined-variable)
+/home/dmitry/zeev-stxnet/Tools_new/AutoTestVW/VWAutomatedTesting/IrrigationMath/IrrigationMath.py:10:0: E0401: Unable to import 'psutil' (import-error)
+/home/dmitry/zeev-stxnet/Tools_new/AutoTestVW/VWAutomatedTesting/IrrigationMath/IrrigationMath.py:104:2: E0602: Undefined variable 'vwlogger' (undefined-variable)
+/home/dmitry/zeev-stxnet/Tools_new/AutoTestVW/VWAutomatedTesting/IrrigationMath/IrrigationMath.py:104:56: E0602: Undefined variable 'vwlogger' (undefined-variable)
 ************* Module CommandsTools
-E: 15, 0: Unable to import 'openpyxl' (import-error)
-E:360,21: Using variable 'list' before assignment (used-before-assignment)
-E:468,21: Using variable 'list' before assignment (used-before-assignment)
+/home/dmitry/zeev-stxnet/Tools_new/AutoTestVW/VWAutomatedTesting/WorkspaceEnum/CommandsTools.py:15:0: E0401: Unable to import 'openpyxl' (import-error)
 ************* Module A2_HelpIDsDiff
-E: 15, 0: Unable to import 'openpyxl' (import-error)
+/home/dmitry/zeev-stxnet/Tools_new/AutoTestVW/VWAutomatedTesting/ExtractHelpIDs/A2_HelpIDsDiff.py:15:0: E0401: Unable to import 'openpyxl' (import-error)
 ************* Module RunForFilesPX
-E:132,61: Using variable 'ch' before assignment (used-before-assignment)
+/home/dmitry/zeev-stxnet/Tools_new/AutoTestVW/VWAutomatedTesting/ExtractHelpIDs/RunForFilesPX.py:132:61: E0601: Using variable 'ch' before assignment (used-before-assignment)
 ************* Module IDutil
-E: 11, 0: Unable to import 'psutil' (import-error)
+/home/dmitry/zeev-stxnet/Tools_new/AutoTestVW/VWAutomatedTesting/ExtractHelpIDs/IDutil.py:11:0: E0401: Unable to import 'psutil' (import-error)
+************* Module dirlist
+/home/dmitry/zeev-stxnet/Tools_new/AutoTestVW/PythonScripts/dirlist.py:28:0: E1101: Module 'ntpath' has no 'walk' member (no-member)
+/home/dmitry/zeev-stxnet/Tools_new/AutoTestVW/PythonScripts/dirlist.py:28:0: E1101: Module 'posixpath' has no 'walk' member (no-member)
+************* Module EncodeFileList
+/home/dmitry/zeev-stxnet/Tools_new/AutoTestVW/PythonScripts/EncodeFileList.py:14:0: E0401: Unable to import 'popen2' (import-error)
+************* Module eggplant
+/home/dmitry/zeev-stxnet/Tools_new/AutoTestVW/PythonScripts/eggplant.py:14:0: E0401: Unable to import 'popen2' (import-error)
+************* Module EncodeTranslateFileList
+/home/dmitry/zeev-stxnet/Tools_new/AutoTestVW/PythonScripts/EncodeTranslateFileList.py:14:0: E0401: Unable to import 'popen2' (import-error)
+************* Module TranslateFiles
+/home/dmitry/zeev-stxnet/Tools_new/AutoTestVW/PythonScripts/TranslateFiles.py:12:0: E0401: Unable to import 'popen2' (import-error)
+************* Module RemoteCommandHost
+/home/dmitry/zeev-stxnet/Tools_new/AutoTestVW/PythonScripts/RemoteCommandHost.py:163:4: E0602: Undefined variable 'reload' (undefined-variable)
 ************* Module ExportImages
-E: 23, 0: Unable to import 'PIL' (import-error)
-E: 24, 0: Unable to import 'PIL' (import-error)
-E: 25, 0: Unable to import 'PIL' (import-error)
-E: 26, 0: Unable to import 'PIL' (import-error)
-E: 27, 0: Unable to import 'PIL' (import-error)
-************* Module test_file_savedviews
-E: 13, 0: Unable to import 'PIL' (import-error)
+/home/dmitry/zeev-stxnet/Tools_new/AutoTestVW/PythonScripts/ExportImages.py:293:50: E0001: inconsistent use of tabs and spaces in indentation (<unknown>, line 293) (syntax-error)
+************* Module EncodeCrossPlatformTranslateFileList
+/home/dmitry/zeev-stxnet/Tools_new/AutoTestVW/PythonScripts/EncodeCrossPlatformTranslateFileList.py:14:0: E0401: Unable to import 'popen2' (import-error)
+************* Module DonneTest
+/home/dmitry/zeev-stxnet/Tools_new/AutoTestVW/PythonScripts/DonneTest.py:12:0: E0401: Unable to import 'popen2' (import-error)
+************* Module eggplant_nightly
+/home/dmitry/zeev-stxnet/Tools_new/AutoTestVW/PythonScripts/eggplant_nightly.py:24:0: E0001: Cannot import 'ExportImages' due to syntax error 'inconsistent use of tabs and spaces in indentation (<unknown>, line 293)' (syntax-error)
+************* Module EncodeSubsetFileList
+/home/dmitry/zeev-stxnet/Tools_new/AutoTestVW/PythonScripts/EncodeSubsetFileList.py:14:0: E0401: Unable to import 'popen2' (import-error)
 ************* Module foundry.subscribers
-E:  8, 0: Unable to import 'akhet.urlgenerator' (import-error)
-E:  9, 0: Unable to import 'pyramid.threadlocal' (import-error)
-E: 10, 0: Unable to import 'pyramid.exceptions' (import-error)
+/home/dmitry/zeev-stxnet/Tools_new/Foundry/FoundryWeb/foundry/subscribers.py:8:0: E0401: Unable to import 'akhet.urlgenerator' (import-error)
+/home/dmitry/zeev-stxnet/Tools_new/Foundry/FoundryWeb/foundry/subscribers.py:9:0: E0401: Unable to import 'pyramid.threadlocal' (import-error)
+/home/dmitry/zeev-stxnet/Tools_new/Foundry/FoundryWeb/foundry/subscribers.py:10:0: E0401: Unable to import 'pyramid.exceptions' (import-error)
 ************* Module foundry.tests
-E: 11, 0: Unable to import 'sqlahelper' (import-error)
-E: 15, 8: Unable to import 'pyramid.config' (import-error)
-E: 29, 8: No name 'MainHandler' in module 'foundry.handlers' (no-name-in-module)
+/home/dmitry/zeev-stxnet/Tools_new/Foundry/FoundryWeb/foundry/tests.py:11:0: E0401: Unable to import 'sqlahelper' (import-error)
+/home/dmitry/zeev-stxnet/Tools_new/Foundry/FoundryWeb/foundry/tests.py:15:8: E0401: Unable to import 'pyramid.config' (import-error)
+/home/dmitry/zeev-stxnet/Tools_new/Foundry/FoundryWeb/foundry/tests.py:29:8: E0611: No name 'MainHandler' in module 'foundry.handlers' (no-name-in-module)
 ************* Module foundry
-E:  8, 0: Unable to import 'pyramid.config' (import-error)
-E:  9, 0: Unable to import 'akhet' (import-error)
-E: 10, 0: Unable to import 'pyramid_beaker' (import-error)
+/home/dmitry/zeev-stxnet/Tools_new/Foundry/FoundryWeb/foundry/__init__.py:8:0: E0401: Unable to import 'pyramid.config' (import-error)
+/home/dmitry/zeev-stxnet/Tools_new/Foundry/FoundryWeb/foundry/__init__.py:9:0: E0401: Unable to import 'akhet' (import-error)
+/home/dmitry/zeev-stxnet/Tools_new/Foundry/FoundryWeb/foundry/__init__.py:10:0: E0401: Unable to import 'pyramid_beaker' (import-error)
 ************* Module foundry.models
-E: 15, 0: Unable to import 'urllib.request' (import-error)
-E: 15, 0: Unable to import 'urllib.error' (import-error)
-E: 15, 0: Unable to import 'urllib.parse' (import-error)
-E: 23, 0: Unable to import 'pyramid.httpexceptions' (import-error)
-E: 24, 0: Unable to import 'buildbot.status' (import-error)
+/home/dmitry/zeev-stxnet/Tools_new/Foundry/FoundryWeb/foundry/models/__init__.py:23:0: E0401: Unable to import 'pyramid.httpexceptions' (import-error)
+/home/dmitry/zeev-stxnet/Tools_new/Foundry/FoundryWeb/foundry/models/__init__.py:24:0: E0401: Unable to import 'buildbot.status' (import-error)
 ************* Module foundry.handlers.main
-E: 12, 0: Unable to import 'pyramid_handlers' (import-error)
+/home/dmitry/zeev-stxnet/Tools_new/Foundry/FoundryWeb/foundry/handlers/main.py:12:0: E0401: Unable to import 'pyramid_handlers' (import-error)
 ************* Module foundry.scripts.create_db
-E: 17, 0: Unable to import 'pyramid.paster' (import-error)
-E: 18, 0: Unable to import 'transaction' (import-error)
-E: 32,17: Module 'foundry.models' has no 'Base' member (no-member)
-E: 38, 4: Module 'foundry.models' has no 'Base' member (no-member)
-E: 39,11: Module 'foundry.models' has no 'Session' member (no-member)
+/home/dmitry/zeev-stxnet/Tools_new/Foundry/FoundryWeb/foundry/scripts/create_db.py:17:0: E0401: Unable to import 'pyramid.paster' (import-error)
+/home/dmitry/zeev-stxnet/Tools_new/Foundry/FoundryWeb/foundry/scripts/create_db.py:18:0: E0401: Unable to import 'transaction' (import-error)
+/home/dmitry/zeev-stxnet/Tools_new/Foundry/FoundryWeb/foundry/scripts/create_db.py:32:17: E1101: Module 'foundry.models' has no 'Base' member (no-member)
+/home/dmitry/zeev-stxnet/Tools_new/Foundry/FoundryWeb/foundry/scripts/create_db.py:38:4: E1101: Module 'foundry.models' has no 'Base' member (no-member)
+/home/dmitry/zeev-stxnet/Tools_new/Foundry/FoundryWeb/foundry/scripts/create_db.py:39:11: E1101: Module 'foundry.models' has no 'Session' member (no-member)
 ************* Module TriggerFileCheck_Debug
-E: 53, 0: Unable to import 'NNALogging' (import-error)
+/home/dmitry/zeev-stxnet/Tools_new/ServerScripts/TriggerFileCheck_Debug.py:53:0: E0001: Cannot import 'NNALogging' due to syntax error "(unicode error) 'unicodeescape' codec can't decode bytes in position 206-207: malformed \\N character escape (<unknown>, line 114)" (syntax-error)
+/home/dmitry/zeev-stxnet/Tools_new/ServerScripts/TriggerFileCheck_Debug.py:60:3: E1101: Module 'string' has no 'lower' member (no-member)
+/home/dmitry/zeev-stxnet/Tools_new/ServerScripts/TriggerFileCheck_Debug.py:1197:10: E1101: Module 'string' has no 'lower' member (no-member)
+/home/dmitry/zeev-stxnet/Tools_new/ServerScripts/TriggerFileCheck_Debug.py:1225:22: E1101: Module 'string' has no 'split' member (no-member)
+/home/dmitry/zeev-stxnet/Tools_new/ServerScripts/TriggerFileCheck_Debug.py:1357:25: E1101: Module 'exceptions' has no 'SystemExit' member (no-member)
 ************* Module PeriodicSync
-E: 28, 0: Unable to import 'MySQLdb' (import-error)
+/home/dmitry/zeev-stxnet/Tools_new/ServerScripts/PeriodicSync.py:28:0: E0401: Unable to import 'MySQLdb' (import-error)
+************* Module MergeReport
+/home/dmitry/zeev-stxnet/Tools_new/ServerScripts/MergeReport.py:1113:2: E1101: Module 'ntpath' has no 'walk' member (no-member)
+/home/dmitry/zeev-stxnet/Tools_new/ServerScripts/MergeReport.py:1113:2: E1101: Module 'posixpath' has no 'walk' member (no-member)
+/home/dmitry/zeev-stxnet/Tools_new/ServerScripts/MergeReport.py:1721:25: E1101: Module 'exceptions' has no 'KeyboardInterrupt' member (no-member)
+/home/dmitry/zeev-stxnet/Tools_new/ServerScripts/MergeReport.py:1721:77: E1101: Module 'exceptions' has no 'SystemExit' member (no-member)
 ************* Module CheckSNChanges
-E: 22, 0: Unable to import 'win32file' (import-error)
-E: 39, 0: Unable to import 'NTPermissions' (import-error)
+/home/dmitry/zeev-stxnet/Tools_new/ServerScripts/CheckSNChanges.py:22:0: E0401: Unable to import 'win32file' (import-error)
+/home/dmitry/zeev-stxnet/Tools_new/ServerScripts/CheckSNChanges.py:39:0: E0001: Cannot import 'NTPermissions' due to syntax error "(unicode error) 'unicodeescape' codec can't decode bytes in position 698-699: truncated \\uXXXX escape (<unknown>, line 14)" (syntax-error)
+/home/dmitry/zeev-stxnet/Tools_new/ServerScripts/CheckSNChanges.py:81:10: E1101: Module 'string' has no 'strip' member (no-member)
+/home/dmitry/zeev-stxnet/Tools_new/ServerScripts/CheckSNChanges.py:94:6: E1101: Module 'string' has no 'find' member (no-member)
+************* Module SyncOnSubmit
+/home/dmitry/zeev-stxnet/Tools_new/ServerScripts/SyncOnSubmit.py:29:24: E1101: Module 'os' has no 'popen4' member; maybe 'popen'? (no-member)
 ************* Module CreatePerforceUser
-E:335, 3: The raise statement is not inside an except clause (misplaced-bare-raise)
+/home/dmitry/zeev-stxnet/Tools_new/ServerScripts/CreatePerforceUser.py:335:3: E0704: The raise statement is not inside an except clause (misplaced-bare-raise)
 ************* Module p4gf_submit_trigger
-E: 17, 0: Bad option value 'W9903' (bad-option-value)
-E:138, 0: Bad option value 'W9903' (bad-option-value)
-E:832, 0: Bad option value 'W9904' (bad-option-value)
-E:116,19: Undefined variable 'ConfigParser' (undefined-variable)
-E:462, 0: No name 'spawn' in module 'distutils' (no-name-in-module)
-E:462, 0: Unable to import 'distutils.spawn' (import-error)
-E:463,14: Module 'distutils' has no 'spawn' member (no-member)
-E:2260,16: Value '_encoding_list' is unsubscriptable (unsubscriptable-object)
-E:2274,17: Value '_encoding_list' is unsubscriptable (unsubscriptable-object)
+/home/dmitry/zeev-stxnet/Tools_new/ServerScripts/p4gf_submit_trigger.py:17:0: E0012: Bad option value 'W9903' (bad-option-value)
+/home/dmitry/zeev-stxnet/Tools_new/ServerScripts/p4gf_submit_trigger.py:138:0: E0012: Bad option value 'W9903' (bad-option-value)
+/home/dmitry/zeev-stxnet/Tools_new/ServerScripts/p4gf_submit_trigger.py:832:0: E0012: Bad option value 'W9904' (bad-option-value)
+/home/dmitry/zeev-stxnet/Tools_new/ServerScripts/p4gf_submit_trigger.py:116:19: E0602: Undefined variable 'ConfigParser' (undefined-variable)
+/home/dmitry/zeev-stxnet/Tools_new/ServerScripts/p4gf_submit_trigger.py:2260:16: E1136: Value '_encoding_list' is unsubscriptable (unsubscriptable-object)
+/home/dmitry/zeev-stxnet/Tools_new/ServerScripts/p4gf_submit_trigger.py:2274:17: E1136: Value '_encoding_list' is unsubscriptable (unsubscriptable-object)
 ************* Module CreatePerforceBranch
-E:498, 3: The raise statement is not inside an except clause (misplaced-bare-raise)
-************* Module TestCommand
-E: 40, 2: Raising unicode while only classes or instances are allowed (raising-bad-type)
+/home/dmitry/zeev-stxnet/Tools_new/ServerScripts/CreatePerforceBranch.py:498:3: E0704: The raise statement is not inside an except clause (misplaced-bare-raise)
 ************* Module AutoImageTestMaster
-E: 92,28: Module 'NNAPasswords' has no 'gJenkinsAPITokenGeneric' member (no-member)
+/home/dmitry/zeev-stxnet/Tools_new/ServerScripts/AutoImageTestMaster.py:92:28: E1101: Module 'NNAPasswords' has no 'gJenkinsAPITokenGeneric' member (no-member)
 ************* Module DRSCalendarToForum
-E: 17, 0: Unable to import 'urllib.request' (import-error)
-E: 17, 0: Unable to import 'urllib.parse' (import-error)
-E: 17, 0: Unable to import 'urllib.error' (import-error)
-E: 17, 0: Unable to import 'urllib.request' (import-error)
-E: 17, 0: Unable to import 'urllib.error' (import-error)
-E: 17, 0: Unable to import 'urllib.parse' (import-error)
-E: 18, 0: Unable to import 'mysql.connector' (import-error)
+/home/dmitry/zeev-stxnet/Tools_new/ServerScripts/DRSCalendarToForum.py:18:0: E0401: Unable to import 'mysql.connector' (import-error)
 ************* Module setup
-E:  8, 0: No name 'core' in module 'distutils' (no-name-in-module)
-E:  8, 0: Unable to import 'distutils.core' (import-error)
-E:  9, 0: Unable to import 'py2exe' (import-error)
+/home/dmitry/zeev-stxnet/Tools_new/ServerScripts/setup.py:9:0: E0401: Unable to import 'py2exe' (import-error)
 ************* Module GetContentChanges
-E:495,12: The raise statement is not inside an except clause (misplaced-bare-raise)
+/home/dmitry/zeev-stxnet/Tools_new/ServerScripts/GetContentChanges.py:495:12: E0704: The raise statement is not inside an except clause (misplaced-bare-raise)
 ************* Module TasksToForum
-E: 17, 0: Unable to import 'urllib.request' (import-error)
-E: 17, 0: Unable to import 'urllib.parse' (import-error)
-E: 17, 0: Unable to import 'urllib.error' (import-error)
-E: 17, 0: Unable to import 'urllib.request' (import-error)
-E: 17, 0: Unable to import 'urllib.error' (import-error)
-E: 17, 0: Unable to import 'urllib.parse' (import-error)
-E: 18, 0: Unable to import 'mysql.connector' (import-error)
-E: 86,17: Module 'NNAPasswords' has no 'gForumPosterID' member (no-member)
-E: 87,15: Module 'NNAPasswords' has no 'gForumApiKey' member (no-member)
-E: 88,21: Module 'NNAPasswords' has no 'gRDSAutomationUser' member (no-member)
-E: 89,21: Module 'NNAPasswords' has no 'gRDSAutomationPass' member (no-member)
-E:445,35: Module 'NNAPasswords' has no 'gAWSTaskUploadAccessKey' member (no-member)
-E:446,39: Module 'NNAPasswords' has no 'gAWSTaskUploadSecretKey' member (no-member)
+/home/dmitry/zeev-stxnet/Tools_new/ServerScripts/TasksToForum.py:18:0: E0401: Unable to import 'mysql.connector' (import-error)
+/home/dmitry/zeev-stxnet/Tools_new/ServerScripts/TasksToForum.py:86:17: E1101: Module 'NNAPasswords' has no 'gForumPosterID' member (no-member)
+/home/dmitry/zeev-stxnet/Tools_new/ServerScripts/TasksToForum.py:87:15: E1101: Module 'NNAPasswords' has no 'gForumApiKey' member (no-member)
+/home/dmitry/zeev-stxnet/Tools_new/ServerScripts/TasksToForum.py:88:21: E1101: Module 'NNAPasswords' has no 'gRDSAutomationUser' member (no-member)
+/home/dmitry/zeev-stxnet/Tools_new/ServerScripts/TasksToForum.py:89:21: E1101: Module 'NNAPasswords' has no 'gRDSAutomationPass' member (no-member)
+/home/dmitry/zeev-stxnet/Tools_new/ServerScripts/TasksToForum.py:445:35: E1101: Module 'NNAPasswords' has no 'gAWSTaskUploadAccessKey' member (no-member)
+/home/dmitry/zeev-stxnet/Tools_new/ServerScripts/TasksToForum.py:446:39: E1101: Module 'NNAPasswords' has no 'gAWSTaskUploadSecretKey' member (no-member)
 ************* Module CheckCDMasters
-E:1469, 0: (unicode error) 'rawunicodeescape' codec can't decode bytes in position 43-44: truncated \uXXXX (<string>, line 1469) (syntax-error)
+/home/dmitry/zeev-stxnet/Tools_new/ServerScripts/CheckCDMasters.py:24:0: E0401: Unable to import 'win32file' (import-error)
+/home/dmitry/zeev-stxnet/Tools_new/ServerScripts/CheckCDMasters.py:47:0: E0001: Cannot import 'NNALogging' due to syntax error "(unicode error) 'unicodeescape' codec can't decode bytes in position 206-207: malformed \\N character escape (<unknown>, line 114)" (syntax-error)
+/home/dmitry/zeev-stxnet/Tools_new/ServerScripts/CheckCDMasters.py:49:0: E0001: Cannot import 'NTPermissions' due to syntax error "(unicode error) 'unicodeescape' codec can't decode bytes in position 698-699: truncated \\uXXXX escape (<unknown>, line 14)" (syntax-error)
+/home/dmitry/zeev-stxnet/Tools_new/ServerScripts/CheckCDMasters.py:203:1: E1101: Module 'ntpath' has no 'walk' member (no-member)
+/home/dmitry/zeev-stxnet/Tools_new/ServerScripts/CheckCDMasters.py:203:1: E1101: Module 'posixpath' has no 'walk' member (no-member)
+/home/dmitry/zeev-stxnet/Tools_new/ServerScripts/CheckCDMasters.py:233:1: E1101: Module 'ntpath' has no 'walk' member (no-member)
+/home/dmitry/zeev-stxnet/Tools_new/ServerScripts/CheckCDMasters.py:233:1: E1101: Module 'posixpath' has no 'walk' member (no-member)
+/home/dmitry/zeev-stxnet/Tools_new/ServerScripts/CheckCDMasters.py:1187:3: E1120: No value for argument 'testInfo' in function call (no-value-for-parameter)
+/home/dmitry/zeev-stxnet/Tools_new/ServerScripts/CheckCDMasters.py:1188:3: E1120: No value for argument 'testInfo' in function call (no-value-for-parameter)
+/home/dmitry/zeev-stxnet/Tools_new/ServerScripts/CheckCDMasters.py:1193:3: E1120: No value for argument 'testInfo' in function call (no-value-for-parameter)
+/home/dmitry/zeev-stxnet/Tools_new/ServerScripts/CheckCDMasters.py:1194:3: E1120: No value for argument 'testInfo' in function call (no-value-for-parameter)
+/home/dmitry/zeev-stxnet/Tools_new/ServerScripts/CheckCDMasters.py:1199:3: E1120: No value for argument 'testInfo' in function call (no-value-for-parameter)
+/home/dmitry/zeev-stxnet/Tools_new/ServerScripts/CheckCDMasters.py:1200:3: E1120: No value for argument 'testInfo' in function call (no-value-for-parameter)
+/home/dmitry/zeev-stxnet/Tools_new/ServerScripts/CheckCDMasters.py:1204:2: E1120: No value for argument 'testInfo' in function call (no-value-for-parameter)
+/home/dmitry/zeev-stxnet/Tools_new/ServerScripts/CheckCDMasters.py:1205:2: E1120: No value for argument 'testInfo' in function call (no-value-for-parameter)
+/home/dmitry/zeev-stxnet/Tools_new/ServerScripts/CheckCDMasters.py:1209:2: E1120: No value for argument 'testInfo' in function call (no-value-for-parameter)
+/home/dmitry/zeev-stxnet/Tools_new/ServerScripts/CheckCDMasters.py:1210:2: E1120: No value for argument 'testInfo' in function call (no-value-for-parameter)
+/home/dmitry/zeev-stxnet/Tools_new/ServerScripts/CheckCDMasters.py:1245:1: E1120: No value for argument 'testInfo' in function call (no-value-for-parameter)
+/home/dmitry/zeev-stxnet/Tools_new/ServerScripts/CheckCDMasters.py:1246:1: E1120: No value for argument 'testInfo' in function call (no-value-for-parameter)
+/home/dmitry/zeev-stxnet/Tools_new/ServerScripts/CheckCDMasters.py:1267:1: E1120: No value for argument 'testInfo' in function call (no-value-for-parameter)
+/home/dmitry/zeev-stxnet/Tools_new/ServerScripts/CheckCDMasters.py:1268:1: E1120: No value for argument 'testInfo' in function call (no-value-for-parameter)
+/home/dmitry/zeev-stxnet/Tools_new/ServerScripts/CheckCDMasters.py:1269:1: E1120: No value for argument 'testInfo' in function call (no-value-for-parameter)
+/home/dmitry/zeev-stxnet/Tools_new/ServerScripts/CheckCDMasters.py:1273:1: E1120: No value for argument 'testInfo' in function call (no-value-for-parameter)
+/home/dmitry/zeev-stxnet/Tools_new/ServerScripts/CheckCDMasters.py:1274:1: E1120: No value for argument 'testInfo' in function call (no-value-for-parameter)
+/home/dmitry/zeev-stxnet/Tools_new/ServerScripts/CheckCDMasters.py:1276:1: E1120: No value for argument 'testInfo' in function call (no-value-for-parameter)
+/home/dmitry/zeev-stxnet/Tools_new/ServerScripts/CheckCDMasters.py:1277:1: E1120: No value for argument 'testInfo' in function call (no-value-for-parameter)
+/home/dmitry/zeev-stxnet/Tools_new/ServerScripts/CheckCDMasters.py:1299:1: E1120: No value for argument 'testInfo' in function call (no-value-for-parameter)
+/home/dmitry/zeev-stxnet/Tools_new/ServerScripts/CheckCDMasters.py:1302:1: E1120: No value for argument 'testInfo' in function call (no-value-for-parameter)
+/home/dmitry/zeev-stxnet/Tools_new/ServerScripts/CheckCDMasters.py:1305:1: E1120: No value for argument 'testInfo' in function call (no-value-for-parameter)
+/home/dmitry/zeev-stxnet/Tools_new/ServerScripts/CheckCDMasters.py:1308:1: E1120: No value for argument 'testInfo' in function call (no-value-for-parameter)
 ************* Module BulkFileTransferManager
-E: 42, 0: Unable to import 'urllib.request' (import-error)
-E: 42, 0: Unable to import 'urllib.parse' (import-error)
-E: 42, 0: Unable to import 'urllib.error' (import-error)
-E: 42, 0: Unable to import 'urllib.request' (import-error)
-E: 42, 0: Unable to import 'urllib.error' (import-error)
-E: 42, 0: Unable to import 'urllib.parse' (import-error)
-E: 54, 0: Unable to import 'ordereddict' (import-error)
-E:106,22: Module 'NNAPasswords' has no 'P4BulkUser' member (no-member)
-E:107,24: Module 'NNAPasswords' has no 'P4BulkPasswd' member (no-member)
-E:110,19: Module 'NNAPasswords' has no 'gJenkinsAPIToken' member (no-member)
-E:359, 8: Catching an exception which doesn't inherit from Exception: ftplib.all_errors (catching-non-exception)
-E:370, 8: Catching an exception which doesn't inherit from Exception: ftplib.all_errors (catching-non-exception)
-E:376, 8: Catching an exception which doesn't inherit from Exception: ftplib.all_errors (catching-non-exception)
-E:1412,35: Module 'NNAPasswords' has no 'S3VSSAccessKey' member (no-member)
-E:1413,39: Module 'NNAPasswords' has no 'S3VSSSecretKey' member (no-member)
-E:1567,13: Module 'NNAPasswords' has no 'P4BulkUser' member (no-member)
-E:1568,17: Module 'NNAPasswords' has no 'P4BulkPasswd' member (no-member)
+/home/dmitry/zeev-stxnet/Tools_new/ServerScripts/BulkFileTransferManager.py:43:0: E0401: Unable to import 'md5' (import-error)
+/home/dmitry/zeev-stxnet/Tools_new/ServerScripts/BulkFileTransferManager.py:53:0: E0401: Unable to import 'configobj' (import-error)
+/home/dmitry/zeev-stxnet/Tools_new/ServerScripts/BulkFileTransferManager.py:54:0: E0401: Unable to import 'ordereddict' (import-error)
+/home/dmitry/zeev-stxnet/Tools_new/ServerScripts/BulkFileTransferManager.py:106:22: E1101: Module 'NNAPasswords' has no 'P4BulkUser' member (no-member)
+/home/dmitry/zeev-stxnet/Tools_new/ServerScripts/BulkFileTransferManager.py:107:24: E1101: Module 'NNAPasswords' has no 'P4BulkPasswd' member (no-member)
+/home/dmitry/zeev-stxnet/Tools_new/ServerScripts/BulkFileTransferManager.py:110:19: E1101: Module 'NNAPasswords' has no 'gJenkinsAPIToken' member (no-member)
+/home/dmitry/zeev-stxnet/Tools_new/ServerScripts/BulkFileTransferManager.py:1412:35: E1101: Module 'NNAPasswords' has no 'S3VSSAccessKey' member (no-member)
+/home/dmitry/zeev-stxnet/Tools_new/ServerScripts/BulkFileTransferManager.py:1413:39: E1101: Module 'NNAPasswords' has no 'S3VSSSecretKey' member (no-member)
+/home/dmitry/zeev-stxnet/Tools_new/ServerScripts/BulkFileTransferManager.py:1567:13: E1101: Module 'NNAPasswords' has no 'P4BulkUser' member (no-member)
+/home/dmitry/zeev-stxnet/Tools_new/ServerScripts/BulkFileTransferManager.py:1568:17: E1101: Module 'NNAPasswords' has no 'P4BulkPasswd' member (no-member)
 ************* Module VSSScheduleService
-E: 24, 0: Unable to import 'pythoncom' (import-error)
-E: 25, 0: Unable to import 'win32serviceutil' (import-error)
-E: 26, 0: Unable to import 'win32service' (import-error)
-E: 27, 0: Unable to import 'win32event' (import-error)
-E: 28, 0: Unable to import 'servicemanager' (import-error)
+/home/dmitry/zeev-stxnet/Tools_new/ServerScripts/VSSScheduleService.py:24:0: E0401: Unable to import 'pythoncom' (import-error)
+/home/dmitry/zeev-stxnet/Tools_new/ServerScripts/VSSScheduleService.py:25:0: E0401: Unable to import 'win32serviceutil' (import-error)
+/home/dmitry/zeev-stxnet/Tools_new/ServerScripts/VSSScheduleService.py:26:0: E0401: Unable to import 'win32service' (import-error)
+/home/dmitry/zeev-stxnet/Tools_new/ServerScripts/VSSScheduleService.py:27:0: E0401: Unable to import 'win32event' (import-error)
+/home/dmitry/zeev-stxnet/Tools_new/ServerScripts/VSSScheduleService.py:28:0: E0401: Unable to import 'servicemanager' (import-error)
 ************* Module RemoveOldBuilds
-E:171,12: The raise statement is not inside an except clause (misplaced-bare-raise)
+/home/dmitry/zeev-stxnet/Tools_new/ServerScripts/RemoveOldBuilds.py:171:12: E0704: The raise statement is not inside an except clause (misplaced-bare-raise)
 ************* Module websync
-E: 30, 0: Unable to import 'MySQLdb' (import-error)
+/home/dmitry/zeev-stxnet/Tools_new/ServerScripts/websync.py:30:0: E0401: Unable to import 'MySQLdb' (import-error)
+/home/dmitry/zeev-stxnet/Tools_new/ServerScripts/websync.py:238:23: E1101: Module 'os' has no 'popen4' member; maybe 'popen'? (no-member)
 ************* Module BFTM_OrderCenter
-E: 27, 0: Unable to import 'urllib.request' (import-error)
-E: 27, 0: Unable to import 'urllib.parse' (import-error)
-E: 27, 0: Unable to import 'urllib.error' (import-error)
-E: 27, 0: Unable to import 'urllib.request' (import-error)
-E: 27, 0: Unable to import 'urllib.error' (import-error)
-E: 27, 0: Unable to import 'urllib.parse' (import-error)
-E: 40, 0: Unable to import 'ordereddict' (import-error)
-E: 92,22: Module 'NNAPasswords' has no 'P4BulkUser' member (no-member)
-E: 93,24: Module 'NNAPasswords' has no 'P4BulkPasswd' member (no-member)
-E: 96,19: Module 'NNAPasswords' has no 'gJenkinsAPIToken' member (no-member)
-E:341, 8: Catching an exception which doesn't inherit from Exception: ftplib.all_errors (catching-non-exception)
-E:352, 8: Catching an exception which doesn't inherit from Exception: ftplib.all_errors (catching-non-exception)
-E:358, 8: Catching an exception which doesn't inherit from Exception: ftplib.all_errors (catching-non-exception)
-E:1320,35: Module 'NNAPasswords' has no 'S3VSSAccessKey' member (no-member)
-E:1321,39: Module 'NNAPasswords' has no 'S3VSSSecretKey' member (no-member)
-E:1475,13: Module 'NNAPasswords' has no 'P4BulkUser' member (no-member)
-E:1476,17: Module 'NNAPasswords' has no 'P4BulkPasswd' member (no-member)
+/home/dmitry/zeev-stxnet/Tools_new/ServerScripts/BFTM_OrderCenter.py:28:0: E0401: Unable to import 'md5' (import-error)
+/home/dmitry/zeev-stxnet/Tools_new/ServerScripts/BFTM_OrderCenter.py:39:0: E0401: Unable to import 'configobj' (import-error)
+/home/dmitry/zeev-stxnet/Tools_new/ServerScripts/BFTM_OrderCenter.py:40:0: E0401: Unable to import 'ordereddict' (import-error)
+/home/dmitry/zeev-stxnet/Tools_new/ServerScripts/BFTM_OrderCenter.py:92:22: E1101: Module 'NNAPasswords' has no 'P4BulkUser' member (no-member)
+/home/dmitry/zeev-stxnet/Tools_new/ServerScripts/BFTM_OrderCenter.py:93:24: E1101: Module 'NNAPasswords' has no 'P4BulkPasswd' member (no-member)
+/home/dmitry/zeev-stxnet/Tools_new/ServerScripts/BFTM_OrderCenter.py:96:19: E1101: Module 'NNAPasswords' has no 'gJenkinsAPIToken' member (no-member)
+/home/dmitry/zeev-stxnet/Tools_new/ServerScripts/BFTM_OrderCenter.py:1320:35: E1101: Module 'NNAPasswords' has no 'S3VSSAccessKey' member (no-member)
+/home/dmitry/zeev-stxnet/Tools_new/ServerScripts/BFTM_OrderCenter.py:1321:39: E1101: Module 'NNAPasswords' has no 'S3VSSSecretKey' member (no-member)
+/home/dmitry/zeev-stxnet/Tools_new/ServerScripts/BFTM_OrderCenter.py:1475:13: E1101: Module 'NNAPasswords' has no 'P4BulkUser' member (no-member)
+/home/dmitry/zeev-stxnet/Tools_new/ServerScripts/BFTM_OrderCenter.py:1476:17: E1101: Module 'NNAPasswords' has no 'P4BulkPasswd' member (no-member)
 ************* Module TriggerFileCheck
-E: 54, 0: Unable to import 'NNALogging' (import-error)
+/home/dmitry/zeev-stxnet/Tools_new/ServerScripts/TriggerFileCheck.py:54:0: E0001: Cannot import 'NNALogging' due to syntax error "(unicode error) 'unicodeescape' codec can't decode bytes in position 206-207: malformed \\N character escape (<unknown>, line 114)" (syntax-error)
+/home/dmitry/zeev-stxnet/Tools_new/ServerScripts/TriggerFileCheck.py:61:3: E1101: Module 'string' has no 'lower' member (no-member)
+/home/dmitry/zeev-stxnet/Tools_new/ServerScripts/TriggerFileCheck.py:1236:10: E1101: Module 'string' has no 'lower' member (no-member)
+/home/dmitry/zeev-stxnet/Tools_new/ServerScripts/TriggerFileCheck.py:1239:17: E1101: Module 'string' has no 'lower' member (no-member)
+/home/dmitry/zeev-stxnet/Tools_new/ServerScripts/TriggerFileCheck.py:1283:22: E1101: Module 'string' has no 'split' member (no-member)
+/home/dmitry/zeev-stxnet/Tools_new/ServerScripts/TriggerFileCheck.py:1415:25: E1101: Module 'exceptions' has no 'SystemExit' member (no-member)
 ************* Module extract_document_summary
-E: 84, 0: Unable to import 'MySQLdb' (import-error)
-E: 85, 0: Unable to import 'win32com.client' (import-error)
+/home/dmitry/zeev-stxnet/Tools_new/ServerScripts/extract_document_summary.py:84:0: E0401: Unable to import 'MySQLdb' (import-error)
+/home/dmitry/zeev-stxnet/Tools_new/ServerScripts/extract_document_summary.py:85:0: E0401: Unable to import 'win32com.client' (import-error)
 ************* Module ExtractSummaries
-E: 26, 0: Unable to import 'MySQLdb' (import-error)
+/home/dmitry/zeev-stxnet/Tools_new/ServerScripts/ExtractSummaries.py:26:0: E0401: Unable to import 'MySQLdb' (import-error)
 ************* Module OrderCenterSchedule
-E: 62, 0: (unicode error) 'unicodeescape' codec can't decode bytes in position 734-735: malformed \N character escape (<string>, line 62) (syntax-error)
-************* Module triggerWadBuild
-E: 58, 2: Unable to import 'urllib.request' (import-error)
-E: 58, 2: Unable to import 'urllib.parse' (import-error)
-E: 58, 2: Unable to import 'urllib.error' (import-error)
+/home/dmitry/zeev-stxnet/Tools_new/ServerScripts/OrderCenterSchedule.py:41:1: E0001: (unicode error) 'unicodeescape' codec can't decode bytes in position 734-735: malformed \N character escape (<unknown>, line 41) (syntax-error)
+************* Module DoxygenGenerate
+/home/dmitry/zeev-stxnet/Tools_new/ServerScripts/DoxygenGenerate.py:42:23: E1101: Module 'os' has no 'popen4' member; maybe 'popen'? (no-member)
+************* Module review
+/home/dmitry/zeev-stxnet/Tools_new/ServerScripts/review.py:274:36: E1101: Module 'string' has no 'rfind' member (no-member)
 ************* Module Scheduler
-E:  8, 0: Unable to import 'apscheduler.schedulers.blocking' (import-error)
+/home/dmitry/zeev-stxnet/Tools_new/VectorWorksTest/Scheduler.py:8:0: E0401: Unable to import 'apscheduler.schedulers.blocking' (import-error)
 ************* Module TestServer
-E:  8, 0: Unable to import 'bottle' (import-error)
-E: 30, 0: function already defined line 18 (function-redefined)
-E: 36, 1: Possible unbalanced tuple unpacking with sequence defined at line 115 of VectorWorksTest: left side has 3 label(s), right side has 4 value(s) (unbalanced-tuple-unpacking)
-E: 52, 0: function already defined line 40 (function-redefined)
+/home/dmitry/zeev-stxnet/Tools_new/VectorWorksTest/TestServer.py:8:0: E0401: Unable to import 'bottle' (import-error)
+/home/dmitry/zeev-stxnet/Tools_new/VectorWorksTest/TestServer.py:30:0: E0102: function already defined line 18 (function-redefined)
+/home/dmitry/zeev-stxnet/Tools_new/VectorWorksTest/TestServer.py:52:0: E0102: function already defined line 40 (function-redefined)
 ************* Module VectorWorksAgent
-E: 10, 0: Unable to import 'psutil' (import-error)
-E: 86,92: Undefined variable 'err' (undefined-variable)
+/home/dmitry/zeev-stxnet/Tools_new/VectorWorksTest/VectorWorksAgent.py:10:0: E0401: Unable to import 'psutil' (import-error)
+/home/dmitry/zeev-stxnet/Tools_new/VectorWorksTest/VectorWorksAgent.py:86:92: E0602: Undefined variable 'err' (undefined-variable)
 ************* Module IDEAgent
-E: 14, 1: Unable to import 'pythoncom' (import-error)
-E: 15, 1: Unable to import 'win32pipe' (import-error)
-E: 16, 1: Unable to import 'win32com' (import-error)
-E: 17, 1: Unable to import 'win32com.client.dynamic' (import-error)
+/home/dmitry/zeev-stxnet/Tools_new/VectorWorksTest/IDEAgent.py:14:1: E0401: Unable to import 'pythoncom' (import-error)
+/home/dmitry/zeev-stxnet/Tools_new/VectorWorksTest/IDEAgent.py:15:1: E0401: Unable to import 'win32pipe' (import-error)
+/home/dmitry/zeev-stxnet/Tools_new/VectorWorksTest/IDEAgent.py:16:1: E0401: Unable to import 'win32com' (import-error)
+/home/dmitry/zeev-stxnet/Tools_new/VectorWorksTest/IDEAgent.py:17:1: E0401: Unable to import 'win32com.client.dynamic' (import-error)
+/home/dmitry/zeev-stxnet/Tools_new/VectorWorksTest/IDEAgent.py:85:17: E1101: Module 'os' has no 'popen4' member; maybe 'popen'? (no-member)
 ************* Module VectorWorksTest
-E: 18, 0: Unable to import 'urllib.request' (import-error)
-E: 18, 0: Unable to import 'urllib.parse' (import-error)
-E: 18, 0: Unable to import 'urllib.error' (import-error)
+/home/dmitry/zeev-stxnet/Tools_new/VectorWorksTest/VectorWorksTest.py:149:16: E1101: Instance of 'VectorWorksAgent' has no 'quit' member (no-member)
 ************* Module build
-E: 11,78: Module 'subprocess' has no 'DEVNULL' member (no-member)
-E: 14, 0: Unable to import 'P4' (import-error)
-************* Module test_random
-E: 45, 8: Module 'subprocess' has no 'run' member (no-member)
-E: 45,60: Module 'subprocess' has no 'DEVNULL' member (no-member)
-E: 52, 8: Module 'subprocess' has no 'run' member (no-member)
-E: 52,48: Module 'subprocess' has no 'DEVNULL' member (no-member)
-E: 62, 9: Context manager 'Pool' doesn't implement __enter__ and __exit__. (not-context-manager)
-E: 72, 4: Module 'subprocess' has no 'run' member (no-member)
-E: 72,71: Module 'subprocess' has no 'DEVNULL' member (no-member)
-E: 72,98: Module 'subprocess' has no 'DEVNULL' member (no-member)
-************* Module contest_lock
-E: 27, 8: Module 'subprocess' has no 'run' member (no-member)
-E: 27,59: Module 'subprocess' has no 'DEVNULL' member (no-member)
-E: 40, 9: Context manager 'Pool' doesn't implement __enter__ and __exit__. (not-context-manager)
-E: 58, 4: Module 'subprocess' has no 'run' member (no-member)
-E: 58,71: Module 'subprocess' has no 'DEVNULL' member (no-member)
-E: 58,98: Module 'subprocess' has no 'DEVNULL' member (no-member)
-************* Module benchmark
-E: 34, 4: Module 'subprocess' has no 'run' member (no-member)
-E: 34,55: Module 'subprocess' has no 'DEVNULL' member (no-member)
-E: 43, 9: Context manager 'Pool' doesn't implement __enter__ and __exit__. (not-context-manager)
-E: 61, 4: Module 'subprocess' has no 'run' member (no-member)
-E: 61,71: Module 'subprocess' has no 'DEVNULL' member (no-member)
-E: 61,98: Module 'subprocess' has no 'DEVNULL' member (no-member)
-************* Module contest_checkout
-E: 27, 8: Module 'subprocess' has no 'run' member (no-member)
-E: 27,59: Module 'subprocess' has no 'DEVNULL' member (no-member)
-E: 40, 9: Context manager 'Pool' doesn't implement __enter__ and __exit__. (not-context-manager)
-E: 58, 4: Module 'subprocess' has no 'run' member (no-member)
-E: 58,71: Module 'subprocess' has no 'DEVNULL' member (no-member)
-E: 58,98: Module 'subprocess' has no 'DEVNULL' member (no-member)
-************* Module concurrent_reads
-E: 27, 8: Module 'subprocess' has no 'run' member (no-member)
-E: 27,59: Module 'subprocess' has no 'DEVNULL' member (no-member)
-E: 40, 9: Context manager 'Pool' doesn't implement __enter__ and __exit__. (not-context-manager)
-E: 55, 4: Module 'subprocess' has no 'run' member (no-member)
-E: 55,71: Module 'subprocess' has no 'DEVNULL' member (no-member)
-E: 55,98: Module 'subprocess' has no 'DEVNULL' member (no-member)
-************* Module end_to_end_tests
-E: 22,78: Module 'subprocess' has no 'DEVNULL' member (no-member)
-E: 43,45: Module 'subprocess' has no 'DEVNULL' member (no-member)
-E: 43,74: Module 'subprocess' has no 'DEVNULL' member (no-member)
-E: 49,12: Module 'subprocess' has no 'run' member (no-member)
-E: 68, 0: Module 'subprocess' has no 'run' member (no-member)
-E: 83,20: Undefined variable 'WindowsError' (undefined-variable)
-E: 83,38: Instance of 'OSError' has no 'winerror' member (no-member)
-E: 11, 0: No name 'command' in module 'distutils' (no-name-in-module)
-E: 11, 0: Unable to import 'distutils.command.build' (import-error)
-E:157, 0: function already defined line 11 (function-redefined)
-************* Module postprocess
-E: 59,20: Instance of 'closing' has no 'write' member (no-member)
+/home/dmitry/zeev-stxnet/Tools_new/ProjectSharingServerPrototype/Client/VWClient/build.py:14:0: E0401: Unable to import 'P4' (import-error)
+/home/dmitry/zeev-stxnet/Tools_new/Jenkins/Vectorworks/setup.py:83:20: E0602: Undefined variable 'WindowsError' (undefined-variable)
+/home/dmitry/zeev-stxnet/Tools_new/Jenkins/Vectorworks/setup.py:83:38: E1101: Instance of 'OSError' has no 'winerror' member (no-member)
+/home/dmitry/zeev-stxnet/Tools_new/Jenkins/Vectorworks/build.py:157:0: E0102: function already defined line 11 (function-redefined)
 ************* Module vwstats.data.external_models
-E: 15, 0: Unable to import 'django.db' (import-error)
+/home/dmitry/zeev-stxnet/Tools_new/VWStats/vwstats/data/external_models.py:15:0: E0401: Unable to import 'django.db' (import-error)
 ************* Module vwstats.data.models
-E: 18, 0: Unable to import 'django.db' (import-error)
-E: 41, 0: Inheriting 'with_metaclass(models.SubfieldBase, models.TextField)', which is not a class. (inherit-non-class)
+/home/dmitry/zeev-stxnet/Tools_new/VWStats/vwstats/data/models.py:18:0: E0401: Unable to import 'django.db' (import-error)
+/home/dmitry/zeev-stxnet/Tools_new/VWStats/vwstats/data/models.py:41:0: E0239: Inheriting 'with_metaclass(models.SubfieldBase, models.TextField)', which is not a class. (inherit-non-class)
 ************* Module vwstats.data.tests
-E: 15, 0: Unable to import 'django.test' (import-error)
+/home/dmitry/zeev-stxnet/Tools_new/VWStats/vwstats/data/tests.py:15:0: E0401: Unable to import 'django.test' (import-error)
 ************* Module vwstats.data.admin
-E: 14, 0: Unable to import 'django.contrib' (import-error)
+/home/dmitry/zeev-stxnet/Tools_new/VWStats/vwstats/data/admin.py:14:0: E0401: Unable to import 'django.contrib' (import-error)
 ************* Module vwstats.data.views
-E: 10, 0: Unable to import 'pyflot' (import-error)
-E: 12, 0: Unable to import 'django' (import-error)
-E: 13, 0: Unable to import 'django.db.models' (import-error)
-E: 14, 0: Unable to import 'django.shortcuts' (import-error)
-E: 15, 0: Unable to import 'django.template.context' (import-error)
+/home/dmitry/zeev-stxnet/Tools_new/VWStats/vwstats/data/views.py:10:0: E0401: Unable to import 'pyflot' (import-error)
+/home/dmitry/zeev-stxnet/Tools_new/VWStats/vwstats/data/views.py:12:0: E0401: Unable to import 'django' (import-error)
+/home/dmitry/zeev-stxnet/Tools_new/VWStats/vwstats/data/views.py:13:0: E0401: Unable to import 'django.db.models' (import-error)
+/home/dmitry/zeev-stxnet/Tools_new/VWStats/vwstats/data/views.py:14:0: E0401: Unable to import 'django.shortcuts' (import-error)
+/home/dmitry/zeev-stxnet/Tools_new/VWStats/vwstats/data/views.py:15:0: E0401: Unable to import 'django.template.context' (import-error)
 ************* Module vwstats.data.refine
-E: 14, 0: Unable to import 'django.db' (import-error)
+/home/dmitry/zeev-stxnet/Tools_new/VWStats/vwstats/data/refine.py:14:0: E0401: Unable to import 'django.db' (import-error)
 ************* Module vwstats.urls
-E:  8, 0: Unable to import 'django.conf.urls.defaults' (import-error)
-E: 11, 0: Unable to import 'django.contrib' (import-error)
+/home/dmitry/zeev-stxnet/Tools_new/VWStats/vwstats/urls.py:8:0: E0401: Unable to import 'django.conf.urls.defaults' (import-error)
+/home/dmitry/zeev-stxnet/Tools_new/VWStats/vwstats/urls.py:11:0: E0401: Unable to import 'django.contrib' (import-error)
 ************* Module vwstats.manage
-E:  9, 0: Unable to import 'django.core.management' (import-error)
+/home/dmitry/zeev-stxnet/Tools_new/VWStats/vwstats/manage.py:9:0: E0401: Unable to import 'django.core.management' (import-error)
+************* Module VisualStudioUtilities
+/home/dmitry/zeev-stxnet/Tools_new/Libraries/VisualStudioUtilities.py:72:2: E0602: Undefined variable 'sys' (undefined-variable)
+/home/dmitry/zeev-stxnet/Tools_new/Libraries/VisualStudioUtilities.py:117:2: E0602: Undefined variable 'sys' (undefined-variable)
+/home/dmitry/zeev-stxnet/Tools_new/Libraries/VisualStudioUtilities.py:152:2: E0602: Undefined variable 'sys' (undefined-variable)
+************* Module RemoveSCCBindings
+/home/dmitry/zeev-stxnet/Tools_new/Libraries/RemoveSCCBindings.py:77:2: E0602: Undefined variable 'sys' (undefined-variable)
+/home/dmitry/zeev-stxnet/Tools_new/Libraries/RemoveSCCBindings.py:123:2: E0602: Undefined variable 'sys' (undefined-variable)
+/home/dmitry/zeev-stxnet/Tools_new/Libraries/RemoveSCCBindings.py:159:2: E0602: Undefined variable 'sys' (undefined-variable)
 ************* Module VectorVersion.VectorVersion
-E: 30, 0: Unable to import 'ordereddict' (import-error)
-************* Module BuildRequest.BuildRequest
-E: 14, 0: Unable to import 'urllib.request' (import-error)
-E: 14, 0: Unable to import 'urllib.parse' (import-error)
-E: 14, 0: Unable to import 'urllib.error' (import-error)
+/home/dmitry/zeev-stxnet/Tools_new/Libraries/VectorVersion/VectorVersion.py:29:0: E0401: Unable to import 'configobj' (import-error)
+/home/dmitry/zeev-stxnet/Tools_new/Libraries/VectorVersion/VectorVersion.py:30:0: E0401: Unable to import 'ordereddict' (import-error)
 ************* Module TrelloParser
-E: 12, 0: Unable to import 'urllib.request' (import-error)
-E: 12, 0: Unable to import 'urllib.error' (import-error)
-E: 12, 0: Unable to import 'urllib.parse' (import-error)
-E: 42, 8: Undefined variable 'ABError' (undefined-variable)
-E:169, 7: Instance of 'IOError' has no 'code' member (no-member)
-E:169, 7: Instance of 'OSError' has no 'code' member (no-member)
-E:171,11: Instance of 'IOError' has no 'code' member (no-member)
-E:171,11: Instance of 'OSError' has no 'code' member (no-member)
-E:173,11: Instance of 'OSError' has no 'headers' member (no-member)
-E:173,11: Instance of 'IOError' has no 'headers' member (no-member)
-E:174,11: Instance of 'IOError' has no 'headers' member (no-member)
-E:174,11: Instance of 'OSError' has no 'headers' member (no-member)
-************* Module NNAResources.NNAResources
-E: 13, 0: Unable to import 'urllib.request' (import-error)
-E: 13, 0: Unable to import 'urllib.error' (import-error)
-E: 13, 0: Unable to import 'urllib.parse' (import-error)
+/home/dmitry/zeev-stxnet/Tools_new/Libraries/TrelloParser.py:42:8: E0602: Undefined variable 'ABError' (undefined-variable)
+/home/dmitry/zeev-stxnet/Tools_new/Libraries/TrelloParser.py:165:9: E1101: Instance of 'OSError' has no 'message' member (no-member)
+/home/dmitry/zeev-stxnet/Tools_new/Libraries/TrelloParser.py:169:7: E1101: Instance of 'OSError' has no 'code' member (no-member)
+/home/dmitry/zeev-stxnet/Tools_new/Libraries/TrelloParser.py:171:11: E1101: Instance of 'OSError' has no 'code' member (no-member)
+/home/dmitry/zeev-stxnet/Tools_new/Libraries/TrelloParser.py:173:11: E1101: Instance of 'OSError' has no 'headers' member (no-member)
+/home/dmitry/zeev-stxnet/Tools_new/Libraries/TrelloParser.py:174:11: E1101: Instance of 'OSError' has no 'headers' member (no-member)
 ************* Module buildpath.unittests
-E: 53,28: Too many positional arguments for constructor call (too-many-function-args)
+/home/dmitry/zeev-stxnet/Tools_new/Libraries/buildpath/unittests.py:53:28: E1121: Too many positional arguments for constructor call (too-many-function-args)
 ************* Module buildpath.buildpath
-E: 71,52: Module 'NNAPasswords' has no 'BuildDatabase' member (no-member)
-E: 72,32: Module 'NNAPasswords' has no 'BuildDatabase' member (no-member)
+/home/dmitry/zeev-stxnet/Tools_new/Libraries/buildpath/buildpath.py:71:52: E1101: Module 'NNAPasswords' has no 'BuildDatabase' member (no-member)
+/home/dmitry/zeev-stxnet/Tools_new/Libraries/buildpath/buildpath.py:72:32: E1101: Module 'NNAPasswords' has no 'BuildDatabase' member (no-member)
 ************* Module CompareFolderUtilities
-E: 57, 2: Unable to import 'macostools' (import-error)
-E: 58, 2: Unable to import 'Carbon.File' (import-error)
-E: 60, 8: Using variable 'CFUError' before assignment (used-before-assignment)
-E:887,12: Undefined variable 'afpContent' (undefined-variable)
-E:953,31: Undefined variable 'matchTypeList' (undefined-variable)
-E:1643, 4: Unable to import 'xattr' (import-error)
-E:1689,10: zipfile is not callable (not-callable)
-E:1709,53: Undefined variable 'fileSize' (undefined-variable)
-E:2572,18: Undefined variable 'BuildUtilities' (undefined-variable)
-E:2575, 3: Undefined variable 'masg' (undefined-variable)
+/home/dmitry/zeev-stxnet/Tools_new/Libraries/CompareFolderUtilities.py:30:0: E0401: Unable to import 'md5' (import-error)
+/home/dmitry/zeev-stxnet/Tools_new/Libraries/CompareFolderUtilities.py:33:0: E0401: Unable to import 'popen2' (import-error)
+/home/dmitry/zeev-stxnet/Tools_new/Libraries/CompareFolderUtilities.py:57:2: E0401: Unable to import 'macostools' (import-error)
+/home/dmitry/zeev-stxnet/Tools_new/Libraries/CompareFolderUtilities.py:58:2: E0401: Unable to import 'Carbon.File' (import-error)
+/home/dmitry/zeev-stxnet/Tools_new/Libraries/CompareFolderUtilities.py:60:8: E0601: Using variable 'CFUError' before assignment (used-before-assignment)
+/home/dmitry/zeev-stxnet/Tools_new/Libraries/CompareFolderUtilities.py:130:5: E1101: Module 'string' has no 'split' member (no-member)
+/home/dmitry/zeev-stxnet/Tools_new/Libraries/CompareFolderUtilities.py:135:5: E1101: Module 'string' has no 'split' member (no-member)
+/home/dmitry/zeev-stxnet/Tools_new/Libraries/CompareFolderUtilities.py:140:5: E1101: Module 'string' has no 'split' member (no-member)
+/home/dmitry/zeev-stxnet/Tools_new/Libraries/CompareFolderUtilities.py:141:8: E1101: Module 'string' has no 'join' member (no-member)
+/home/dmitry/zeev-stxnet/Tools_new/Libraries/CompareFolderUtilities.py:146:5: E1101: Module 'string' has no 'split' member (no-member)
+/home/dmitry/zeev-stxnet/Tools_new/Libraries/CompareFolderUtilities.py:147:8: E1101: Module 'string' has no 'join' member (no-member)
+/home/dmitry/zeev-stxnet/Tools_new/Libraries/CompareFolderUtilities.py:437:5: E1101: Module 'string' has no 'find' member (no-member)
+/home/dmitry/zeev-stxnet/Tools_new/Libraries/CompareFolderUtilities.py:887:12: E0602: Undefined variable 'afpContent' (undefined-variable)
+/home/dmitry/zeev-stxnet/Tools_new/Libraries/CompareFolderUtilities.py:953:31: E0602: Undefined variable 'matchTypeList' (undefined-variable)
+/home/dmitry/zeev-stxnet/Tools_new/Libraries/CompareFolderUtilities.py:1197:2: E1101: Module 'ntpath' has no 'walk' member (no-member)
+/home/dmitry/zeev-stxnet/Tools_new/Libraries/CompareFolderUtilities.py:1197:2: E1101: Module 'posixpath' has no 'walk' member (no-member)
+/home/dmitry/zeev-stxnet/Tools_new/Libraries/CompareFolderUtilities.py:1201:1: E1101: Module 'ntpath' has no 'walk' member (no-member)
+/home/dmitry/zeev-stxnet/Tools_new/Libraries/CompareFolderUtilities.py:1201:1: E1101: Module 'posixpath' has no 'walk' member (no-member)
+/home/dmitry/zeev-stxnet/Tools_new/Libraries/CompareFolderUtilities.py:1269:4: E1101: Module 'ntpath' has no 'walk' member (no-member)
+/home/dmitry/zeev-stxnet/Tools_new/Libraries/CompareFolderUtilities.py:1269:4: E1101: Module 'posixpath' has no 'walk' member (no-member)
+/home/dmitry/zeev-stxnet/Tools_new/Libraries/CompareFolderUtilities.py:1346:2: E1101: Module 'ntpath' has no 'walk' member (no-member)
+/home/dmitry/zeev-stxnet/Tools_new/Libraries/CompareFolderUtilities.py:1346:2: E1101: Module 'posixpath' has no 'walk' member (no-member)
+/home/dmitry/zeev-stxnet/Tools_new/Libraries/CompareFolderUtilities.py:1544:1: E1101: Module 'ntpath' has no 'walk' member (no-member)
+/home/dmitry/zeev-stxnet/Tools_new/Libraries/CompareFolderUtilities.py:1544:1: E1101: Module 'posixpath' has no 'walk' member (no-member)
+/home/dmitry/zeev-stxnet/Tools_new/Libraries/CompareFolderUtilities.py:1580:1: E1101: Module 'ntpath' has no 'walk' member (no-member)
+/home/dmitry/zeev-stxnet/Tools_new/Libraries/CompareFolderUtilities.py:1580:1: E1101: Module 'posixpath' has no 'walk' member (no-member)
+/home/dmitry/zeev-stxnet/Tools_new/Libraries/CompareFolderUtilities.py:1588:8: E1101: Module 'string' has no 'lower' member (no-member)
+/home/dmitry/zeev-stxnet/Tools_new/Libraries/CompareFolderUtilities.py:1643:4: E0401: Unable to import 'xattr' (import-error)
+/home/dmitry/zeev-stxnet/Tools_new/Libraries/CompareFolderUtilities.py:1689:10: E1102: zipfile is not callable (not-callable)
+/home/dmitry/zeev-stxnet/Tools_new/Libraries/CompareFolderUtilities.py:1709:53: E0602: Undefined variable 'fileSize' (undefined-variable)
+/home/dmitry/zeev-stxnet/Tools_new/Libraries/CompareFolderUtilities.py:1730:19: E1101: Module 'string' has no 'split' member (no-member)
+/home/dmitry/zeev-stxnet/Tools_new/Libraries/CompareFolderUtilities.py:1824:9: E1101: Module 'ntpath' has no 'walk' member (no-member)
+/home/dmitry/zeev-stxnet/Tools_new/Libraries/CompareFolderUtilities.py:1824:9: E1101: Module 'posixpath' has no 'walk' member (no-member)
+/home/dmitry/zeev-stxnet/Tools_new/Libraries/CompareFolderUtilities.py:1905:2: E1101: Module 'ntpath' has no 'walk' member (no-member)
+/home/dmitry/zeev-stxnet/Tools_new/Libraries/CompareFolderUtilities.py:1905:2: E1101: Module 'posixpath' has no 'walk' member (no-member)
+/home/dmitry/zeev-stxnet/Tools_new/Libraries/CompareFolderUtilities.py:1914:10: E1101: Module 'string' has no 'replace' member (no-member)
+/home/dmitry/zeev-stxnet/Tools_new/Libraries/CompareFolderUtilities.py:2572:18: E0602: Undefined variable 'BuildUtilities' (undefined-variable)
 ************* Module zinstaller.gui
-E:790,10: Value 'self.data' is unsubscriptable (unsubscriptable-object)
-E:820, 2: 'self.data' does not support item assignment (unsupported-assignment-operation)
-E:832,17: Value 'self.data' is unsubscriptable (unsubscriptable-object)
-E:1043,10: Value 'self.data' is unsubscriptable (unsubscriptable-object)
-E:1061, 2: 'self.data' does not support item assignment (unsupported-assignment-operation)
-E:1069,17: Value 'self.data' is unsubscriptable (unsubscriptable-object)
-E:1197, 2: Value 'self.data' is unsubscriptable (unsubscriptable-object)
-E:1206,21: Value 'self.data' is unsubscriptable (unsubscriptable-object)
-E:1208, 4: Value 'self.data' is unsubscriptable (unsubscriptable-object)
-E:1210, 4: Value 'self.data' is unsubscriptable (unsubscriptable-object)
-E:1218, 2: Value 'self.data' is unsubscriptable (unsubscriptable-object)
-E:1232,21: Value 'self.data' is unsubscriptable (unsubscriptable-object)
-E:1233,28: Value 'self.data' is unsubscriptable (unsubscriptable-object)
-E:1236,21: Value 'self.data' is unsubscriptable (unsubscriptable-object)
-E:1237,28: Value 'self.data' is unsubscriptable (unsubscriptable-object)
-E:1421,21: Value 'self.data' is unsubscriptable (unsubscriptable-object)
-E:1422, 3: Value 'self.data' is unsubscriptable (unsubscriptable-object)
-E:1432, 2: Value 'self.data' is unsubscriptable (unsubscriptable-object)
-E:1455,22: Value 'self.data' is unsubscriptable (unsubscriptable-object)
-E:1457, 7: Value 'self.data' is unsubscriptable (unsubscriptable-object)
-E:2654,24: Undefined variable 'datetime' (undefined-variable)
-E:2657,24: Undefined variable 'math' (undefined-variable)
-E:2660,26: Undefined variable 'math' (undefined-variable)
+/home/dmitry/zeev-stxnet/Tools_new/Libraries/zinstaller/gui.py:36:0: E0401: Unable to import 'wx' (import-error)
+/home/dmitry/zeev-stxnet/Tools_new/Libraries/zinstaller/gui.py:37:0: E0401: Unable to import 'wx.lib.newevent' (import-error)
+/home/dmitry/zeev-stxnet/Tools_new/Libraries/zinstaller/gui.py:38:0: E0401: Unable to import 'wx.lib.customtreectrl' (import-error)
+/home/dmitry/zeev-stxnet/Tools_new/Libraries/zinstaller/gui.py:653:2: E1128: Assigning result of a function call, where the function returns None (assignment-from-none)
+/home/dmitry/zeev-stxnet/Tools_new/Libraries/zinstaller/gui.py:790:10: E1136: Value 'self.data' is unsubscriptable (unsubscriptable-object)
+/home/dmitry/zeev-stxnet/Tools_new/Libraries/zinstaller/gui.py:820:2: E1137: 'self.data' does not support item assignment (unsupported-assignment-operation)
+/home/dmitry/zeev-stxnet/Tools_new/Libraries/zinstaller/gui.py:832:17: E1136: Value 'self.data' is unsubscriptable (unsubscriptable-object)
+/home/dmitry/zeev-stxnet/Tools_new/Libraries/zinstaller/gui.py:1043:10: E1136: Value 'self.data' is unsubscriptable (unsubscriptable-object)
+/home/dmitry/zeev-stxnet/Tools_new/Libraries/zinstaller/gui.py:1061:2: E1137: 'self.data' does not support item assignment (unsupported-assignment-operation)
+/home/dmitry/zeev-stxnet/Tools_new/Libraries/zinstaller/gui.py:1069:17: E1136: Value 'self.data' is unsubscriptable (unsubscriptable-object)
+/home/dmitry/zeev-stxnet/Tools_new/Libraries/zinstaller/gui.py:1183:6: E1101: Instance of 'NodeInputStringsAndChoices' has no 'stringIDs' member (no-member)
+/home/dmitry/zeev-stxnet/Tools_new/Libraries/zinstaller/gui.py:1183:29: E1101: Instance of 'NodeInputStringsAndChoices' has no 'stringIDs' member (no-member)
+/home/dmitry/zeev-stxnet/Tools_new/Libraries/zinstaller/gui.py:1187:7: E1101: Instance of 'NodeInputStringsAndChoices' has no 'choiceIDs' member (no-member)
+/home/dmitry/zeev-stxnet/Tools_new/Libraries/zinstaller/gui.py:1187:30: E1101: Instance of 'NodeInputStringsAndChoices' has no 'choiceIDs' member (no-member)
+/home/dmitry/zeev-stxnet/Tools_new/Libraries/zinstaller/gui.py:1190:7: E1101: Instance of 'NodeInputStringsAndChoices' has no 'choiceIDs' member (no-member)
+/home/dmitry/zeev-stxnet/Tools_new/Libraries/zinstaller/gui.py:1190:30: E1101: Instance of 'NodeInputStringsAndChoices' has no 'choiceIDs' member (no-member)
+/home/dmitry/zeev-stxnet/Tools_new/Libraries/zinstaller/gui.py:1197:2: E1136: Value 'self.data' is unsubscriptable (unsubscriptable-object)
+/home/dmitry/zeev-stxnet/Tools_new/Libraries/zinstaller/gui.py:1206:21: E1136: Value 'self.data' is unsubscriptable (unsubscriptable-object)
+/home/dmitry/zeev-stxnet/Tools_new/Libraries/zinstaller/gui.py:1208:4: E1136: Value 'self.data' is unsubscriptable (unsubscriptable-object)
+/home/dmitry/zeev-stxnet/Tools_new/Libraries/zinstaller/gui.py:1210:4: E1136: Value 'self.data' is unsubscriptable (unsubscriptable-object)
+/home/dmitry/zeev-stxnet/Tools_new/Libraries/zinstaller/gui.py:1218:2: E1136: Value 'self.data' is unsubscriptable (unsubscriptable-object)
+/home/dmitry/zeev-stxnet/Tools_new/Libraries/zinstaller/gui.py:1232:21: E1136: Value 'self.data' is unsubscriptable (unsubscriptable-object)
+/home/dmitry/zeev-stxnet/Tools_new/Libraries/zinstaller/gui.py:1233:28: E1136: Value 'self.data' is unsubscriptable (unsubscriptable-object)
+/home/dmitry/zeev-stxnet/Tools_new/Libraries/zinstaller/gui.py:1236:21: E1136: Value 'self.data' is unsubscriptable (unsubscriptable-object)
+/home/dmitry/zeev-stxnet/Tools_new/Libraries/zinstaller/gui.py:1237:28: E1136: Value 'self.data' is unsubscriptable (unsubscriptable-object)
+/home/dmitry/zeev-stxnet/Tools_new/Libraries/zinstaller/gui.py:1421:21: E1136: Value 'self.data' is unsubscriptable (unsubscriptable-object)
+/home/dmitry/zeev-stxnet/Tools_new/Libraries/zinstaller/gui.py:1422:3: E1136: Value 'self.data' is unsubscriptable (unsubscriptable-object)
+/home/dmitry/zeev-stxnet/Tools_new/Libraries/zinstaller/gui.py:1432:2: E1136: Value 'self.data' is unsubscriptable (unsubscriptable-object)
+/home/dmitry/zeev-stxnet/Tools_new/Libraries/zinstaller/gui.py:1455:22: E1136: Value 'self.data' is unsubscriptable (unsubscriptable-object)
+/home/dmitry/zeev-stxnet/Tools_new/Libraries/zinstaller/gui.py:1457:7: E1136: Value 'self.data' is unsubscriptable (unsubscriptable-object)
+/home/dmitry/zeev-stxnet/Tools_new/Libraries/zinstaller/gui.py:2654:24: E0602: Undefined variable 'datetime' (undefined-variable)
+/home/dmitry/zeev-stxnet/Tools_new/Libraries/zinstaller/gui.py:2657:24: E0602: Undefined variable 'math' (undefined-variable)
+/home/dmitry/zeev-stxnet/Tools_new/Libraries/zinstaller/gui.py:2660:26: E0602: Undefined variable 'math' (undefined-variable)
+************* Module build_docs
+/home/dmitry/zeev-stxnet/Tools_new/Libraries/zinstaller/docs/build_docs.py:28:8: E0602: Undefined variable 'file' (undefined-variable)
+/home/dmitry/zeev-stxnet/Tools_new/Libraries/zinstaller/docs/build_docs.py:44:8: E0602: Undefined variable 'file' (undefined-variable)
+/home/dmitry/zeev-stxnet/Tools_new/Libraries/zinstaller/docs/build_docs.py:49:8: E0602: Undefined variable 'file' (undefined-variable)
+/home/dmitry/zeev-stxnet/Tools_new/Libraries/zinstaller/docs/build_docs.py:71:8: E0602: Undefined variable 'file' (undefined-variable)
 ************* Module zinstaller.installerlib
-E: 35, 4: Unable to import 'win32com.shell' (import-error)
-E: 36, 4: Unable to import 'winshell' (import-error)
-E: 37, 4: Unable to import 'pythoncom' (import-error)
-E:215,16: Module 'winreg' has no 'OpenKey' member (no-member)
-E:216, 2: Module 'winreg' has no 'KEY_WRITE' member (no-member)
-E:218, 4: Module 'winreg' has no 'SetValueEx' member (no-member)
-E:221, 4: Module 'winreg' has no 'FlushKey' member (no-member)
-E:235,13: Module 'winreg' has no 'OpenKey' member (no-member)
-E:236, 2: Module 'winreg' has no 'KEY_CREATE_SUB_KEY' member (no-member)
-E:238, 8: Module 'winreg' has no 'CreateKey' member (no-member)
-E:252,16: Module 'winreg' has no 'OpenKey' member (no-member)
-E:256,30: Module 'winreg' has no 'EnumValue' member (no-member)
-E:258,11: Undefined variable 'WindowsError' (undefined-variable)
-E:259, 8: Module 'winreg' has no 'CloseKey' member (no-member)
-E:273,45: Undefined variable '_winreg' (undefined-variable)
-E:274,17: Undefined variable '_winreg' (undefined-variable)
-E:354,21: Undefined variable 'ReadFromRegistryValue' (undefined-variable)
-E:356, 7: Undefined variable 'retrivedValue' (undefined-variable)
-E:475,61: sys.platform is not callable (not-callable)
-E:484,61: sys.platform is not callable (not-callable)
+/home/dmitry/zeev-stxnet/Tools_new/Libraries/zinstaller/installerlib.py:34:4: E0401: Unable to import 'winreg' (import-error)
+/home/dmitry/zeev-stxnet/Tools_new/Libraries/zinstaller/installerlib.py:35:4: E0401: Unable to import 'win32com.shell' (import-error)
+/home/dmitry/zeev-stxnet/Tools_new/Libraries/zinstaller/installerlib.py:36:4: E0401: Unable to import 'winshell' (import-error)
+/home/dmitry/zeev-stxnet/Tools_new/Libraries/zinstaller/installerlib.py:37:4: E0401: Unable to import 'pythoncom' (import-error)
+/home/dmitry/zeev-stxnet/Tools_new/Libraries/zinstaller/installerlib.py:258:11: E0602: Undefined variable 'WindowsError' (undefined-variable)
+/home/dmitry/zeev-stxnet/Tools_new/Libraries/zinstaller/installerlib.py:273:45: E0602: Undefined variable '_winreg' (undefined-variable)
+/home/dmitry/zeev-stxnet/Tools_new/Libraries/zinstaller/installerlib.py:274:17: E0602: Undefined variable '_winreg' (undefined-variable)
+/home/dmitry/zeev-stxnet/Tools_new/Libraries/zinstaller/installerlib.py:354:21: E0602: Undefined variable 'ReadFromRegistryValue' (undefined-variable)
+/home/dmitry/zeev-stxnet/Tools_new/Libraries/zinstaller/installerlib.py:356:7: E0602: Undefined variable 'retrivedValue' (undefined-variable)
+/home/dmitry/zeev-stxnet/Tools_new/Libraries/zinstaller/installerlib.py:475:61: E1102: sys.platform is not callable (not-callable)
+/home/dmitry/zeev-stxnet/Tools_new/Libraries/zinstaller/installerlib.py:484:61: E1102: sys.platform is not callable (not-callable)
 ************* Module zinstaller.build
-E: 63, 1: No name 'core' in module 'distutils' (no-name-in-module)
-E: 63, 1: Unable to import 'distutils.core' (import-error)
-E: 64, 1: Unable to import 'py2exe' (import-error)
-E:228,14: list is not callable (not-callable)
+/home/dmitry/zeev-stxnet/Tools_new/Libraries/zinstaller/build.py:64:1: E0401: Unable to import 'py2exe' (import-error)
+/home/dmitry/zeev-stxnet/Tools_new/Libraries/zinstaller/build.py:228:14: E1102: list is not callable (not-callable)
 ************* Module zinstaller.nodes
-E:261, 4: 'self.data' does not support item assignment (unsupported-assignment-operation)
-E:351, 4: 'self.data' does not support item assignment (unsupported-assignment-operation)
-E:405,24: Value 'self.data' is unsubscriptable (unsubscriptable-object)
-E:406, 4: Value 'self.data' is unsubscriptable (unsubscriptable-object)
-E:420,24: Value 'self.data' is unsubscriptable (unsubscriptable-object)
-E:421, 4: Value 'self.data' is unsubscriptable (unsubscriptable-object)
-E:523,21: Value 'self.data' doesn't support membership test (unsupported-membership-test)
-E:524, 4: 'self.data' does not support item assignment (unsupported-assignment-operation)
-E:526,25: Value 'self.data' is unsubscriptable (unsubscriptable-object)
-E:527, 5: Value 'self.data' is unsubscriptable (unsubscriptable-object)
+/home/dmitry/zeev-stxnet/Tools_new/Libraries/zinstaller/nodes.py:133:3: E1128: Assigning result of a function call, where the function returns None (assignment-from-none)
+/home/dmitry/zeev-stxnet/Tools_new/Libraries/zinstaller/nodes.py:145:2: E1128: Assigning result of a function call, where the function returns None (assignment-from-none)
 ************* Module demo
-E:530, 2: Unable to import 'Authorization' (import-error)
-E:531, 2: Unable to import 'Authorization' (import-error)
+/home/dmitry/zeev-stxnet/Tools_new/Libraries/zinstaller/examples/demo/demo.py:30:0: E0401: Unable to import 'configobj' (import-error)
+/home/dmitry/zeev-stxnet/Tools_new/Libraries/zinstaller/examples/demo/demo.py:530:2: E0401: Unable to import 'Authorization' (import-error)
+/home/dmitry/zeev-stxnet/Tools_new/Libraries/zinstaller/examples/demo/demo.py:531:2: E0401: Unable to import 'Authorization' (import-error)
+/home/dmitry/zeev-stxnet/Tools_new/Libraries/zinstaller/examples/demo/build.py:12:0: E0401: Unable to import 'configobj' (import-error)
+************* Module zinstaller.images.dialogerror
+/home/dmitry/zeev-stxnet/Tools_new/Libraries/zinstaller/images/dialogerror.py:11:0: E0401: Unable to import 'wx.lib.embeddedimage' (import-error)
+************* Module zinstaller.images.dialogwarn
+/home/dmitry/zeev-stxnet/Tools_new/Libraries/zinstaller/images/dialogwarn.py:11:0: E0401: Unable to import 'wx.lib.embeddedimage' (import-error)
+************* Module zinstaller.images.dialogquestion
+/home/dmitry/zeev-stxnet/Tools_new/Libraries/zinstaller/images/dialogquestion.py:11:0: E0401: Unable to import 'wx.lib.embeddedimage' (import-error)
+************* Module zinstaller.images.icon
+/home/dmitry/zeev-stxnet/Tools_new/Libraries/zinstaller/images/icon.py:11:0: E0401: Unable to import 'wx.lib.embeddedimage' (import-error)
+************* Module zinstaller.images.dialoginfo
+/home/dmitry/zeev-stxnet/Tools_new/Libraries/zinstaller/images/dialoginfo.py:11:0: E0401: Unable to import 'wx.lib.embeddedimage' (import-error)
 ************* Module MailUtilities
-E: 57, 9: Module 'NNAPasswords' has no 'gSendGridUser' member (no-member)
-E: 58, 9: Module 'NNAPasswords' has no 'gSendGridPassword' member (no-member)
-E:263,10: Module 'NNAPasswords' has no 'gO365User' member (no-member)
-E:264,10: Module 'NNAPasswords' has no 'gO365Password' member (no-member)
-E:627,30: Module 'NNAPasswords' has no 'SNSAccessKey' member (no-member)
-E:627,57: Module 'NNAPasswords' has no 'SNSSecretKey' member (no-member)
+/home/dmitry/zeev-stxnet/Tools_new/Libraries/MailUtilities.py:57:9: E1101: Module 'NNAPasswords' has no 'gSendGridUser' member (no-member)
+/home/dmitry/zeev-stxnet/Tools_new/Libraries/MailUtilities.py:58:9: E1101: Module 'NNAPasswords' has no 'gSendGridPassword' member (no-member)
+/home/dmitry/zeev-stxnet/Tools_new/Libraries/MailUtilities.py:263:10: E1101: Module 'NNAPasswords' has no 'gO365User' member (no-member)
+/home/dmitry/zeev-stxnet/Tools_new/Libraries/MailUtilities.py:264:10: E1101: Module 'NNAPasswords' has no 'gO365Password' member (no-member)
+/home/dmitry/zeev-stxnet/Tools_new/Libraries/MailUtilities.py:422:6: E1101: Module 'string' has no 'join' member (no-member)
+/home/dmitry/zeev-stxnet/Tools_new/Libraries/MailUtilities.py:424:6: E1101: Module 'string' has no 'join' member (no-member)
+/home/dmitry/zeev-stxnet/Tools_new/Libraries/MailUtilities.py:460:12: E1101: Module 'string' has no 'join' member (no-member)
+/home/dmitry/zeev-stxnet/Tools_new/Libraries/MailUtilities.py:463:26: E1101: Module 'string' has no 'join' member (no-member)
+/home/dmitry/zeev-stxnet/Tools_new/Libraries/MailUtilities.py:466:27: E1101: Module 'string' has no 'join' member (no-member)
+/home/dmitry/zeev-stxnet/Tools_new/Libraries/MailUtilities.py:617:1: E0401: Unable to import 'boto' (import-error)
+/home/dmitry/zeev-stxnet/Tools_new/Libraries/MailUtilities.py:627:30: E1101: Module 'NNAPasswords' has no 'SNSAccessKey' member (no-member)
+/home/dmitry/zeev-stxnet/Tools_new/Libraries/MailUtilities.py:627:57: E1101: Module 'NNAPasswords' has no 'SNSSecretKey' member (no-member)
 ************* Module zpackage.archivehandler
-E:244,17: Using variable 'pickle' before assignment (used-before-assignment)
+/home/dmitry/zeev-stxnet/Tools_new/Libraries/zpackage/archivehandler.py:151:15: E1101: Instance of 'ReadError' has no 'message' member (no-member)
+/home/dmitry/zeev-stxnet/Tools_new/Libraries/zpackage/archivehandler.py:244:17: E0601: Using variable 'pickle' before assignment (used-before-assignment)
 ************* Module zpackage.metapackage
-E:198,25: Using variable 'pickle' before assignment (used-before-assignment)
-E: 47, 8: Unable to import 'version' (import-error)
+/home/dmitry/zeev-stxnet/Tools_new/Libraries/zpackage/metapackage.py:170:12: E1111: Assigning result of a function call, where the function has no return (assignment-from-no-return)
+/home/dmitry/zeev-stxnet/Tools_new/Libraries/zpackage/metapackage.py:198:25: E0601: Using variable 'pickle' before assignment (used-before-assignment)
+/home/dmitry/zeev-stxnet/Tools_new/Libraries/setup.py:35:0: E0602: Undefined variable 'reload' (undefined-variable)
+/home/dmitry/zeev-stxnet/Tools_new/Libraries/setup.py:69:44: E1101: Module 'version' has no '__version__' member (no-member)
+/home/dmitry/zeev-stxnet/Tools_new/Libraries/setup.py:71:32: E1101: Module 'version' has no '__version__' member (no-member)
 ************* Module lxml.cssselect
-E: 18, 0: No name 'etree' in module 'lxml' (no-name-in-module)
+/home/dmitry/zeev-stxnet/Tools_new/Libraries/lxml/cssselect.py:18:0: E0611: No name 'etree' in module 'lxml' (no-name-in-module)
 ************* Module lxml.doctestcompare
-E: 47, 0: No name 'etree' in module 'lxml' (no-name-in-module)
+/home/dmitry/zeev-stxnet/Tools_new/Libraries/lxml/doctestcompare.py:47:0: E0611: No name 'etree' in module 'lxml' (no-name-in-module)
+/home/dmitry/zeev-stxnet/Tools_new/Libraries/lxml/doctestcompare.py:99:27: E1101: Instance of 'LXMLOutputChecker' has no '_temp_call_super_check_output' member (no-member)
+/home/dmitry/zeev-stxnet/Tools_new/Libraries/lxml/doctestcompare.py:277:15: E1101: Module 'cgi' has no 'escape' member (no-member)
 ************* Module lxml._elementpath
-E:163, 8: function already defined line 154 (function-redefined)
-E:171, 8: function already defined line 154 (function-redefined)
-E:181, 8: function already defined line 154 (function-redefined)
-E:209, 8: function already defined line 154 (function-redefined)
+/home/dmitry/zeev-stxnet/Tools_new/Libraries/lxml/_elementpath.py:163:8: E0102: function already defined line 154 (function-redefined)
+/home/dmitry/zeev-stxnet/Tools_new/Libraries/lxml/_elementpath.py:171:8: E0102: function already defined line 154 (function-redefined)
+/home/dmitry/zeev-stxnet/Tools_new/Libraries/lxml/_elementpath.py:181:8: E0102: function already defined line 154 (function-redefined)
+/home/dmitry/zeev-stxnet/Tools_new/Libraries/lxml/_elementpath.py:209:8: E0102: function already defined line 154 (function-redefined)
 ************* Module lxml.builder
-E: 49, 0: No name 'etree' in module 'lxml' (no-name-in-module)
-E: 49, 0: Unable to import 'lxml.etree' (import-error)
-E: 62, 4: function already defined line 47 (function-redefined)
+/home/dmitry/zeev-stxnet/Tools_new/Libraries/lxml/builder.py:49:0: E0611: No name 'etree' in module 'lxml' (no-name-in-module)
+/home/dmitry/zeev-stxnet/Tools_new/Libraries/lxml/builder.py:49:0: E0401: Unable to import 'lxml.etree' (import-error)
+/home/dmitry/zeev-stxnet/Tools_new/Libraries/lxml/builder.py:62:4: E0102: function already defined line 47 (function-redefined)
 ************* Module lxml.sax
-E: 22, 0: No name 'etree' in module 'lxml' (no-name-in-module)
-E: 23, 0: No name 'etree' in module 'lxml' (no-name-in-module)
-E: 23, 0: Unable to import 'lxml.etree' (import-error)
-E: 24, 0: No name 'etree' in module 'lxml' (no-name-in-module)
-E: 24, 0: Unable to import 'lxml.etree' (import-error)
+/home/dmitry/zeev-stxnet/Tools_new/Libraries/lxml/sax.py:22:0: E0611: No name 'etree' in module 'lxml' (no-name-in-module)
+/home/dmitry/zeev-stxnet/Tools_new/Libraries/lxml/sax.py:23:0: E0611: No name 'etree' in module 'lxml' (no-name-in-module)
+/home/dmitry/zeev-stxnet/Tools_new/Libraries/lxml/sax.py:23:0: E0401: Unable to import 'lxml.etree' (import-error)
+/home/dmitry/zeev-stxnet/Tools_new/Libraries/lxml/sax.py:24:0: E0611: No name 'etree' in module 'lxml' (no-name-in-module)
+/home/dmitry/zeev-stxnet/Tools_new/Libraries/lxml/sax.py:24:0: E0401: Unable to import 'lxml.etree' (import-error)
 ************* Module lxml.isoschematron
-E: 16, 0: No name 'etree' in module 'lxml' (no-name-in-module)
+/home/dmitry/zeev-stxnet/Tools_new/Libraries/lxml/isoschematron/__init__.py:16:0: E0611: No name 'etree' in module 'lxml' (no-name-in-module)
 ************* Module lxml.html.formfill
-E: 11, 0: No name 'etree' in module 'lxml' (no-name-in-module)
-E: 11, 0: Unable to import 'lxml.etree' (import-error)
+/home/dmitry/zeev-stxnet/Tools_new/Libraries/lxml/html/formfill.py:11:0: E0611: No name 'etree' in module 'lxml' (no-name-in-module)
+/home/dmitry/zeev-stxnet/Tools_new/Libraries/lxml/html/formfill.py:11:0: E0401: Unable to import 'lxml.etree' (import-error)
 ************* Module lxml.html.clean
-E: 24, 0: No name 'etree' in module 'lxml' (no-name-in-module)
+/home/dmitry/zeev-stxnet/Tools_new/Libraries/lxml/html/clean.py:24:0: E0611: No name 'etree' in module 'lxml' (no-name-in-module)
 ************* Module lxml.html.html5parser
-E: 16, 0: Unable to import 'html5lib' (import-error)
-E: 17, 0: Unable to import 'html5lib.treebuilders.etree_lxml' (import-error)
-E: 19, 0: No name 'etree' in module 'lxml' (no-name-in-module)
+/home/dmitry/zeev-stxnet/Tools_new/Libraries/lxml/html/html5parser.py:16:0: E0401: Unable to import 'html5lib' (import-error)
+/home/dmitry/zeev-stxnet/Tools_new/Libraries/lxml/html/html5parser.py:17:0: E0401: Unable to import 'html5lib.treebuilders.etree_lxml' (import-error)
+/home/dmitry/zeev-stxnet/Tools_new/Libraries/lxml/html/html5parser.py:19:0: E0611: No name 'etree' in module 'lxml' (no-name-in-module)
 ************* Module lxml.html._html5builder
-E: 19, 0: Unable to import 'html5lib.treebuilders' (import-error)
-E: 20, 0: No name 'etree' in module 'lxml' (no-name-in-module)
+/home/dmitry/zeev-stxnet/Tools_new/Libraries/lxml/html/_html5builder.py:19:0: E0401: Unable to import 'html5lib.treebuilders' (import-error)
+/home/dmitry/zeev-stxnet/Tools_new/Libraries/lxml/html/_html5builder.py:20:0: E0611: No name 'etree' in module 'lxml' (no-name-in-module)
 ************* Module lxml.html.soupparser
-E: 14, 0: No name 'etree' in module 'lxml' (no-name-in-module)
+/home/dmitry/zeev-stxnet/Tools_new/Libraries/lxml/html/soupparser.py:14:0: E0611: No name 'etree' in module 'lxml' (no-name-in-module)
 ************* Module lxml.html.diff
-E: 13, 0: No name 'etree' in module 'lxml' (no-name-in-module)
+/home/dmitry/zeev-stxnet/Tools_new/Libraries/lxml/html/diff.py:13:0: E0611: No name 'etree' in module 'lxml' (no-name-in-module)
 ************* Module lxml.html
-E: 53, 0: No name 'etree' in module 'lxml' (no-name-in-module)
+/home/dmitry/zeev-stxnet/Tools_new/Libraries/lxml/html/__init__.py:53:0: E0611: No name 'etree' in module 'lxml' (no-name-in-module)
+/home/dmitry/zeev-stxnet/Tools_new/Libraries/lxml/html/__init__.py:65:4: E0401: Unable to import 'sets' (import-error)
+/home/dmitry/zeev-stxnet/Tools_new/Libraries/lxml/html/__init__.py:863:21: E1101: Method 'body' has no 'iter' member (no-member)
+/home/dmitry/zeev-stxnet/Tools_new/Libraries/lxml/html/__init__.py:865:25: E1101: Method 'body' has no 'iter' member (no-member)
+/home/dmitry/zeev-stxnet/Tools_new/Libraries/lxml/html/__init__.py:874:18: E1133: Non-iterable value self.inputs is used in an iterating context (not-an-iterable)
+/home/dmitry/zeev-stxnet/Tools_new/Libraries/lxml/html/__init__.py:1254:22: E1133: Non-iterable value self.options is used in an iterating context (not-an-iterable)
+/home/dmitry/zeev-stxnet/Tools_new/Libraries/lxml/html/__init__.py:1264:22: E1133: Non-iterable value self.options is used in an iterating context (not-an-iterable)
+/home/dmitry/zeev-stxnet/Tools_new/Libraries/lxml/html/__init__.py:1278:22: E1133: Non-iterable value self.options is used in an iterating context (not-an-iterable)
+/home/dmitry/zeev-stxnet/Tools_new/Libraries/lxml/html/__init__.py:1537:15: E1101: Method 'body' has no 'get_element_by_id' member (no-member)
+************* Module lxml.html.defs
+/home/dmitry/zeev-stxnet/Tools_new/Libraries/lxml/html/defs.py:19:4: E0401: Unable to import 'sets' (import-error)
 ************* Module lxml.pyclasslookup
-E: 10, 0: No name 'etree' in module 'lxml' (no-name-in-module)
-E: 10, 0: Unable to import 'lxml.etree' (import-error)
+/home/dmitry/zeev-stxnet/Tools_new/Libraries/lxml/pyclasslookup.py:10:0: E0611: No name 'etree' in module 'lxml' (no-name-in-module)
+/home/dmitry/zeev-stxnet/Tools_new/Libraries/lxml/pyclasslookup.py:10:0: E0401: Unable to import 'lxml.etree' (import-error)
 ************* Module lxml.ElementInclude
-E: 60, 0: No name 'etree' in module 'lxml' (no-name-in-module)
+/home/dmitry/zeev-stxnet/Tools_new/Libraries/lxml/ElementInclude.py:60:0: E0611: No name 'etree' in module 'lxml' (no-name-in-module)
+/home/dmitry/zeev-stxnet/Tools_new/Libraries/lxml/ElementInclude.py:74:4: E0401: Unable to import 'sets' (import-error)
 ************* Module flogging.flogging
-E:3308,32: Undefined variable '_levelNames' (undefined-variable)
-E:3310,21: Undefined variable '_levelNames' (undefined-variable)
+/home/dmitry/zeev-stxnet/Tools_new/Libraries/flogging/flogging.py:1082:26: E1101: Module 'logging' has no '_levelNames' member (no-member)
+/home/dmitry/zeev-stxnet/Tools_new/Libraries/flogging/flogging.py:1336:48: E1120: No value for argument 'a' in function call (no-value-for-parameter)
+/home/dmitry/zeev-stxnet/Tools_new/Libraries/flogging/flogging.py:2763:12: E1101: Module 'logging' has no '_levelNames' member (no-member)
+/home/dmitry/zeev-stxnet/Tools_new/Libraries/flogging/flogging.py:2764:12: E1101: Module 'logging' has no '_levelNames' member (no-member)
+/home/dmitry/zeev-stxnet/Tools_new/Libraries/flogging/flogging.py:2765:12: E1101: Module 'logging' has no '_levelNames' member (no-member)
+/home/dmitry/zeev-stxnet/Tools_new/Libraries/flogging/flogging.py:2766:12: E1101: Module 'logging' has no '_levelNames' member (no-member)
+/home/dmitry/zeev-stxnet/Tools_new/Libraries/flogging/flogging.py:2767:12: E1101: Module 'logging' has no '_levelNames' member (no-member)
+/home/dmitry/zeev-stxnet/Tools_new/Libraries/flogging/flogging.py:3174:39: E1101: Module 'logging' has no '_levelNames' member (no-member)
+/home/dmitry/zeev-stxnet/Tools_new/Libraries/flogging/flogging.py:3192:39: E1101: Module 'logging' has no '_levelNames' member (no-member)
+/home/dmitry/zeev-stxnet/Tools_new/Libraries/flogging/flogging.py:3305:28: E1101: Instance of 'tuple' has no '__name__' member (no-member)
+/home/dmitry/zeev-stxnet/Tools_new/Libraries/flogging/flogging.py:3308:32: E0602: Undefined variable '_levelNames' (undefined-variable)
+/home/dmitry/zeev-stxnet/Tools_new/Libraries/flogging/flogging.py:3310:21: E0602: Undefined variable '_levelNames' (undefined-variable)
+/home/dmitry/zeev-stxnet/Tools_new/Libraries/flogging/flogging.py:3341:12: E1101: Module 'logging' has no '_levelNames' member (no-member)
+/home/dmitry/zeev-stxnet/Tools_new/Libraries/flogging/flogging.py:3342:12: E1101: Module 'logging' has no '_levelNames' member (no-member)
+/home/dmitry/zeev-stxnet/Tools_new/Libraries/flogging/flogging.py:3886:18: E1101: Module 'logging' has no '_levelNames' member (no-member)
+/home/dmitry/zeev-stxnet/Tools_new/Libraries/flogging/flogging.py:3887:43: E1101: Module 'logging' has no '_levelNames' member (no-member)
+/home/dmitry/zeev-stxnet/Tools_new/Libraries/flogging/docs/build_docs.py:28:8: E0602: Undefined variable 'file' (undefined-variable)
+/home/dmitry/zeev-stxnet/Tools_new/Libraries/flogging/docs/build_docs.py:44:8: E0602: Undefined variable 'file' (undefined-variable)
+/home/dmitry/zeev-stxnet/Tools_new/Libraries/flogging/docs/build_docs.py:49:8: E0602: Undefined variable 'file' (undefined-variable)
+/home/dmitry/zeev-stxnet/Tools_new/Libraries/flogging/docs/build_docs.py:71:8: E0602: Undefined variable 'file' (undefined-variable)
 ************* Module flogging.test
-E: 77,31: Using variable 'str' before assignment (used-before-assignment)
-E:179,37: Instance of 'FilterTest' has no 'obj' member (no-member)
-E:180,46: Instance of 'FilterTest' has no 'obj' member (no-member)
-E:184, 8: Instance of 'FilterTest' has no 'obj' member (no-member)
-E:185,32: Instance of 'FilterTest' has no 'obj' member (no-member)
-E:186,44: Instance of 'FilterTest' has no 'obj' member (no-member)
-E:190, 8: Instance of 'FilterTest' has no 'obj' member (no-member)
-E:191,32: Instance of 'FilterTest' has no 'obj' member (no-member)
-E:192,44: Instance of 'FilterTest' has no 'obj' member (no-member)
-E:198,44: Instance of 'FilterTest' has no 'obj' member (no-member)
-E:201,36: Instance of 'FilterTest' has no 'obj' member (no-member)
-E:203,19: Instance of 'FilterTest' has no 'obj' member (no-member)
-E:207, 8: Instance of 'FilterTest' has no 'obj' member (no-member)
-E:208,31: Instance of 'FilterTest' has no 'obj' member (no-member)
-E:209,47: Instance of 'FilterTest' has no 'obj' member (no-member)
-E:312,34: Module 'flogging' has no '_gConfigDefaults' member (no-member)
-E:313,23: Module 'flogging' has no '_gConfigSpec' member (no-member)
-E:326,21: Module 'flogging' has no '_gConfigDefaultsTextBlock' member (no-member)
+/home/dmitry/zeev-stxnet/Tools_new/Libraries/flogging/test/__init__.py:67:16: E1101: Module 'string' has no 'letters' member (no-member)
+/home/dmitry/zeev-stxnet/Tools_new/Libraries/flogging/test/__init__.py:77:31: E0601: Using variable 'str' before assignment (used-before-assignment)
+/home/dmitry/zeev-stxnet/Tools_new/Libraries/flogging/test/__init__.py:179:37: E1101: Instance of 'FilterTest' has no 'obj' member (no-member)
+/home/dmitry/zeev-stxnet/Tools_new/Libraries/flogging/test/__init__.py:180:46: E1101: Instance of 'FilterTest' has no 'obj' member (no-member)
+/home/dmitry/zeev-stxnet/Tools_new/Libraries/flogging/test/__init__.py:184:8: E1101: Instance of 'FilterTest' has no 'obj' member (no-member)
+/home/dmitry/zeev-stxnet/Tools_new/Libraries/flogging/test/__init__.py:185:32: E1101: Instance of 'FilterTest' has no 'obj' member (no-member)
+/home/dmitry/zeev-stxnet/Tools_new/Libraries/flogging/test/__init__.py:186:44: E1101: Instance of 'FilterTest' has no 'obj' member (no-member)
+/home/dmitry/zeev-stxnet/Tools_new/Libraries/flogging/test/__init__.py:190:8: E1101: Instance of 'FilterTest' has no 'obj' member (no-member)
+/home/dmitry/zeev-stxnet/Tools_new/Libraries/flogging/test/__init__.py:191:32: E1101: Instance of 'FilterTest' has no 'obj' member (no-member)
+/home/dmitry/zeev-stxnet/Tools_new/Libraries/flogging/test/__init__.py:192:44: E1101: Instance of 'FilterTest' has no 'obj' member (no-member)
+/home/dmitry/zeev-stxnet/Tools_new/Libraries/flogging/test/__init__.py:198:44: E1101: Instance of 'FilterTest' has no 'obj' member (no-member)
+/home/dmitry/zeev-stxnet/Tools_new/Libraries/flogging/test/__init__.py:201:36: E1101: Instance of 'FilterTest' has no 'obj' member (no-member)
+/home/dmitry/zeev-stxnet/Tools_new/Libraries/flogging/test/__init__.py:203:19: E1101: Instance of 'FilterTest' has no 'obj' member (no-member)
+/home/dmitry/zeev-stxnet/Tools_new/Libraries/flogging/test/__init__.py:207:8: E1101: Instance of 'FilterTest' has no 'obj' member (no-member)
+/home/dmitry/zeev-stxnet/Tools_new/Libraries/flogging/test/__init__.py:208:31: E1101: Instance of 'FilterTest' has no 'obj' member (no-member)
+/home/dmitry/zeev-stxnet/Tools_new/Libraries/flogging/test/__init__.py:209:47: E1101: Instance of 'FilterTest' has no 'obj' member (no-member)
+/home/dmitry/zeev-stxnet/Tools_new/Libraries/flogging/test/__init__.py:312:34: E1101: Module 'flogging' has no '_gConfigDefaults' member (no-member)
+/home/dmitry/zeev-stxnet/Tools_new/Libraries/flogging/test/__init__.py:313:23: E1101: Module 'flogging' has no '_gConfigSpec' member (no-member)
+/home/dmitry/zeev-stxnet/Tools_new/Libraries/flogging/test/__init__.py:326:21: E1101: Module 'flogging' has no '_gConfigDefaultsTextBlock' member (no-member)
 ************* Module NNAPasswords
-E: 64, 4: Unable to import 'LocalMachinePasswords' (import-error)
-E: 74, 4: Unable to import 'NNAPasswordsLocal' (import-error)
+/home/dmitry/zeev-stxnet/Tools_new/Libraries/NNAPasswords.py:64:4: E0401: Unable to import 'LocalMachinePasswords' (import-error)
+/home/dmitry/zeev-stxnet/Tools_new/Libraries/NNAPasswords.py:74:4: E0401: Unable to import 'NNAPasswordsLocal' (import-error)
 ************* Module DatabaseUtilities
-E: 21, 0: Unable to import '_mssql' (import-error)
-E: 25, 0: Unable to import 'NNALogging' (import-error)
-E:109,53: Module 'NNAPasswords' has no 'gSBOReadAccount' member (no-member)
-E:109,92: Module 'NNAPasswords' has no 'gSBOReadPassword' member (no-member)
+/home/dmitry/zeev-stxnet/Tools_new/Libraries/DatabaseUtilities.py:21:0: E0401: Unable to import '_mssql' (import-error)
+/home/dmitry/zeev-stxnet/Tools_new/Libraries/DatabaseUtilities.py:25:0: E0001: Cannot import 'NNALogging' due to syntax error "(unicode error) 'unicodeescape' codec can't decode bytes in position 206-207: malformed \\N character escape (<unknown>, line 114)" (syntax-error)
+/home/dmitry/zeev-stxnet/Tools_new/Libraries/DatabaseUtilities.py:109:53: E1101: Module 'NNAPasswords' has no 'gSBOReadAccount' member (no-member)
+/home/dmitry/zeev-stxnet/Tools_new/Libraries/DatabaseUtilities.py:109:92: E1101: Module 'NNAPasswords' has no 'gSBOReadPassword' member (no-member)
 ************* Module ManifestObject
-E: 52, 3: Raising unicode while only classes or instances are allowed (raising-bad-type)
+/home/dmitry/zeev-stxnet/Tools_new/Libraries/ManifestObject.py:11:0: E0401: Unable to import 'md5' (import-error)
 ************* Module NNAConfigParse
-E: 14, 0: Module 'sys' has no 'setdefaultencoding' member; maybe 'getdefaultencoding'? (no-member)
+/home/dmitry/zeev-stxnet/Tools_new/Libraries/NNAConfigParse.py:13:0: E0602: Undefined variable 'reload' (undefined-variable)
+/home/dmitry/zeev-stxnet/Tools_new/Libraries/NNAConfigParse.py:14:0: E1101: Module 'sys' has no 'setdefaultencoding' member; maybe 'getdefaultencoding'? (no-member)
 ************* Module InternetFileUtilities
-E: 19, 0: Unable to import 'urllib.request' (import-error)
-E: 19, 0: Unable to import 'urllib.error' (import-error)
-E: 19, 0: Unable to import 'urllib.parse' (import-error)
-E: 30, 0: Unable to import 'NNALogging' (import-error)
+/home/dmitry/zeev-stxnet/Tools_new/Libraries/InternetFileUtilities.py:17:0: E0401: Unable to import 'statvfs' (import-error)
+/home/dmitry/zeev-stxnet/Tools_new/Libraries/InternetFileUtilities.py:30:0: E0001: Cannot import 'NNALogging' due to syntax error "(unicode error) 'unicodeescape' codec can't decode bytes in position 206-207: malformed \\N character escape (<unknown>, line 114)" (syntax-error)
+/home/dmitry/zeev-stxnet/Tools_new/Libraries/InternetFileUtilities.py:33:0: E0401: Unable to import 'boto' (import-error)
+/home/dmitry/zeev-stxnet/Tools_new/Libraries/InternetFileUtilities.py:34:0: E0401: Unable to import 'boto.s3.connection' (import-error)
+/home/dmitry/zeev-stxnet/Tools_new/Libraries/InternetFileUtilities.py:35:0: E0401: Unable to import 'boto.s3.key' (import-error)
+/home/dmitry/zeev-stxnet/Tools_new/Libraries/InternetFileUtilities.py:377:12: E1101: Module 'exceptions' has no 'KeyboardInterrupt' member (no-member)
+/home/dmitry/zeev-stxnet/Tools_new/Libraries/InternetFileUtilities.py:377:42: E1101: Module 'exceptions' has no 'SystemExit' member (no-member)
+/home/dmitry/zeev-stxnet/Tools_new/Libraries/InternetFileUtilities.py:377:65: E1101: Module 'exceptions' has no 'NameError' member (no-member)
 ************* Module NTPermissions
-E: 30, 0: (unicode error) 'unicodeescape' codec can't decode bytes in position 698-699: truncated \uXXXX escape (<string>, line 30) (syntax-error)
+/home/dmitry/zeev-stxnet/Tools_new/Libraries/NTPermissions.py:14:2: E0001: (unicode error) 'unicodeescape' codec can't decode bytes in position 698-699: truncated \uXXXX escape (<unknown>, line 14) (syntax-error)
 ************* Module BuildUtilities
-E: 34, 1: Unable to import 'Foundation' (import-error)
-E:355, 2: Unable to import 'win32file' (import-error)
-E:767, 3: Module 'os' has no 'chflags' member (no-member)
-E:769, 3: Module 'os' has no 'chflags' member (no-member)
+/home/dmitry/zeev-stxnet/Tools_new/Libraries/BuildUtilities.py:34:1: E0401: Unable to import 'Foundation' (import-error)
+/home/dmitry/zeev-stxnet/Tools_new/Libraries/BuildUtilities.py:103:8: E1101: Module 'string' has no 'join' member (no-member)
+/home/dmitry/zeev-stxnet/Tools_new/Libraries/BuildUtilities.py:124:15: E1101: Module 'string' has no 'find' member (no-member)
+/home/dmitry/zeev-stxnet/Tools_new/Libraries/BuildUtilities.py:132:22: E1101: Module 'string' has no 'find' member (no-member)
+/home/dmitry/zeev-stxnet/Tools_new/Libraries/BuildUtilities.py:161:15: E1101: Module 'string' has no 'find' member (no-member)
+/home/dmitry/zeev-stxnet/Tools_new/Libraries/BuildUtilities.py:163:22: E1101: Module 'string' has no 'find' member (no-member)
+/home/dmitry/zeev-stxnet/Tools_new/Libraries/BuildUtilities.py:192:14: E1101: Module 'string' has no 'find' member (no-member)
+/home/dmitry/zeev-stxnet/Tools_new/Libraries/BuildUtilities.py:195:21: E1101: Module 'string' has no 'find' member (no-member)
+/home/dmitry/zeev-stxnet/Tools_new/Libraries/BuildUtilities.py:355:2: E0401: Unable to import 'win32file' (import-error)
+/home/dmitry/zeev-stxnet/Tools_new/Libraries/BuildUtilities.py:371:2: E0401: Unable to import 'statvfs' (import-error)
+/home/dmitry/zeev-stxnet/Tools_new/Libraries/BuildUtilities.py:385:13: E1101: Module 'string' has no 'lower' member (no-member)
+/home/dmitry/zeev-stxnet/Tools_new/Libraries/BuildUtilities.py:388:13: E1101: Module 'string' has no 'lower' member (no-member)
+/home/dmitry/zeev-stxnet/Tools_new/Libraries/BuildUtilities.py:398:14: E1101: Module 'string' has no 'replace' member (no-member)
+/home/dmitry/zeev-stxnet/Tools_new/Libraries/BuildUtilities.py:400:14: E1101: Module 'string' has no 'replace' member (no-member)
+/home/dmitry/zeev-stxnet/Tools_new/Libraries/BuildUtilities.py:434:20: E1101: Module 'string' has no 'replace' member (no-member)
+/home/dmitry/zeev-stxnet/Tools_new/Libraries/BuildUtilities.py:434:35: E1101: Module 'string' has no 'strip' member (no-member)
+/home/dmitry/zeev-stxnet/Tools_new/Libraries/BuildUtilities.py:767:3: E1101: Module 'os' has no 'chflags' member (no-member)
+/home/dmitry/zeev-stxnet/Tools_new/Libraries/BuildUtilities.py:769:3: E1101: Module 'os' has no 'chflags' member (no-member)
 ************* Module BuildUtilitiesLive
-E:159, 2: Unable to import 'win32file' (import-error)
+/home/dmitry/zeev-stxnet/Tools_new/Libraries/BuildUtilitiesLive.py:45:8: E1101: Module 'string' has no 'join' member (no-member)
+/home/dmitry/zeev-stxnet/Tools_new/Libraries/BuildUtilitiesLive.py:66:15: E1101: Module 'string' has no 'find' member (no-member)
+/home/dmitry/zeev-stxnet/Tools_new/Libraries/BuildUtilitiesLive.py:74:22: E1101: Module 'string' has no 'find' member (no-member)
+/home/dmitry/zeev-stxnet/Tools_new/Libraries/BuildUtilitiesLive.py:103:15: E1101: Module 'string' has no 'find' member (no-member)
+/home/dmitry/zeev-stxnet/Tools_new/Libraries/BuildUtilitiesLive.py:105:22: E1101: Module 'string' has no 'find' member (no-member)
+/home/dmitry/zeev-stxnet/Tools_new/Libraries/BuildUtilitiesLive.py:134:14: E1101: Module 'string' has no 'find' member (no-member)
+/home/dmitry/zeev-stxnet/Tools_new/Libraries/BuildUtilitiesLive.py:137:21: E1101: Module 'string' has no 'find' member (no-member)
+/home/dmitry/zeev-stxnet/Tools_new/Libraries/BuildUtilitiesLive.py:159:2: E0401: Unable to import 'win32file' (import-error)
+/home/dmitry/zeev-stxnet/Tools_new/Libraries/BuildUtilitiesLive.py:175:2: E0401: Unable to import 'statvfs' (import-error)
 ************* Module VWStringsManager
-E:165, 0: (unicode error) 'unicodeescape' codec can't decode bytes in position 0-1: truncated \uXXXX escape (<string>, line 165) (syntax-error)
+/home/dmitry/zeev-stxnet/Tools_new/Libraries/VWStringsManager.py:53:29: E0001: invalid syntax (<unknown>, line 53) (syntax-error)
 ************* Module NNALogging
-E:124, 0: (unicode error) 'unicodeescape' codec can't decode bytes in position 206-207: malformed \N character escape (<string>, line 124) (syntax-error)
-************* Module JenkinsUtils
-E: 13, 0: Unable to import 'urllib.request' (import-error)
-E: 13, 0: Unable to import 'urllib.parse' (import-error)
-E: 13, 0: Unable to import 'urllib.error' (import-error)
+/home/dmitry/zeev-stxnet/Tools_new/Libraries/NNALogging.py:114:4: E0001: (unicode error) 'unicodeescape' codec can't decode bytes in position 206-207: malformed \N character escape (<unknown>, line 114) (syntax-error)
 ************* Module PM2VWStrings
-E: 16, 0: Unable to import 'VWStringsManager' (import-error)
+/home/dmitry/zeev-stxnet/Tools_new/Libraries/PM2VWStrings.py:14:0: E0401: Unable to import 'configobj' (import-error)
+/home/dmitry/zeev-stxnet/Tools_new/Libraries/PM2VWStrings.py:16:0: E0001: Cannot import 'VWStringsManager' due to syntax error 'invalid syntax (<unknown>, line 53)' (syntax-error)
 ************* Module BuildLocalizationFileMap
-E: 25, 0: Module 'sys' has no 'setdefaultencoding' member; maybe 'getdefaultencoding'? (no-member)
+/home/dmitry/zeev-stxnet/Tools_new/Libraries/BuildLocalizationFileMap.py:24:0: E0602: Undefined variable 'reload' (undefined-variable)
+/home/dmitry/zeev-stxnet/Tools_new/Libraries/BuildLocalizationFileMap.py:25:0: E1101: Module 'sys' has no 'setdefaultencoding' member; maybe 'getdefaultencoding'? (no-member)
 ************* Module builddatabase.unittests
-E: 50,23: Too many positional arguments for constructor call (too-many-function-args)
-************* Module builddatabase.builddatabase
-E: 19, 0: Unable to import 'urllib.parse' (import-error)
+/home/dmitry/zeev-stxnet/Tools_new/Libraries/builddatabase/unittests.py:50:23: E1121: Too many positional arguments for constructor call (too-many-function-args)
+/home/dmitry/zeev-stxnet/Tools_new/Libraries/builddatabase/unittests.py:65:25: E1101: Instance of 'BuildDatabase' has no 'VerifySQLite' member (no-member)
+/home/dmitry/zeev-stxnet/Tools_new/Libraries/builddatabase/unittests.py:74:25: E1101: Instance of 'BuildDatabase' has no 'VerifySQLite' member (no-member)
+/home/dmitry/zeev-stxnet/Tools_new/Libraries/builddatabase/unittests.py:80:8: E1101: Instance of 'BuildDatabase' has no 'RecordVectorworksBuild' member (no-member)
+/home/dmitry/zeev-stxnet/Tools_new/Libraries/builddatabase/unittests.py:84:8: E1101: Instance of 'BuildDatabase' has no 'RecordVectorworksBuild' member (no-member)
+/home/dmitry/zeev-stxnet/Tools_new/Libraries/builddatabase/unittests.py:88:8: E1101: Instance of 'BuildDatabase' has no 'RecordVectorworksBuild' member (no-member)
+/home/dmitry/zeev-stxnet/Tools_new/Libraries/builddatabase/unittests.py:95:18: E1101: Instance of 'BuildDatabase' has no 'RecordInstallBuildStart' member (no-member)
+/home/dmitry/zeev-stxnet/Tools_new/Libraries/builddatabase/unittests.py:99:14: E1101: Instance of 'BuildDatabase' has no 'GetInstallerTag' member (no-member)
+/home/dmitry/zeev-stxnet/Tools_new/Libraries/builddatabase/unittests.py:103:18: E1101: Instance of 'BuildDatabase' has no 'RecordInstallBuildStart' member (no-member)
+/home/dmitry/zeev-stxnet/Tools_new/Libraries/builddatabase/unittests.py:107:14: E1101: Instance of 'BuildDatabase' has no 'GetInstallerTag' member (no-member)
+/home/dmitry/zeev-stxnet/Tools_new/Libraries/builddatabase/unittests.py:117:18: E1101: Instance of 'BuildDatabase' has no 'RecordInstallBuildStart' member (no-member)
+/home/dmitry/zeev-stxnet/Tools_new/Libraries/builddatabase/unittests.py:121:14: E1101: Instance of 'BuildDatabase' has no 'GetInstallerTagByVWBuild' member (no-member)
+/home/dmitry/zeev-stxnet/Tools_new/Libraries/builddatabase/unittests.py:126:18: E1101: Instance of 'BuildDatabase' has no 'RecordInstallBuildStart' member (no-member)
+/home/dmitry/zeev-stxnet/Tools_new/Libraries/builddatabase/unittests.py:131:14: E1101: Instance of 'BuildDatabase' has no 'GetInstallerTagByVWBuild' member (no-member)
+/home/dmitry/zeev-stxnet/Tools_new/Libraries/builddatabase/unittests.py:146:12: E1101: Instance of 'BuildDatabase' has no 'RecordInstallBuildStart' member (no-member)
+/home/dmitry/zeev-stxnet/Tools_new/Libraries/builddatabase/unittests.py:150:18: E1101: Instance of 'BuildDatabase' has no 'GetAllInstallerTagsByVWBuild' member (no-member)
+/home/dmitry/zeev-stxnet/Tools_new/Libraries/builddatabase/unittests.py:157:12: E1101: Instance of 'BuildDatabase' has no 'RecordInstallBuildStart' member (no-member)
+/home/dmitry/zeev-stxnet/Tools_new/Libraries/builddatabase/unittests.py:164:18: E1101: Instance of 'BuildDatabase' has no 'GetAllInstallerTagsByVWBuild' member (no-member)
+/home/dmitry/zeev-stxnet/Tools_new/Libraries/builddatabase/unittests.py:168:18: E1101: Instance of 'BuildDatabase' has no 'GetAllInstallerTagsByVWBuild' member (no-member)
 ************* Module builddatabase.backends.SQLAlchemyBuildDatabase
-E: 11, 0: Unable to import 'sqlalchemy.engine' (import-error)
-E: 12, 0: Unable to import 'sqlalchemy' (import-error)
+/home/dmitry/zeev-stxnet/Tools_new/Libraries/builddatabase/backends/SQLAlchemyBuildDatabase.py:11:0: E0401: Unable to import 'sqlalchemy.engine' (import-error)
+/home/dmitry/zeev-stxnet/Tools_new/Libraries/builddatabase/backends/SQLAlchemyBuildDatabase.py:12:0: E0401: Unable to import 'sqlalchemy' (import-error)
+************* Module bs4.element
+/home/dmitry/zeev-stxnet/Tools_new/Libraries/bs4/element.py:96:44: E1101: Instance of 'ContentMetaAttributeValue' has no 'original_value' member (no-member)
+/home/dmitry/zeev-stxnet/Tools_new/Libraries/bs4/element.py:255:30: E1101: Instance of 'PageElement' has no 'contents' member (no-member)
+/home/dmitry/zeev-stxnet/Tools_new/Libraries/bs4/element.py:301:50: E1101: Instance of 'PageElement' has no 'contents' member (no-member)
+/home/dmitry/zeev-stxnet/Tools_new/Libraries/bs4/element.py:302:29: E1101: Instance of 'PageElement' has no 'contents' member (no-member)
+/home/dmitry/zeev-stxnet/Tools_new/Libraries/bs4/element.py:318:37: E1101: Instance of 'PageElement' has no 'contents' member (no-member)
+/home/dmitry/zeev-stxnet/Tools_new/Libraries/bs4/element.py:323:32: E1101: Instance of 'PageElement' has no 'index' member (no-member)
+/home/dmitry/zeev-stxnet/Tools_new/Libraries/bs4/element.py:338:29: E1101: Instance of 'PageElement' has no 'contents' member (no-member)
+/home/dmitry/zeev-stxnet/Tools_new/Libraries/bs4/element.py:347:27: E1101: Instance of 'PageElement' has no 'contents' member (no-member)
+/home/dmitry/zeev-stxnet/Tools_new/Libraries/bs4/element.py:365:25: E1101: Instance of 'PageElement' has no 'contents' member (no-member)
+/home/dmitry/zeev-stxnet/Tools_new/Libraries/bs4/element.py:373:8: E1101: Instance of 'PageElement' has no 'contents' member (no-member)
+/home/dmitry/zeev-stxnet/Tools_new/Libraries/bs4/element.py:377:24: E1101: Instance of 'PageElement' has no 'contents' member (no-member)
+/home/dmitry/zeev-stxnet/Tools_new/Libraries/bs4/element.py:614:16: E1101: Instance of 'PageElement' has no 'get' member (no-member)
 ************* Module bs4.dammit
-E: 66, 4: Method has no argument (no-method-argument)
+/home/dmitry/zeev-stxnet/Tools_new/Libraries/bs4/dammit.py:66:4: E0211: Method has no argument (no-method-argument)
 ************* Module bs4.builder._html5lib
-E: 26, 0: Unable to import 'html5lib' (import-error)
-E: 27, 0: Unable to import 'html5lib.constants' (import-error)
-E:105,20: Undefined variable 'BeautifulSoup' (undefined-variable)
+/home/dmitry/zeev-stxnet/Tools_new/Libraries/bs4/builder/_html5lib.py:26:0: E0401: Unable to import 'html5lib' (import-error)
+/home/dmitry/zeev-stxnet/Tools_new/Libraries/bs4/builder/_html5lib.py:27:0: E0401: Unable to import 'html5lib.constants' (import-error)
+/home/dmitry/zeev-stxnet/Tools_new/Libraries/bs4/builder/_html5lib.py:105:20: E0602: Undefined variable 'BeautifulSoup' (undefined-variable)
 ************* Module bs4.builder._lxml
-E: 17, 0: No name 'etree' in module 'lxml' (no-name-in-module)
+/home/dmitry/zeev-stxnet/Tools_new/Libraries/bs4/builder/_lxml.py:17:0: E0611: No name 'etree' in module 'lxml' (no-name-in-module)
+************* Module bs4.builder._htmlparser
+/home/dmitry/zeev-stxnet/Tools_new/Libraries/bs4/builder/_htmlparser.py:206:4: E0611: No name 'tagfind' in module 'html.parser' (no-name-in-module)
+/home/dmitry/zeev-stxnet/Tools_new/Libraries/bs4/builder/_htmlparser.py:206:4: E0611: No name 'attrfind' in module 'html.parser' (no-name-in-module)
 ************* Module bs4.testing
-E: 28, 0: No name 'HTMLParserTreeBuilder' in module 'bs4.builder' (no-name-in-module)
+/home/dmitry/zeev-stxnet/Tools_new/Libraries/bs4/testing.py:28:0: E0611: No name 'HTMLParserTreeBuilder' in module 'bs4.builder' (no-name-in-module)
+/home/dmitry/zeev-stxnet/Tools_new/Libraries/bs4/testing.py:82:15: E1101: Instance of 'HTMLTreeBuilderSmokeTest' has no 'soup' member (no-member)
+/home/dmitry/zeev-stxnet/Tools_new/Libraries/bs4/testing.py:85:8: E1101: Instance of 'HTMLTreeBuilderSmokeTest' has no 'assertEqual' member (no-member)
+/home/dmitry/zeev-stxnet/Tools_new/Libraries/bs4/testing.py:86:8: E1101: Instance of 'HTMLTreeBuilderSmokeTest' has no 'assertEqual' member (no-member)
+/home/dmitry/zeev-stxnet/Tools_new/Libraries/bs4/testing.py:94:8: E1101: Instance of 'HTMLTreeBuilderSmokeTest' has no 'assertEqual' member (no-member)
+/home/dmitry/zeev-stxnet/Tools_new/Libraries/bs4/testing.py:95:8: E1101: Instance of 'HTMLTreeBuilderSmokeTest' has no 'assertEqual' member (no-member)
+/home/dmitry/zeev-stxnet/Tools_new/Libraries/bs4/testing.py:96:8: E1101: Instance of 'HTMLTreeBuilderSmokeTest' has no 'assertEqual' member (no-member)
+/home/dmitry/zeev-stxnet/Tools_new/Libraries/bs4/testing.py:100:8: E1101: Instance of 'HTMLTreeBuilderSmokeTest' has no 'assertEqual' member (no-member)
+/home/dmitry/zeev-stxnet/Tools_new/Libraries/bs4/testing.py:106:15: E1101: Instance of 'HTMLTreeBuilderSmokeTest' has no 'soup' member (no-member)
+/home/dmitry/zeev-stxnet/Tools_new/Libraries/bs4/testing.py:116:15: E1101: Instance of 'HTMLTreeBuilderSmokeTest' has no 'soup' member (no-member)
+/home/dmitry/zeev-stxnet/Tools_new/Libraries/bs4/testing.py:118:8: E1101: Instance of 'HTMLTreeBuilderSmokeTest' has no 'assertEqual' member (no-member)
+/home/dmitry/zeev-stxnet/Tools_new/Libraries/bs4/testing.py:143:15: E1101: Instance of 'HTMLTreeBuilderSmokeTest' has no 'soup' member (no-member)
+/home/dmitry/zeev-stxnet/Tools_new/Libraries/bs4/testing.py:144:8: E1101: Instance of 'HTMLTreeBuilderSmokeTest' has no 'assertEqual' member (no-member)
+/home/dmitry/zeev-stxnet/Tools_new/Libraries/bs4/testing.py:150:15: E1101: Instance of 'HTMLTreeBuilderSmokeTest' has no 'soup' member (no-member)
+/home/dmitry/zeev-stxnet/Tools_new/Libraries/bs4/testing.py:151:8: E1101: Instance of 'HTMLTreeBuilderSmokeTest' has no 'assertEqual' member (no-member)
+/home/dmitry/zeev-stxnet/Tools_new/Libraries/bs4/testing.py:159:22: E1101: Instance of 'HTMLTreeBuilderSmokeTest' has no 'default_builder' member (no-member)
+/home/dmitry/zeev-stxnet/Tools_new/Libraries/bs4/testing.py:167:15: E1101: Instance of 'HTMLTreeBuilderSmokeTest' has no 'soup' member (no-member)
+/home/dmitry/zeev-stxnet/Tools_new/Libraries/bs4/testing.py:168:8: E1101: Instance of 'HTMLTreeBuilderSmokeTest' has no 'assertFalse' member (no-member)
+/home/dmitry/zeev-stxnet/Tools_new/Libraries/bs4/testing.py:169:8: E1101: Instance of 'HTMLTreeBuilderSmokeTest' has no 'assertEqual' member (no-member)
+/home/dmitry/zeev-stxnet/Tools_new/Libraries/bs4/testing.py:176:8: E1101: Instance of 'HTMLTreeBuilderSmokeTest' has no 'assertSoupEquals' member (no-member)
+/home/dmitry/zeev-stxnet/Tools_new/Libraries/bs4/testing.py:177:8: E1101: Instance of 'HTMLTreeBuilderSmokeTest' has no 'assertSoupEquals' member (no-member)
+/home/dmitry/zeev-stxnet/Tools_new/Libraries/bs4/testing.py:179:8: E1101: Instance of 'HTMLTreeBuilderSmokeTest' has no 'assertSoupEquals' member (no-member)
+/home/dmitry/zeev-stxnet/Tools_new/Libraries/bs4/testing.py:187:15: E1101: Instance of 'HTMLTreeBuilderSmokeTest' has no 'soup' member (no-member)
+/home/dmitry/zeev-stxnet/Tools_new/Libraries/bs4/testing.py:188:8: E1101: Instance of 'HTMLTreeBuilderSmokeTest' has no 'assertTrue' member (no-member)
+/home/dmitry/zeev-stxnet/Tools_new/Libraries/bs4/testing.py:189:8: E1101: Instance of 'HTMLTreeBuilderSmokeTest' has no 'assertEqual' member (no-member)
+/home/dmitry/zeev-stxnet/Tools_new/Libraries/bs4/testing.py:192:8: E1101: Instance of 'HTMLTreeBuilderSmokeTest' has no 'assertSoupEquals' member (no-member)
+/home/dmitry/zeev-stxnet/Tools_new/Libraries/bs4/testing.py:208:15: E1101: Instance of 'HTMLTreeBuilderSmokeTest' has no 'soup' member (no-member)
+/home/dmitry/zeev-stxnet/Tools_new/Libraries/bs4/testing.py:209:8: E1101: Instance of 'HTMLTreeBuilderSmokeTest' has no 'assertEqual' member (no-member)
+/home/dmitry/zeev-stxnet/Tools_new/Libraries/bs4/testing.py:214:8: E1101: Instance of 'HTMLTreeBuilderSmokeTest' has no 'assertSoupEquals' member (no-member)
+/home/dmitry/zeev-stxnet/Tools_new/Libraries/bs4/testing.py:216:15: E1101: Instance of 'HTMLTreeBuilderSmokeTest' has no 'soup' member (no-member)
+/home/dmitry/zeev-stxnet/Tools_new/Libraries/bs4/testing.py:218:8: E1101: Instance of 'HTMLTreeBuilderSmokeTest' has no 'assertEqual' member (no-member)
+/home/dmitry/zeev-stxnet/Tools_new/Libraries/bs4/testing.py:222:8: E1101: Instance of 'HTMLTreeBuilderSmokeTest' has no 'assertEqual' member (no-member)
+/home/dmitry/zeev-stxnet/Tools_new/Libraries/bs4/testing.py:224:8: E1101: Instance of 'HTMLTreeBuilderSmokeTest' has no 'assertEqual' member (no-member)
+/home/dmitry/zeev-stxnet/Tools_new/Libraries/bs4/testing.py:228:8: E1101: Instance of 'HTMLTreeBuilderSmokeTest' has no 'assertSoupEquals' member (no-member)
+/home/dmitry/zeev-stxnet/Tools_new/Libraries/bs4/testing.py:229:8: E1101: Instance of 'HTMLTreeBuilderSmokeTest' has no 'assertSoupEquals' member (no-member)
+/home/dmitry/zeev-stxnet/Tools_new/Libraries/bs4/testing.py:234:8: E1101: Instance of 'HTMLTreeBuilderSmokeTest' has no 'assertSoupEquals' member (no-member)
+/home/dmitry/zeev-stxnet/Tools_new/Libraries/bs4/testing.py:237:8: E1101: Instance of 'HTMLTreeBuilderSmokeTest' has no 'assertSoupEquals' member (no-member)
+/home/dmitry/zeev-stxnet/Tools_new/Libraries/bs4/testing.py:240:8: E1101: Instance of 'HTMLTreeBuilderSmokeTest' has no 'assertSoupEquals' member (no-member)
+/home/dmitry/zeev-stxnet/Tools_new/Libraries/bs4/testing.py:244:15: E1101: Instance of 'HTMLTreeBuilderSmokeTest' has no 'soup' member (no-member)
+/home/dmitry/zeev-stxnet/Tools_new/Libraries/bs4/testing.py:246:8: E1101: Instance of 'HTMLTreeBuilderSmokeTest' has no 'assertEqual' member (no-member)
+/home/dmitry/zeev-stxnet/Tools_new/Libraries/bs4/testing.py:247:8: E1101: Instance of 'HTMLTreeBuilderSmokeTest' has no 'assertEqual' member (no-member)
+/home/dmitry/zeev-stxnet/Tools_new/Libraries/bs4/testing.py:258:8: E1101: Instance of 'HTMLTreeBuilderSmokeTest' has no 'assertSoupEquals' member (no-member)
+/home/dmitry/zeev-stxnet/Tools_new/Libraries/bs4/testing.py:264:8: E1101: Instance of 'HTMLTreeBuilderSmokeTest' has no 'assertSoupEquals' member (no-member)
+/home/dmitry/zeev-stxnet/Tools_new/Libraries/bs4/testing.py:274:15: E1101: Instance of 'HTMLTreeBuilderSmokeTest' has no 'soup' member (no-member)
+/home/dmitry/zeev-stxnet/Tools_new/Libraries/bs4/testing.py:275:8: E1101: Instance of 'HTMLTreeBuilderSmokeTest' has no 'assertEqual' member (no-member)
+/home/dmitry/zeev-stxnet/Tools_new/Libraries/bs4/testing.py:282:15: E1101: Instance of 'HTMLTreeBuilderSmokeTest' has no 'soup' member (no-member)
+/home/dmitry/zeev-stxnet/Tools_new/Libraries/bs4/testing.py:283:8: E1101: Instance of 'HTMLTreeBuilderSmokeTest' has no 'assertEqual' member (no-member)
+/home/dmitry/zeev-stxnet/Tools_new/Libraries/bs4/testing.py:286:8: E1101: Instance of 'HTMLTreeBuilderSmokeTest' has no 'assertSoupEquals' member (no-member)
+/home/dmitry/zeev-stxnet/Tools_new/Libraries/bs4/testing.py:290:8: E1101: Instance of 'HTMLTreeBuilderSmokeTest' has no 'assertSoupEquals' member (no-member)
+/home/dmitry/zeev-stxnet/Tools_new/Libraries/bs4/testing.py:291:8: E1101: Instance of 'HTMLTreeBuilderSmokeTest' has no 'assertSoupEquals' member (no-member)
+/home/dmitry/zeev-stxnet/Tools_new/Libraries/bs4/testing.py:292:8: E1101: Instance of 'HTMLTreeBuilderSmokeTest' has no 'assertSoupEquals' member (no-member)
+/home/dmitry/zeev-stxnet/Tools_new/Libraries/bs4/testing.py:293:8: E1101: Instance of 'HTMLTreeBuilderSmokeTest' has no 'assertSoupEquals' member (no-member)
+/home/dmitry/zeev-stxnet/Tools_new/Libraries/bs4/testing.py:297:8: E1101: Instance of 'HTMLTreeBuilderSmokeTest' has no 'assertSoupEquals' member (no-member)
+/home/dmitry/zeev-stxnet/Tools_new/Libraries/bs4/testing.py:298:8: E1101: Instance of 'HTMLTreeBuilderSmokeTest' has no 'assertSoupEquals' member (no-member)
+/home/dmitry/zeev-stxnet/Tools_new/Libraries/bs4/testing.py:299:8: E1101: Instance of 'HTMLTreeBuilderSmokeTest' has no 'assertSoupEquals' member (no-member)
+/home/dmitry/zeev-stxnet/Tools_new/Libraries/bs4/testing.py:300:8: E1101: Instance of 'HTMLTreeBuilderSmokeTest' has no 'assertSoupEquals' member (no-member)
+/home/dmitry/zeev-stxnet/Tools_new/Libraries/bs4/testing.py:303:8: E1101: Instance of 'HTMLTreeBuilderSmokeTest' has no 'assertSoupEquals' member (no-member)
+/home/dmitry/zeev-stxnet/Tools_new/Libraries/bs4/testing.py:308:8: E1101: Instance of 'HTMLTreeBuilderSmokeTest' has no 'assertSoupEquals' member (no-member)
+/home/dmitry/zeev-stxnet/Tools_new/Libraries/bs4/testing.py:309:8: E1101: Instance of 'HTMLTreeBuilderSmokeTest' has no 'assertSoupEquals' member (no-member)
+/home/dmitry/zeev-stxnet/Tools_new/Libraries/bs4/testing.py:310:8: E1101: Instance of 'HTMLTreeBuilderSmokeTest' has no 'assertSoupEquals' member (no-member)
+/home/dmitry/zeev-stxnet/Tools_new/Libraries/bs4/testing.py:314:15: E1101: Instance of 'HTMLTreeBuilderSmokeTest' has no 'soup' member (no-member)
+/home/dmitry/zeev-stxnet/Tools_new/Libraries/bs4/testing.py:315:8: E1101: Instance of 'HTMLTreeBuilderSmokeTest' has no 'assertEqual' member (no-member)
+/home/dmitry/zeev-stxnet/Tools_new/Libraries/bs4/testing.py:316:8: E1101: Instance of 'HTMLTreeBuilderSmokeTest' has no 'assertEqual' member (no-member)
+/home/dmitry/zeev-stxnet/Tools_new/Libraries/bs4/testing.py:317:8: E1101: Instance of 'HTMLTreeBuilderSmokeTest' has no 'assertConnectedness' member (no-member)
+/home/dmitry/zeev-stxnet/Tools_new/Libraries/bs4/testing.py:326:15: E1101: Instance of 'HTMLTreeBuilderSmokeTest' has no 'soup' member (no-member)
+/home/dmitry/zeev-stxnet/Tools_new/Libraries/bs4/testing.py:327:8: E1101: Instance of 'HTMLTreeBuilderSmokeTest' has no 'assertNotEqual' member (no-member)
+/home/dmitry/zeev-stxnet/Tools_new/Libraries/bs4/testing.py:328:8: E1101: Instance of 'HTMLTreeBuilderSmokeTest' has no 'assertConnectedness' member (no-member)
+/home/dmitry/zeev-stxnet/Tools_new/Libraries/bs4/testing.py:344:15: E1101: Instance of 'HTMLTreeBuilderSmokeTest' has no 'soup' member (no-member)
+/home/dmitry/zeev-stxnet/Tools_new/Libraries/bs4/testing.py:345:8: E1101: Instance of 'HTMLTreeBuilderSmokeTest' has no 'assertConnectedness' member (no-member)
+/home/dmitry/zeev-stxnet/Tools_new/Libraries/bs4/testing.py:353:15: E1101: Instance of 'HTMLTreeBuilderSmokeTest' has no 'soup' member (no-member)
+/home/dmitry/zeev-stxnet/Tools_new/Libraries/bs4/testing.py:354:8: E1101: Instance of 'HTMLTreeBuilderSmokeTest' has no 'assertEqual' member (no-member)
+/home/dmitry/zeev-stxnet/Tools_new/Libraries/bs4/testing.py:356:8: E1101: Instance of 'HTMLTreeBuilderSmokeTest' has no 'assertEqual' member (no-member)
+/home/dmitry/zeev-stxnet/Tools_new/Libraries/bs4/testing.py:357:8: E1101: Instance of 'HTMLTreeBuilderSmokeTest' has no 'assertEqual' member (no-member)
+/home/dmitry/zeev-stxnet/Tools_new/Libraries/bs4/testing.py:359:8: E1101: Instance of 'HTMLTreeBuilderSmokeTest' has no 'assertEqual' member (no-member)
+/home/dmitry/zeev-stxnet/Tools_new/Libraries/bs4/testing.py:364:15: E1101: Instance of 'HTMLTreeBuilderSmokeTest' has no 'soup' member (no-member)
+/home/dmitry/zeev-stxnet/Tools_new/Libraries/bs4/testing.py:365:8: E1101: Instance of 'HTMLTreeBuilderSmokeTest' has no 'assertEqual' member (no-member)
+/home/dmitry/zeev-stxnet/Tools_new/Libraries/bs4/testing.py:379:15: E1101: Instance of 'HTMLTreeBuilderSmokeTest' has no 'soup' member (no-member)
+/home/dmitry/zeev-stxnet/Tools_new/Libraries/bs4/testing.py:380:8: E1101: Instance of 'HTMLTreeBuilderSmokeTest' has no 'assertEqual' member (no-member)
+/home/dmitry/zeev-stxnet/Tools_new/Libraries/bs4/testing.py:385:15: E1101: Instance of 'HTMLTreeBuilderSmokeTest' has no 'soup' member (no-member)
+/home/dmitry/zeev-stxnet/Tools_new/Libraries/bs4/testing.py:387:8: E1101: Instance of 'HTMLTreeBuilderSmokeTest' has no 'assertEqual' member (no-member)
+/home/dmitry/zeev-stxnet/Tools_new/Libraries/bs4/testing.py:390:8: E1101: Instance of 'HTMLTreeBuilderSmokeTest' has no 'assertSoupEquals' member (no-member)
+/home/dmitry/zeev-stxnet/Tools_new/Libraries/bs4/testing.py:395:8: E1101: Instance of 'HTMLTreeBuilderSmokeTest' has no 'assertSoupEquals' member (no-member)
+/home/dmitry/zeev-stxnet/Tools_new/Libraries/bs4/testing.py:399:15: E1101: Instance of 'HTMLTreeBuilderSmokeTest' has no 'soup' member (no-member)
+/home/dmitry/zeev-stxnet/Tools_new/Libraries/bs4/testing.py:401:8: E1101: Instance of 'HTMLTreeBuilderSmokeTest' has no 'assertSoupEquals' member (no-member)
+/home/dmitry/zeev-stxnet/Tools_new/Libraries/bs4/testing.py:406:8: E1101: Instance of 'HTMLTreeBuilderSmokeTest' has no 'assertSoupEquals' member (no-member)
+/home/dmitry/zeev-stxnet/Tools_new/Libraries/bs4/testing.py:409:8: E1101: Instance of 'HTMLTreeBuilderSmokeTest' has no 'assertSoupEquals' member (no-member)
+/home/dmitry/zeev-stxnet/Tools_new/Libraries/bs4/testing.py:414:8: E1101: Instance of 'HTMLTreeBuilderSmokeTest' has no 'assertSoupEquals' member (no-member)
+/home/dmitry/zeev-stxnet/Tools_new/Libraries/bs4/testing.py:421:8: E1101: Instance of 'HTMLTreeBuilderSmokeTest' has no 'assertSoupEquals' member (no-member)
+/home/dmitry/zeev-stxnet/Tools_new/Libraries/bs4/testing.py:427:15: E1101: Instance of 'HTMLTreeBuilderSmokeTest' has no 'soup' member (no-member)
+/home/dmitry/zeev-stxnet/Tools_new/Libraries/bs4/testing.py:428:8: E1101: Instance of 'HTMLTreeBuilderSmokeTest' has no 'assertEqual' member (no-member)
+/home/dmitry/zeev-stxnet/Tools_new/Libraries/bs4/testing.py:433:15: E1101: Instance of 'HTMLTreeBuilderSmokeTest' has no 'soup' member (no-member)
+/home/dmitry/zeev-stxnet/Tools_new/Libraries/bs4/testing.py:434:8: E1101: Instance of 'HTMLTreeBuilderSmokeTest' has no 'assertEqual' member (no-member)
+/home/dmitry/zeev-stxnet/Tools_new/Libraries/bs4/testing.py:439:15: E1101: Instance of 'HTMLTreeBuilderSmokeTest' has no 'soup' member (no-member)
+/home/dmitry/zeev-stxnet/Tools_new/Libraries/bs4/testing.py:440:8: E1101: Instance of 'HTMLTreeBuilderSmokeTest' has no 'assertEqual' member (no-member)
+/home/dmitry/zeev-stxnet/Tools_new/Libraries/bs4/testing.py:454:15: E1101: Instance of 'HTMLTreeBuilderSmokeTest' has no 'soup' member (no-member)
+/home/dmitry/zeev-stxnet/Tools_new/Libraries/bs4/testing.py:467:8: E1101: Instance of 'HTMLTreeBuilderSmokeTest' has no 'assertEqual' member (no-member)
+/home/dmitry/zeev-stxnet/Tools_new/Libraries/bs4/testing.py:479:15: E1101: Instance of 'HTMLTreeBuilderSmokeTest' has no 'soup' member (no-member)
+/home/dmitry/zeev-stxnet/Tools_new/Libraries/bs4/testing.py:483:8: E1101: Instance of 'HTMLTreeBuilderSmokeTest' has no 'assertEqual' member (no-member)
+/home/dmitry/zeev-stxnet/Tools_new/Libraries/bs4/testing.py:484:8: E1101: Instance of 'HTMLTreeBuilderSmokeTest' has no 'assertEqual' member (no-member)
+/home/dmitry/zeev-stxnet/Tools_new/Libraries/bs4/testing.py:490:15: E1101: Instance of 'HTMLTreeBuilderSmokeTest' has no 'soup' member (no-member)
+/home/dmitry/zeev-stxnet/Tools_new/Libraries/bs4/testing.py:492:8: E1101: Instance of 'HTMLTreeBuilderSmokeTest' has no 'assertEqual' member (no-member)
+/home/dmitry/zeev-stxnet/Tools_new/Libraries/bs4/testing.py:493:8: E1101: Instance of 'HTMLTreeBuilderSmokeTest' has no 'assertEqual' member (no-member)
+/home/dmitry/zeev-stxnet/Tools_new/Libraries/bs4/testing.py:508:15: E1101: Instance of 'HTMLTreeBuilderSmokeTest' has no 'soup' member (no-member)
+/home/dmitry/zeev-stxnet/Tools_new/Libraries/bs4/testing.py:513:8: E1101: Instance of 'HTMLTreeBuilderSmokeTest' has no 'assertEqual' member (no-member)
+/home/dmitry/zeev-stxnet/Tools_new/Libraries/bs4/testing.py:516:8: E1101: Instance of 'HTMLTreeBuilderSmokeTest' has no 'assertTrue' member (no-member)
+/home/dmitry/zeev-stxnet/Tools_new/Libraries/bs4/testing.py:520:8: E1101: Instance of 'HTMLTreeBuilderSmokeTest' has no 'assertEqual' member (no-member)
+/home/dmitry/zeev-stxnet/Tools_new/Libraries/bs4/testing.py:535:15: E1101: Instance of 'HTMLTreeBuilderSmokeTest' has no 'soup' member (no-member)
+/home/dmitry/zeev-stxnet/Tools_new/Libraries/bs4/testing.py:540:8: E1101: Instance of 'HTMLTreeBuilderSmokeTest' has no 'assertEqual' member (no-member)
+/home/dmitry/zeev-stxnet/Tools_new/Libraries/bs4/testing.py:543:8: E1101: Instance of 'HTMLTreeBuilderSmokeTest' has no 'assertTrue' member (no-member)
+/home/dmitry/zeev-stxnet/Tools_new/Libraries/bs4/testing.py:547:8: E1101: Instance of 'HTMLTreeBuilderSmokeTest' has no 'assertEqual' member (no-member)
+/home/dmitry/zeev-stxnet/Tools_new/Libraries/bs4/testing.py:550:15: E1101: Instance of 'HTMLTreeBuilderSmokeTest' has no 'soup' member (no-member)
+/home/dmitry/zeev-stxnet/Tools_new/Libraries/bs4/testing.py:552:8: E1101: Instance of 'HTMLTreeBuilderSmokeTest' has no 'assertEqual' member (no-member)
+/home/dmitry/zeev-stxnet/Tools_new/Libraries/bs4/testing.py:559:15: E1101: Instance of 'XMLTreeBuilderSmokeTest' has no 'soup' member (no-member)
+/home/dmitry/zeev-stxnet/Tools_new/Libraries/bs4/testing.py:562:8: E1101: Instance of 'XMLTreeBuilderSmokeTest' has no 'assertEqual' member (no-member)
+/home/dmitry/zeev-stxnet/Tools_new/Libraries/bs4/testing.py:563:8: E1101: Instance of 'XMLTreeBuilderSmokeTest' has no 'assertEqual' member (no-member)
+/home/dmitry/zeev-stxnet/Tools_new/Libraries/bs4/testing.py:566:15: E1101: Instance of 'XMLTreeBuilderSmokeTest' has no 'soup' member (no-member)
+/home/dmitry/zeev-stxnet/Tools_new/Libraries/bs4/testing.py:567:8: E1101: Instance of 'XMLTreeBuilderSmokeTest' has no 'assertEqual' member (no-member)
+/home/dmitry/zeev-stxnet/Tools_new/Libraries/bs4/testing.py:572:15: E1101: Instance of 'XMLTreeBuilderSmokeTest' has no 'soup' member (no-member)
+/home/dmitry/zeev-stxnet/Tools_new/Libraries/bs4/testing.py:573:8: E1101: Instance of 'XMLTreeBuilderSmokeTest' has no 'assertEqual' member (no-member)
+/home/dmitry/zeev-stxnet/Tools_new/Libraries/bs4/testing.py:583:15: E1101: Instance of 'XMLTreeBuilderSmokeTest' has no 'soup' member (no-member)
+/home/dmitry/zeev-stxnet/Tools_new/Libraries/bs4/testing.py:584:8: E1101: Instance of 'XMLTreeBuilderSmokeTest' has no 'assertEqual' member (no-member)
+/home/dmitry/zeev-stxnet/Tools_new/Libraries/bs4/testing.py:597:8: E1101: Instance of 'XMLTreeBuilderSmokeTest' has no 'assertTrue' member (no-member)
+/home/dmitry/zeev-stxnet/Tools_new/Libraries/bs4/testing.py:601:15: E1101: Instance of 'XMLTreeBuilderSmokeTest' has no 'soup' member (no-member)
+/home/dmitry/zeev-stxnet/Tools_new/Libraries/bs4/testing.py:602:8: E1101: Instance of 'XMLTreeBuilderSmokeTest' has no 'assertEqual' member (no-member)
+/home/dmitry/zeev-stxnet/Tools_new/Libraries/bs4/testing.py:606:15: E1101: Instance of 'XMLTreeBuilderSmokeTest' has no 'soup' member (no-member)
+/home/dmitry/zeev-stxnet/Tools_new/Libraries/bs4/testing.py:607:8: E1101: Instance of 'XMLTreeBuilderSmokeTest' has no 'assertEqual' member (no-member)
+/home/dmitry/zeev-stxnet/Tools_new/Libraries/bs4/testing.py:611:15: E1101: Instance of 'XMLTreeBuilderSmokeTest' has no 'soup' member (no-member)
+/home/dmitry/zeev-stxnet/Tools_new/Libraries/bs4/testing.py:612:8: E1101: Instance of 'XMLTreeBuilderSmokeTest' has no 'assertEqual' member (no-member)
+/home/dmitry/zeev-stxnet/Tools_new/Libraries/bs4/testing.py:621:15: E1101: Instance of 'XMLTreeBuilderSmokeTest' has no 'soup' member (no-member)
+/home/dmitry/zeev-stxnet/Tools_new/Libraries/bs4/testing.py:622:8: E1101: Instance of 'XMLTreeBuilderSmokeTest' has no 'assertEqual' member (no-member)
+/home/dmitry/zeev-stxnet/Tools_new/Libraries/bs4/testing.py:626:8: E1101: Instance of 'XMLTreeBuilderSmokeTest' has no 'assertSoupEquals' member (no-member)
+/home/dmitry/zeev-stxnet/Tools_new/Libraries/bs4/testing.py:627:8: E1101: Instance of 'XMLTreeBuilderSmokeTest' has no 'assertSoupEquals' member (no-member)
+/home/dmitry/zeev-stxnet/Tools_new/Libraries/bs4/testing.py:631:15: E1101: Instance of 'XMLTreeBuilderSmokeTest' has no 'soup' member (no-member)
+/home/dmitry/zeev-stxnet/Tools_new/Libraries/bs4/testing.py:633:8: E1101: Instance of 'XMLTreeBuilderSmokeTest' has no 'assertEqual' member (no-member)
+/home/dmitry/zeev-stxnet/Tools_new/Libraries/bs4/testing.py:634:8: E1101: Instance of 'XMLTreeBuilderSmokeTest' has no 'assertEqual' member (no-member)
+/home/dmitry/zeev-stxnet/Tools_new/Libraries/bs4/testing.py:638:15: E1101: Instance of 'XMLTreeBuilderSmokeTest' has no 'soup' member (no-member)
+/home/dmitry/zeev-stxnet/Tools_new/Libraries/bs4/testing.py:639:8: E1101: Instance of 'XMLTreeBuilderSmokeTest' has no 'assertEqual' member (no-member)
+/home/dmitry/zeev-stxnet/Tools_new/Libraries/bs4/testing.py:643:15: E1101: Instance of 'XMLTreeBuilderSmokeTest' has no 'soup' member (no-member)
+/home/dmitry/zeev-stxnet/Tools_new/Libraries/bs4/testing.py:644:8: E1101: Instance of 'XMLTreeBuilderSmokeTest' has no 'assertEqual' member (no-member)
+/home/dmitry/zeev-stxnet/Tools_new/Libraries/bs4/testing.py:648:15: E1101: Instance of 'XMLTreeBuilderSmokeTest' has no 'soup' member (no-member)
+/home/dmitry/zeev-stxnet/Tools_new/Libraries/bs4/testing.py:649:8: E1101: Instance of 'XMLTreeBuilderSmokeTest' has no 'assertEqual' member (no-member)
+/home/dmitry/zeev-stxnet/Tools_new/Libraries/bs4/testing.py:661:15: E1101: Instance of 'HTML5TreeBuilderSmokeTest' has no 'soup' member (no-member)
+/home/dmitry/zeev-stxnet/Tools_new/Libraries/bs4/testing.py:662:8: E1101: Instance of 'HTML5TreeBuilderSmokeTest' has no 'assertEqual' member (no-member)
+/home/dmitry/zeev-stxnet/Tools_new/Libraries/bs4/testing.py:666:15: E1101: Instance of 'HTML5TreeBuilderSmokeTest' has no 'soup' member (no-member)
+/home/dmitry/zeev-stxnet/Tools_new/Libraries/bs4/testing.py:668:8: E1101: Instance of 'HTML5TreeBuilderSmokeTest' has no 'assertEqual' member (no-member)
+/home/dmitry/zeev-stxnet/Tools_new/Libraries/bs4/testing.py:669:8: E1101: Instance of 'HTML5TreeBuilderSmokeTest' has no 'assertEqual' member (no-member)
+/home/dmitry/zeev-stxnet/Tools_new/Libraries/bs4/testing.py:674:15: E1101: Instance of 'HTML5TreeBuilderSmokeTest' has no 'soup' member (no-member)
+/home/dmitry/zeev-stxnet/Tools_new/Libraries/bs4/testing.py:676:8: E1101: Instance of 'HTML5TreeBuilderSmokeTest' has no 'assertEqual' member (no-member)
+/home/dmitry/zeev-stxnet/Tools_new/Libraries/bs4/testing.py:677:8: E1101: Instance of 'HTML5TreeBuilderSmokeTest' has no 'assertEqual' member (no-member)
+/home/dmitry/zeev-stxnet/Tools_new/Libraries/bs4/testing.py:681:15: E1101: Instance of 'HTML5TreeBuilderSmokeTest' has no 'soup' member (no-member)
+/home/dmitry/zeev-stxnet/Tools_new/Libraries/bs4/testing.py:682:8: E1101: Instance of 'HTML5TreeBuilderSmokeTest' has no 'assertTrue' member (no-member)
+/home/dmitry/zeev-stxnet/Tools_new/Libraries/bs4/testing.py:683:8: E1101: Instance of 'HTML5TreeBuilderSmokeTest' has no 'assertEqual' member (no-member)
+/home/dmitry/zeev-stxnet/Tools_new/Libraries/bs4/testing.py:684:8: E1101: Instance of 'HTML5TreeBuilderSmokeTest' has no 'assertEqual' member (no-member)
 ************* Module bs4.tests.test_builder_registry
-E: 14, 0: No name 'HTMLParserTreeBuilder' in module 'bs4.builder' (no-name-in-module)
+/home/dmitry/zeev-stxnet/Tools_new/Libraries/bs4/tests/test_builder_registry.py:14:0: E0611: No name 'HTMLParserTreeBuilder' in module 'bs4.builder' (no-name-in-module)
 ************* Module bs4.tests.test_soup
-E: 77, 8: Instance of 'TestWarnings' has no '_assert_no_parser_specified' member (no-member)
-E: 81,19: Too many positional arguments for method call (too-many-function-args)
-E: 83, 8: Instance of 'TestWarnings' has no '_assert_no_parser_specified' member (no-member)
-E: 87,19: Too many positional arguments for method call (too-many-function-args)
-E:111, 0: class already defined line 67 (function-redefined)
-E:487, 4: method already defined line 480 (function-redefined)
+/home/dmitry/zeev-stxnet/Tools_new/Libraries/bs4/tests/test_soup.py:77:8: E1101: Instance of 'TestWarnings' has no '_assert_no_parser_specified' member (no-member)
+/home/dmitry/zeev-stxnet/Tools_new/Libraries/bs4/tests/test_soup.py:81:19: E1121: Too many positional arguments for method call (too-many-function-args)
+/home/dmitry/zeev-stxnet/Tools_new/Libraries/bs4/tests/test_soup.py:83:8: E1101: Instance of 'TestWarnings' has no '_assert_no_parser_specified' member (no-member)
+/home/dmitry/zeev-stxnet/Tools_new/Libraries/bs4/tests/test_soup.py:87:19: E1121: Too many positional arguments for method call (too-many-function-args)
+/home/dmitry/zeev-stxnet/Tools_new/Libraries/bs4/tests/test_soup.py:111:0: E0102: class already defined line 67 (function-redefined)
+/home/dmitry/zeev-stxnet/Tools_new/Libraries/bs4/tests/test_soup.py:483:35: E1101: Instance of 'CharsetMetaAttributeValue' has no 'original_value' member (no-member)
+/home/dmitry/zeev-stxnet/Tools_new/Libraries/bs4/tests/test_soup.py:487:4: E0102: method already defined line 480 (function-redefined)
+/home/dmitry/zeev-stxnet/Tools_new/Libraries/bs4/tests/test_soup.py:490:54: E1101: Instance of 'ContentMetaAttributeValue' has no 'original_value' member (no-member)
 ************* Module bs4.tests.test_docs
-E:  7, 0: Bad option value 'W0142' (bad-option-value)
-E: 14, 4: Undefined variable name u'additional_tests' in __all__ (undefined-all-variable)
+/home/dmitry/zeev-stxnet/Tools_new/Libraries/bs4/tests/test_docs.py:7:0: E0012: Bad option value 'W0142' (bad-option-value)
+/home/dmitry/zeev-stxnet/Tools_new/Libraries/bs4/tests/test_docs.py:14:4: E0603: Undefined variable name 'additional_tests' in __all__ (undefined-all-variable)
 ************* Module bs4.tests.test_lxml
-E: 17,19: Module 'lxml' has no 'etree' member (no-member)
-E: 23, 4: No name 'LXMLTreeBuilder' in module 'bs4.builder' (no-name-in-module)
-E: 23, 4: No name 'LXMLTreeBuilderForXML' in module 'bs4.builder' (no-name-in-module)
+/home/dmitry/zeev-stxnet/Tools_new/Libraries/bs4/tests/test_lxml.py:17:19: E1101: Module 'lxml' has no 'etree' member (no-member)
+/home/dmitry/zeev-stxnet/Tools_new/Libraries/bs4/tests/test_lxml.py:23:4: E0611: No name 'LXMLTreeBuilder' in module 'bs4.builder' (no-name-in-module)
+/home/dmitry/zeev-stxnet/Tools_new/Libraries/bs4/tests/test_lxml.py:23:4: E0611: No name 'LXMLTreeBuilderForXML' in module 'bs4.builder' (no-name-in-module)
 ************* Module bs4.tests.test_tree
-E: 26, 0: No name 'HTMLParserTreeBuilder' in module 'bs4.builder' (no-name-in-module)
-E:171, 8: Bad first argument 'TreeTest' given to super() (bad-super-call)
-E:489, 8: Bad first argument 'TreeTest' given to super() (bad-super-call)
+/home/dmitry/zeev-stxnet/Tools_new/Libraries/bs4/tests/test_tree.py:26:0: E0611: No name 'HTMLParserTreeBuilder' in module 'bs4.builder' (no-name-in-module)
+/home/dmitry/zeev-stxnet/Tools_new/Libraries/bs4/tests/test_tree.py:171:8: E1003: Bad first argument 'TreeTest' given to super() (bad-super-call)
+/home/dmitry/zeev-stxnet/Tools_new/Libraries/bs4/tests/test_tree.py:489:8: E1003: Bad first argument 'TreeTest' given to super() (bad-super-call)
 ************* Module bs4.tests.test_htmlparser
-E: 14, 0: No name 'HTMLParserTreeBuilder' in module 'bs4.builder' (no-name-in-module)
+/home/dmitry/zeev-stxnet/Tools_new/Libraries/bs4/tests/test_htmlparser.py:14:0: E0611: No name 'HTMLParserTreeBuilder' in module 'bs4.builder' (no-name-in-module)
 ************* Module bs4.diagnose
-E: 96, 4: No name 'etree' in module 'lxml' (no-name-in-module)
-E:197, 4: No name 'etree' in module 'lxml' (no-name-in-module)
-E:203, 4: Unable to import 'html5lib' (import-error)
+/home/dmitry/zeev-stxnet/Tools_new/Libraries/bs4/diagnose.py:96:4: E0611: No name 'etree' in module 'lxml' (no-name-in-module)
+/home/dmitry/zeev-stxnet/Tools_new/Libraries/bs4/diagnose.py:197:4: E0611: No name 'etree' in module 'lxml' (no-name-in-module)
+/home/dmitry/zeev-stxnet/Tools_new/Libraries/bs4/diagnose.py:203:4: E0401: Unable to import 'html5lib' (import-error)
+************* Module NNA_Codesign
+/home/dmitry/zeev-stxnet/Tools_new/Libraries/NNA_Codesign.py:31:0: E0401: Unable to import 'popen2' (import-error)
+/home/dmitry/zeev-stxnet/Tools_new/Libraries/NNA_Codesign.py:33:0: E0401: Unable to import 'md5' (import-error)
+************* Module PackUtilities
+/home/dmitry/zeev-stxnet/Tools_new/Libraries/PackUtilities.py:371:38: E1101: Instance of 'KeyError' has no 'message' member (no-member)
 ************* Module P4Utilities
-E:151,14: Module 'NNAPasswords' has no 'P4CLIENT' member (no-member)
+/home/dmitry/zeev-stxnet/Tools_new/Libraries/P4Utilities.py:151:14: E1101: Module 'NNAPasswords' has no 'P4CLIENT' member (no-member)
+/home/dmitry/zeev-stxnet/Tools_new/Libraries/P4Utilities.py:231:22: E1101: Module 'os' has no 'popen3' member; maybe 'popen'? (no-member)
+/home/dmitry/zeev-stxnet/Tools_new/Libraries/P4Utilities.py:245:23: E1101: Module 'os' has no 'popen3' member; maybe 'popen'? (no-member)
+/home/dmitry/zeev-stxnet/Tools_new/Libraries/P4Utilities.py:258:15: E1101: Module 'os' has no 'popen2' member; maybe 'popen'? (no-member)
+/home/dmitry/zeev-stxnet/Tools_new/Libraries/P4Utilities.py:270:27: E1101: Module 'os' has no 'popen4' member; maybe 'popen'? (no-member)
+/home/dmitry/zeev-stxnet/Tools_new/Libraries/P4Utilities.py:277:23: E1101: Module 'os' has no 'popen3' member; maybe 'popen'? (no-member)
+/home/dmitry/zeev-stxnet/Tools_new/Libraries/P4Utilities.py:306:19: E1101: Module 'os' has no 'popen2' member; maybe 'popen'? (no-member)
+/home/dmitry/zeev-stxnet/Tools_new/Libraries/P4Utilities.py:729:21: E1101: Module 'os' has no 'popen2' member; maybe 'popen'? (no-member)
+/home/dmitry/zeev-stxnet/Tools_new/Libraries/P4Utilities.py:889:10: E1101: Module 'string' has no 'lower' member (no-member)
+/home/dmitry/zeev-stxnet/Tools_new/Libraries/P4Utilities.py:891:8: E1101: Module 'exceptions' has no 'KeyError' member (no-member)
+/home/dmitry/zeev-stxnet/Tools_new/Libraries/P4Utilities.py:912:8: E1101: Module 'string' has no 'lower' member (no-member)
+/home/dmitry/zeev-stxnet/Tools_new/Libraries/P4Utilities.py:918:7: E1101: Module 'string' has no 'lower' member (no-member)
+/home/dmitry/zeev-stxnet/Tools_new/Libraries/P4Utilities.py:1214:12: E1101: Module 'string' has no 'strip' member (no-member)
+/home/dmitry/zeev-stxnet/Tools_new/Libraries/P4Utilities.py:1216:12: E1101: Module 'string' has no 'rfind' member (no-member)
+/home/dmitry/zeev-stxnet/Tools_new/Libraries/P4Utilities.py:1269:23: E1101: Module 'string' has no 'lower' member (no-member)
+/home/dmitry/zeev-stxnet/Tools_new/Libraries/P4Utilities.py:1269:68: E1101: Module 'string' has no 'lower' member (no-member)
+/home/dmitry/zeev-stxnet/Tools_new/Libraries/P4Utilities.py:1270:22: E1101: Module 'string' has no 'lower' member (no-member)
+/home/dmitry/zeev-stxnet/Tools_new/Libraries/P4Utilities.py:1297:5: E1101: Module 'string' has no 'lower' member (no-member)
+/home/dmitry/zeev-stxnet/Tools_new/Libraries/P4Utilities.py:1317:26: E1101: Module 'string' has no 'lower' member (no-member)
+/home/dmitry/zeev-stxnet/Tools_new/Libraries/P4Utilities.py:1323:23: E1101: Module 'string' has no 'lower' member (no-member)
+/home/dmitry/zeev-stxnet/Tools_new/Libraries/P4Utilities.py:1323:74: E1101: Module 'string' has no 'lower' member (no-member)
+/home/dmitry/zeev-stxnet/Tools_new/Libraries/P4Utilities.py:1324:24: E1101: Module 'string' has no 'lower' member (no-member)
+/home/dmitry/zeev-stxnet/Tools_new/Libraries/P4Utilities.py:1325:24: E1101: Module 'string' has no 'lower' member (no-member)
+/home/dmitry/zeev-stxnet/Tools_new/Libraries/P4Utilities.py:1326:24: E1101: Module 'string' has no 'lower' member (no-member)
+/home/dmitry/zeev-stxnet/Tools_new/Libraries/P4Utilities.py:1326:55: E1101: Module 'string' has no 'lower' member (no-member)
+/home/dmitry/zeev-stxnet/Tools_new/Libraries/P4Utilities.py:1327:24: E1101: Module 'string' has no 'lower' member (no-member)
+/home/dmitry/zeev-stxnet/Tools_new/Libraries/P4Utilities.py:1327:58: E1101: Module 'string' has no 'lower' member (no-member)
+/home/dmitry/zeev-stxnet/Tools_new/Libraries/P4Utilities.py:1328:23: E1101: Module 'string' has no 'lower' member (no-member)
+/home/dmitry/zeev-stxnet/Tools_new/Libraries/P4Utilities.py:1328:77: E1101: Module 'string' has no 'lower' member (no-member)
+/home/dmitry/zeev-stxnet/Tools_new/Libraries/P4Utilities.py:1329:23: E1101: Module 'string' has no 'lower' member (no-member)
+/home/dmitry/zeev-stxnet/Tools_new/Libraries/P4Utilities.py:1329:74: E1101: Module 'string' has no 'lower' member (no-member)
 ************* Module WindowsSignUtils
-E:130,90: Class 'traceback' has no 'format_exc' member (no-member)
+/home/dmitry/zeev-stxnet/Tools_new/Libraries/WindowsSignUtils.py:130:90: E1101: Class 'traceback' has no 'format_exc' member (no-member)
 ************* Module BeautifulSoup
-E:381,15: Undefined variable '__str__' (undefined-variable)
-E:1026,19: Class 'SGMLParser' has no '__getattr__' member (no-member)
-E:1562, 4: Unable to import 'cjkcodecs.aliases' (import-error)
-E:1566, 4: Unable to import 'iconv_codec' (import-error)
-E:1583, 4: Explicit return in __init__ (return-in-init)
+/home/dmitry/zeev-stxnet/Tools_new/Libraries/BeautifulSoup.py:68:0: E0401: Unable to import 'sgmllib' (import-error)
+/home/dmitry/zeev-stxnet/Tools_new/Libraries/BeautifulSoup.py:72:0: E0401: Unable to import 'sgmllib' (import-error)
+/home/dmitry/zeev-stxnet/Tools_new/Libraries/BeautifulSoup.py:147:49: E1101: Instance of 'PageElement' has no 'contents' member (no-member)
+/home/dmitry/zeev-stxnet/Tools_new/Libraries/BeautifulSoup.py:148:24: E1101: Instance of 'PageElement' has no 'contents' member (no-member)
+/home/dmitry/zeev-stxnet/Tools_new/Libraries/BeautifulSoup.py:157:38: E1101: Instance of 'PageElement' has no 'contents' member (no-member)
+/home/dmitry/zeev-stxnet/Tools_new/Libraries/BeautifulSoup.py:162:24: E1101: Instance of 'PageElement' has no 'find' member (no-member)
+/home/dmitry/zeev-stxnet/Tools_new/Libraries/BeautifulSoup.py:177:28: E1101: Instance of 'PageElement' has no 'contents' member (no-member)
+/home/dmitry/zeev-stxnet/Tools_new/Libraries/BeautifulSoup.py:186:27: E1101: Instance of 'PageElement' has no 'contents' member (no-member)
+/home/dmitry/zeev-stxnet/Tools_new/Libraries/BeautifulSoup.py:201:24: E1101: Instance of 'PageElement' has no 'contents' member (no-member)
+/home/dmitry/zeev-stxnet/Tools_new/Libraries/BeautifulSoup.py:209:8: E1101: Instance of 'PageElement' has no 'contents' member (no-member)
+/home/dmitry/zeev-stxnet/Tools_new/Libraries/BeautifulSoup.py:319:16: E1101: Instance of 'PageElement' has no '__next__' member (no-member)
+/home/dmitry/zeev-stxnet/Tools_new/Libraries/BeautifulSoup.py:381:15: E0602: Undefined variable '__str__' (undefined-variable)
+/home/dmitry/zeev-stxnet/Tools_new/Libraries/BeautifulSoup.py:1562:4: E0401: Unable to import 'cjkcodecs.aliases' (import-error)
+/home/dmitry/zeev-stxnet/Tools_new/Libraries/BeautifulSoup.py:1566:4: E0401: Unable to import 'iconv_codec' (import-error)
+/home/dmitry/zeev-stxnet/Tools_new/Libraries/BeautifulSoup.py:1583:4: E0101: Explicit return in __init__ (return-in-init)
+/home/dmitry/zeev-stxnet/Tools_new/Libraries/BeautifulSoup.py:1782:36: E1101: Module 'string' has no 'maketrans' member (no-member)
 ************* Module FileGroups
-E: 49, 0: Module 'sys' has no 'setdefaultencoding' member; maybe 'getdefaultencoding'? (no-member)
-E:419,11: Undefined variable 'FileGroupConfig' (undefined-variable)
-E:732,30: No value for argument 'platform' in function call (no-value-for-parameter)
+/home/dmitry/zeev-stxnet/Tools_new/Libraries/FileGroups.py:48:0: E0602: Undefined variable 'reload' (undefined-variable)
+/home/dmitry/zeev-stxnet/Tools_new/Libraries/FileGroups.py:49:0: E1101: Module 'sys' has no 'setdefaultencoding' member; maybe 'getdefaultencoding'? (no-member)
+/home/dmitry/zeev-stxnet/Tools_new/Libraries/FileGroups.py:419:11: E0602: Undefined variable 'FileGroupConfig' (undefined-variable)
+/home/dmitry/zeev-stxnet/Tools_new/Libraries/FileGroups.py:505:6: E1101: Module 'ntpath' has no 'walk' member (no-member)
+/home/dmitry/zeev-stxnet/Tools_new/Libraries/FileGroups.py:505:6: E1101: Module 'posixpath' has no 'walk' member (no-member)
+/home/dmitry/zeev-stxnet/Tools_new/Libraries/FileGroups.py:545:3: E1101: Module 'ntpath' has no 'walk' member (no-member)
+/home/dmitry/zeev-stxnet/Tools_new/Libraries/FileGroups.py:545:3: E1101: Module 'posixpath' has no 'walk' member (no-member)
+/home/dmitry/zeev-stxnet/Tools_new/Libraries/FileGroups.py:732:30: E1120: No value for argument 'platform' in function call (no-value-for-parameter)
 ************* Module VSSConnection
-E: 24, 0: Unable to import 'NNALogging' (import-error)
-E: 28, 0: Unable to import 'yaml' (import-error)
-E: 40,21: Module 'NNAPasswords' has no 'gBOJobsBearerToken' member (no-member)
-E:164, 0: Unable to import 'urllib.request' (import-error)
-E:164, 0: Unable to import 'urllib.error' (import-error)
-E:164, 0: Unable to import 'urllib.parse' (import-error)
+/home/dmitry/zeev-stxnet/Tools_new/Libraries/VSSConnection.py:24:0: E0001: Cannot import 'NNALogging' due to syntax error "(unicode error) 'unicodeescape' codec can't decode bytes in position 206-207: malformed \\N character escape (<unknown>, line 114)" (syntax-error)
+/home/dmitry/zeev-stxnet/Tools_new/Libraries/VSSConnection.py:40:21: E1101: Module 'NNAPasswords' has no 'gBOJobsBearerToken' member (no-member)
 ************* Module SymbolicateLogsWinUtils
-E: 13, 0: Unable to import 'SymbolicateLogsCommonUtils' (import-error)
-E: 14, 0: Unable to import 'SymbolicateLogsCommonUtils' (import-error)
-E: 15, 0: Unable to import 'SymbolicateLogsCommonUtils' (import-error)
-E: 16, 0: Unable to import 'SymbolicateLogsCommonUtils' (import-error)
-E: 17, 0: Unable to import 'SymbolicateLogsCommonUtils' (import-error)
-E: 18, 0: Unable to import 'SymbolicateLogsCommonUtils' (import-error)
+/home/dmitry/zeev-stxnet/Tools_new/WorkstationScripts/CrashSymbolScripts/SymbolicateLogsWinUtils.py:13:0: E0001: Cannot import 'SymbolicateLogsCommonUtils' due to syntax error 'invalid syntax (<unknown>, line 69)' (syntax-error)
+/home/dmitry/zeev-stxnet/Tools_new/WorkstationScripts/CrashSymbolScripts/SymbolicateLogsWinUtils.py:14:0: E0001: Cannot import 'SymbolicateLogsCommonUtils' due to syntax error 'invalid syntax (<unknown>, line 69)' (syntax-error)
+/home/dmitry/zeev-stxnet/Tools_new/WorkstationScripts/CrashSymbolScripts/SymbolicateLogsWinUtils.py:15:0: E0001: Cannot import 'SymbolicateLogsCommonUtils' due to syntax error 'invalid syntax (<unknown>, line 69)' (syntax-error)
+/home/dmitry/zeev-stxnet/Tools_new/WorkstationScripts/CrashSymbolScripts/SymbolicateLogsWinUtils.py:16:0: E0001: Cannot import 'SymbolicateLogsCommonUtils' due to syntax error 'invalid syntax (<unknown>, line 69)' (syntax-error)
+/home/dmitry/zeev-stxnet/Tools_new/WorkstationScripts/CrashSymbolScripts/SymbolicateLogsWinUtils.py:17:0: E0001: Cannot import 'SymbolicateLogsCommonUtils' due to syntax error 'invalid syntax (<unknown>, line 69)' (syntax-error)
+/home/dmitry/zeev-stxnet/Tools_new/WorkstationScripts/CrashSymbolScripts/SymbolicateLogsWinUtils.py:18:0: E0001: Cannot import 'SymbolicateLogsCommonUtils' due to syntax error 'invalid syntax (<unknown>, line 69)' (syntax-error)
 ************* Module SymbolicateMacLog
-E: 14, 0: Unable to import 'ProcessCrashLogExceptions' (import-error)
-E: 48,23: Undefined variable 'join' (undefined-variable)
-E: 71,10: Module 'xmlrpc.server' has no 'SimpleXMLRPCServer' member (no-member)
+/home/dmitry/zeev-stxnet/Tools_new/WorkstationScripts/CrashSymbolScripts/SymbolicateMacLog.py:14:0: E0401: Unable to import 'ProcessCrashLogExceptions' (import-error)
+/home/dmitry/zeev-stxnet/Tools_new/WorkstationScripts/CrashSymbolScripts/SymbolicateMacLog.py:48:23: E0602: Undefined variable 'join' (undefined-variable)
 ************* Module SymbolicateLogsCommonUtils
-E: 69, 0: invalid syntax (<string>, line 69) (syntax-error)
+/home/dmitry/zeev-stxnet/Tools_new/WorkstationScripts/CrashSymbolScripts/SymbolicateLogsCommonUtils.py:69:15: E0001: invalid syntax (<unknown>, line 69) (syntax-error)
 ************* Module SymbolicateLogsMacUtils
-E: 11, 0: Unable to import 'SymbolicateLogsCommonUtils' (import-error)
-E: 12, 0: Unable to import 'SymbolicateLogsCommonUtils' (import-error)
-E: 13, 0: Unable to import 'SymbolicateLogsCommonUtils' (import-error)
-E: 14, 0: Unable to import 'SymbolicateLogsCommonUtils' (import-error)
-E: 15, 0: Unable to import 'SymbolicateLogsCommonUtils' (import-error)
+/home/dmitry/zeev-stxnet/Tools_new/WorkstationScripts/CrashSymbolScripts/SymbolicateLogsMacUtils.py:11:0: E0001: Cannot import 'SymbolicateLogsCommonUtils' due to syntax error 'invalid syntax (<unknown>, line 69)' (syntax-error)
+/home/dmitry/zeev-stxnet/Tools_new/WorkstationScripts/CrashSymbolScripts/SymbolicateLogsMacUtils.py:12:0: E0001: Cannot import 'SymbolicateLogsCommonUtils' due to syntax error 'invalid syntax (<unknown>, line 69)' (syntax-error)
+/home/dmitry/zeev-stxnet/Tools_new/WorkstationScripts/CrashSymbolScripts/SymbolicateLogsMacUtils.py:13:0: E0001: Cannot import 'SymbolicateLogsCommonUtils' due to syntax error 'invalid syntax (<unknown>, line 69)' (syntax-error)
+/home/dmitry/zeev-stxnet/Tools_new/WorkstationScripts/CrashSymbolScripts/SymbolicateLogsMacUtils.py:14:0: E0001: Cannot import 'SymbolicateLogsCommonUtils' due to syntax error 'invalid syntax (<unknown>, line 69)' (syntax-error)
+/home/dmitry/zeev-stxnet/Tools_new/WorkstationScripts/CrashSymbolScripts/SymbolicateLogsMacUtils.py:15:0: E0001: Cannot import 'SymbolicateLogsCommonUtils' due to syntax error 'invalid syntax (<unknown>, line 69)' (syntax-error)
 ************* Module SymbolicateLogs
-E: 66, 0: Unable to import 'SymbolicateLogsCommonUtils' (import-error)
-E: 67, 0: Unable to import 'SymbolicateLogsCommonUtils' (import-error)
-E: 68, 0: Unable to import 'SymbolicateLogsCommonUtils' (import-error)
-E: 69, 0: Unable to import 'SymbolicateLogsCommonUtils' (import-error)
-E: 70, 0: Unable to import 'SymbolicateLogsCommonUtils' (import-error)
-E: 71, 0: Unable to import 'SymbolicateLogsCommonUtils' (import-error)
-E: 72, 0: Unable to import 'SymbolicateLogsCommonUtils' (import-error)
-E:410, 8: Undefined variable 'logging' (undefined-variable)
-************* Module MacLogSymbolicator_server
-E:301,13: Module 'xmlrpc.server' has no 'SimpleXMLRPCServer' member (no-member)
+/home/dmitry/zeev-stxnet/Tools_new/WorkstationScripts/CrashSymbolScripts/SymbolicateLogs.py:54:0: E0401: Unable to import 'boto3' (import-error)
+/home/dmitry/zeev-stxnet/Tools_new/WorkstationScripts/CrashSymbolScripts/SymbolicateLogs.py:55:0: E0401: Unable to import 'botocore' (import-error)
+/home/dmitry/zeev-stxnet/Tools_new/WorkstationScripts/CrashSymbolScripts/SymbolicateLogs.py:66:0: E0001: Cannot import 'SymbolicateLogsCommonUtils' due to syntax error 'invalid syntax (<unknown>, line 69)' (syntax-error)
+/home/dmitry/zeev-stxnet/Tools_new/WorkstationScripts/CrashSymbolScripts/SymbolicateLogs.py:67:0: E0001: Cannot import 'SymbolicateLogsCommonUtils' due to syntax error 'invalid syntax (<unknown>, line 69)' (syntax-error)
+/home/dmitry/zeev-stxnet/Tools_new/WorkstationScripts/CrashSymbolScripts/SymbolicateLogs.py:68:0: E0001: Cannot import 'SymbolicateLogsCommonUtils' due to syntax error 'invalid syntax (<unknown>, line 69)' (syntax-error)
+/home/dmitry/zeev-stxnet/Tools_new/WorkstationScripts/CrashSymbolScripts/SymbolicateLogs.py:69:0: E0001: Cannot import 'SymbolicateLogsCommonUtils' due to syntax error 'invalid syntax (<unknown>, line 69)' (syntax-error)
+/home/dmitry/zeev-stxnet/Tools_new/WorkstationScripts/CrashSymbolScripts/SymbolicateLogs.py:70:0: E0001: Cannot import 'SymbolicateLogsCommonUtils' due to syntax error 'invalid syntax (<unknown>, line 69)' (syntax-error)
+/home/dmitry/zeev-stxnet/Tools_new/WorkstationScripts/CrashSymbolScripts/SymbolicateLogs.py:71:0: E0001: Cannot import 'SymbolicateLogsCommonUtils' due to syntax error 'invalid syntax (<unknown>, line 69)' (syntax-error)
+/home/dmitry/zeev-stxnet/Tools_new/WorkstationScripts/CrashSymbolScripts/SymbolicateLogs.py:72:0: E0001: Cannot import 'SymbolicateLogsCommonUtils' due to syntax error 'invalid syntax (<unknown>, line 69)' (syntax-error)
+/home/dmitry/zeev-stxnet/Tools_new/WorkstationScripts/CrashSymbolScripts/SymbolicateLogs.py:410:8: E0602: Undefined variable 'logging' (undefined-variable)
 ************* Module SymbolicateLogSettings
-E:167,56: Undefined variable 'symbolMachineIP' (undefined-variable)
+/home/dmitry/zeev-stxnet/Tools_new/WorkstationScripts/CrashSymbolScripts/SymbolicateLogSettings.py:167:56: E0602: Undefined variable 'symbolMachineIP' (undefined-variable)
 
 ------------------------------------------------------------------
-Your code has been rated at 9.42/10 (previous run: 9.31/10, +0.10)
+Your code has been rated at 9.09/10 (previous run: 9.42/10, -0.32)
 
