Using config file /home/dmitry/python/migrate2to3/rcfile
************* Module BuildSpanish
E: 24, 0: No name 'dir_util' in module 'distutils' (no-name-in-module)
E: 24, 0: Unable to import 'distutils.dir_util' (import-error)
E: 86, 2: Module 'distutils' has no 'dir_util' member (no-member)
E:347, 1: Module 'distutils' has no 'dir_util' member (no-member)
E:351, 1: Module 'distutils' has no 'dir_util' member (no-member)
************* Module SiteDetails
E: 22, 0: Unable to import 'Products.CMFCore.utils' (import-error)
E: 80,11: Undefined variable 'printed' (undefined-variable)
E: 87, 0: Unable to import 'Products.PythonScripts.standard' (import-error)
E: 88,10: Undefined variable 'container' (undefined-variable)
E: 94,23: Undefined variable 'script' (undefined-variable)
E: 94,50: Undefined variable 'script' (undefined-variable)
E: 95, 5: Undefined variable 'script' (undefined-variable)
E: 96,32: Undefined variable 'script' (undefined-variable)
E: 97,14: Undefined variable 'container' (undefined-variable)
E: 99,32: Undefined variable 'DateTime' (undefined-variable)
E:101,19: Undefined variable 'context' (undefined-variable)
E:104, 7: Undefined variable 'context' (undefined-variable)
E:113, 0: Return outside function (return-outside-function)
E:113, 7: Undefined variable 'printed' (undefined-variable)
************* Module GetMemberProperties
E: 33,12: Undefined variable 'context' (undefined-variable)
E: 34,12: Undefined variable 'context' (undefined-variable)
E: 43,39: Undefined variable 'DateTime' (undefined-variable)
E: 54, 9: Undefined variable 'outputformat' (undefined-variable)
E: 57,11: Undefined variable 'outputformat' (undefined-variable)
E: 60,11: Undefined variable 'outputformat' (undefined-variable)
E: 64,10: Return outside function (return-outside-function)
E: 66, 9: Undefined variable 'memberid' (undefined-variable)
E: 75,21: Undefined variable 'context' (undefined-variable)
E: 79,19: Undefined variable 'context' (undefined-variable)
E: 84,22: Undefined variable 'context' (undefined-variable)
E: 89,17: Undefined variable 'context' (undefined-variable)
E: 89,57: Undefined variable 'memberid' (undefined-variable)
E: 94,27: Undefined variable 'memberid' (undefined-variable)
E:100,24: Undefined variable 'context' (undefined-variable)
E:103,35: Undefined variable 'memberid' (undefined-variable)
E:109,22: Undefined variable 'context' (undefined-variable)
E:116,17: Undefined variable 'context' (undefined-variable)
E:171,19: Undefined variable 'context' (undefined-variable)
E:202,19: Undefined variable 'context' (undefined-variable)
E:207, 6: Return outside function (return-outside-function)
E:209, 4: Return outside function (return-outside-function)
E:211, 2: Return outside function (return-outside-function)
************* Module GetVSSLicensing
E: 18, 0: Unable to import 'nna.policy.utils' (import-error)
E: 20,14: Undefined variable 'context' (undefined-variable)
E: 30, 1: Return outside function (return-outside-function)
E: 41, 2: Return outside function (return-outside-function)
E: 43, 2: Return outside function (return-outside-function)
************* Module GetSupportInfo
E: 12, 0: Unable to import 'nna.policy.utils' (import-error)
E: 16,14: Undefined variable 'context' (undefined-variable)
E: 22, 0: Return outside function (return-outside-function)
************* Module GetVSSOperationParameters
E: 14, 0: Unable to import 'nna.policy.utils' (import-error)
E: 16,14: Undefined variable 'context' (undefined-variable)
E: 27, 0: Return outside function (return-outside-function)
************* Module GetWebinarSchedule
E: 11, 0: Unable to import 'nna.policy.utils' (import-error)
E: 18,15: Undefined variable 'context' (undefined-variable)
E: 75, 9: Undefined variable 'DateTime' (undefined-variable)
E: 76, 9: Undefined variable 'DateTime' (undefined-variable)
E: 97,20: Undefined variable 'DateTime' (undefined-variable)
E:104,20: Undefined variable 'DateTime' (undefined-variable)
E:111,19: Undefined variable 'DateTime' (undefined-variable)
E:142, 0: Return outside function (return-outside-function)
************* Module HTTPResponse
E:691, 0: unexpected indent (<string>, line 691) (syntax-error)
************* Module AutoBuildSDK
E: 21, 0: Unable to import 'NNALogging' (import-error)
E: 23, 0: Unable to import 'AutoBuild' (import-error)
E: 37,30: Undefined variable 'GetLongPlatform' (undefined-variable)
************* Module UploadBuildToS3
E: 59, 0: Unable to import 'NNALogging' (import-error)
E: 73, 1: Unable to import 'win32pipe' (import-error)
E: 74, 1: Unable to import 'win32com' (import-error)
E: 75, 1: Unable to import 'win32com.client.dynamic' (import-error)
E:420,10: Module 'xmlrpc.server' has no 'SimpleXMLRPCServer' member (no-member)
************* Module AccessCheck
E:794, 3: The raise statement is not inside an except clause (misplaced-bare-raise)
************* Module GenerateManifest
E:755, 1: No value for argument 'projectPath' in function call (no-value-for-parameter)
************* Module MoveBuildsToS3
E: 25, 0: Unable to import 'urllib.request' (import-error)
E: 25, 0: Unable to import 'urllib.parse' (import-error)
E: 25, 0: Unable to import 'urllib.error' (import-error)
E:848, 3: The raise statement is not inside an except clause (misplaced-bare-raise)
************* Module BuildSteps
E: 80, 3: Raising unicode while only classes or instances are allowed (raising-bad-type)
E: 83, 3: Raising unicode while only classes or instances are allowed (raising-bad-type)
E:271, 2: Raising unicode while only classes or instances are allowed (raising-bad-type)
E:274, 2: Raising unicode while only classes or instances are allowed (raising-bad-type)
E:288, 2: Raising unicode while only classes or instances are allowed (raising-bad-type)
************* Module TrimLocalBuildsMovedToS3
E:491, 3: The raise statement is not inside an except clause (misplaced-bare-raise)
************* Module UploadBuildToS3_WithImmediate
E: 59, 0: Unable to import 'NNALogging' (import-error)
E: 73, 1: Unable to import 'win32pipe' (import-error)
E: 74, 1: Unable to import 'win32com' (import-error)
E: 75, 1: Unable to import 'win32com.client.dynamic' (import-error)
************* Module ABCommonUtils
E: 58, 2: Unable to import 'win32api' (import-error)
E: 59, 2: Unable to import 'win32con' (import-error)
************* Module CheckForDuplicate
E:301, 3: The raise statement is not inside an except clause (misplaced-bare-raise)
************* Module BuildOutputLocationPage.UpdateOutputLocationPage
E:351, 3: The raise statement is not inside an except clause (misplaced-bare-raise)
************* Module ManageSourceForJenkins
E:1115, 4: The raise statement is not inside an except clause (misplaced-bare-raise)
************* Module S3Upload
E: 17, 0: Unable to import 'AutoBuild' (import-error)
E: 61, 2: Raising unicode while only classes or instances are allowed (raising-bad-type)
E: 65, 2: Raising unicode while only classes or instances are allowed (raising-bad-type)
E: 83, 2: Raising unicode while only classes or instances are allowed (raising-bad-type)
************* Module CreateJenkinsEmail
E: 27, 0: Unable to import 'urllib.request' (import-error)
E: 27, 0: Unable to import 'urllib.parse' (import-error)
E: 27, 0: Unable to import 'urllib.error' (import-error)
E:474, 3: The raise statement is not inside an except clause (misplaced-bare-raise)
************* Module VirtualBoxControlForJenkins
E:160, 3: The raise statement is not inside an except clause (misplaced-bare-raise)
************* Module RenameLocalizedFiles
E:160, 3: Raising unicode while only classes or instances are allowed (raising-bad-type)
E:287,20: Value 'lastLine' is unsubscriptable (unsubscriptable-object)
E:287,47: Value 'lastLine' is unsubscriptable (unsubscriptable-object)
E:288,31: Value 'lastLine' is unsubscriptable (unsubscriptable-object)
E:290,113: Value 'lastLine' is unsubscriptable (unsubscriptable-object)
E:310, 3: Raising unicode while only classes or instances are allowed (raising-bad-type)
************* Module BurnDVDs
E: 63, 1: Unable to import 'pywintypes' (import-error)
E:201, 2: Raising unicode while only classes or instances are allowed (raising-bad-type)
E:871, 6: Raising unicode while only classes or instances are allowed (raising-bad-type)
E:1130, 1: Assigning to function call which doesn't return (assignment-from-no-return)
E:1230, 2: Assigning to function call which doesn't return (assignment-from-no-return)
E:1255, 1: Assigning to function call which doesn't return (assignment-from-no-return)
E:1600, 3: Raising unicode while only classes or instances are allowed (raising-bad-type)
E:1913, 5: Assigning to function call which doesn't return (assignment-from-no-return)
E:2004, 2: Raising unicode while only classes or instances are allowed (raising-bad-type)
E:2041, 2: Raising unicode while only classes or instances are allowed (raising-bad-type)
E:2263, 3: Raising unicode while only classes or instances are allowed (raising-bad-type)
E:2278, 2: Raising unicode while only classes or instances are allowed (raising-bad-type)
E:2372,24: Undefined variable 'stat' (undefined-variable)
E:2408, 7: Raising unicode while only classes or instances are allowed (raising-bad-type)
E:2502,11: Raising unicode while only classes or instances are allowed (raising-bad-type)
E:2523,12: Raising unicode while only classes or instances are allowed (raising-bad-type)
E:2753, 5: Assigning to function call which doesn't return (assignment-from-no-return)
E:2807, 6: Raising unicode while only classes or instances are allowed (raising-bad-type)
E:2927, 2: Raising unicode while only classes or instances are allowed (raising-bad-type)
E:2942, 3: Raising unicode while only classes or instances are allowed (raising-bad-type)
E:2947, 3: Raising unicode while only classes or instances are allowed (raising-bad-type)
E:3173, 1: Assigning to function call which doesn't return (assignment-from-no-return)
E:3319, 5: Undefined variable 'md5' (undefined-variable)
E:3727, 2: Assigning to function call which doesn't return (assignment-from-no-return)
E:3749, 2: Assigning to function call which doesn't return (assignment-from-no-return)
E:4042, 2: Assigning to function call which doesn't return (assignment-from-no-return)
E:4043, 2: Assigning to function call which doesn't return (assignment-from-no-return)
E:4044, 2: Assigning to function call which doesn't return (assignment-from-no-return)
E:4045, 2: Assigning to function call which doesn't return (assignment-from-no-return)
E:4046, 2: Assigning to function call which doesn't return (assignment-from-no-return)
E:4047, 2: Assigning to function call which doesn't return (assignment-from-no-return)
************* Module BuildParameters
E: 23, 0: Unable to import 'urllib.request' (import-error)
E: 23, 0: Unable to import 'urllib.error' (import-error)
E: 23, 0: Unable to import 'urllib.parse' (import-error)
E: 59, 0: Unable to import 'NNALogging' (import-error)
E: 73, 1: Unable to import 'win32pipe' (import-error)
E: 74, 1: Unable to import 'win32com' (import-error)
E: 75, 1: Unable to import 'win32com.client.dynamic' (import-error)
E:416,10: Module 'xmlrpc.server' has no 'SimpleXMLRPCServer' member (no-member)
************* Module UploadPackagesDirect
E: 58, 0: Unable to import 'NNALogging' (import-error)
E: 73, 1: Unable to import 'win32pipe' (import-error)
E: 74, 1: Unable to import 'win32com' (import-error)
E: 75, 1: Unable to import 'win32com.client.dynamic' (import-error)
************* Module FileOpenTest
E: 10, 0: Unable to import 'psutil' (import-error)
E:130,16: Undefined variable 'vwlogger' (undefined-variable)
E:130,70: Undefined variable 'vwlogger' (undefined-variable)
************* Module BackwardTranslate
E: 10, 0: Unable to import 'psutil' (import-error)
************* Module BadFilesTest
E: 10, 0: Unable to import 'psutil' (import-error)
************* Module GetLatestMainline
E: 23, 0: (unicode error) 'rawunicodeescape' codec can't decode bytes in position 34-35: truncated \uXXXX (<string>, line 23) (syntax-error)
************* Module util
E:  8, 0: Unable to import 'psutil' (import-error)
E: 88,63: Undefined variable 'errno' (undefined-variable)
E: 89,27: Undefined variable 'stat' (undefined-variable)
E: 89,41: Undefined variable 'stat' (undefined-variable)
E: 89,55: Undefined variable 'stat' (undefined-variable)
E: 92,12: The raise statement is not inside an except clause (misplaced-bare-raise)
************* Module automation_test_fileopen
E: 27, 0: (unicode error) 'rawunicodeescape' codec can't decode bytes in position 34-35: truncated \uXXXX (<string>, line 27) (syntax-error)
E:  8, 0: Unable to import 'psutil' (import-error)
E: 83,63: Undefined variable 'errno' (undefined-variable)
E: 84,27: Undefined variable 'stat' (undefined-variable)
E: 84,41: Undefined variable 'stat' (undefined-variable)
E: 84,55: Undefined variable 'stat' (undefined-variable)
E: 87,12: The raise statement is not inside an except clause (misplaced-bare-raise)
************* Module IrrigationMath
E: 10, 0: Unable to import 'psutil' (import-error)
E:104, 2: Undefined variable 'vwlogger' (undefined-variable)
E:104,56: Undefined variable 'vwlogger' (undefined-variable)
************* Module CommandsTools
E: 15, 0: Unable to import 'openpyxl' (import-error)
E:360,21: Using variable 'list' before assignment (used-before-assignment)
E:468,21: Using variable 'list' before assignment (used-before-assignment)
************* Module A2_HelpIDsDiff
E: 15, 0: Unable to import 'openpyxl' (import-error)
************* Module RunForFilesPX
E:132,61: Using variable 'ch' before assignment (used-before-assignment)
************* Module IDutil
E: 11, 0: Unable to import 'psutil' (import-error)
************* Module ExportImages
E: 23, 0: Unable to import 'PIL' (import-error)
E: 24, 0: Unable to import 'PIL' (import-error)
E: 25, 0: Unable to import 'PIL' (import-error)
E: 26, 0: Unable to import 'PIL' (import-error)
E: 27, 0: Unable to import 'PIL' (import-error)
************* Module test_file_savedviews
E: 13, 0: Unable to import 'PIL' (import-error)
************* Module foundry.subscribers
E:  8, 0: Unable to import 'akhet.urlgenerator' (import-error)
E:  9, 0: Unable to import 'pyramid.threadlocal' (import-error)
E: 10, 0: Unable to import 'pyramid.exceptions' (import-error)
************* Module foundry.tests
E: 11, 0: Unable to import 'sqlahelper' (import-error)
E: 15, 8: Unable to import 'pyramid.config' (import-error)
E: 29, 8: No name 'MainHandler' in module 'foundry.handlers' (no-name-in-module)
************* Module foundry
E:  8, 0: Unable to import 'pyramid.config' (import-error)
E:  9, 0: Unable to import 'akhet' (import-error)
E: 10, 0: Unable to import 'pyramid_beaker' (import-error)
************* Module foundry.models
E: 15, 0: Unable to import 'urllib.request' (import-error)
E: 15, 0: Unable to import 'urllib.error' (import-error)
E: 15, 0: Unable to import 'urllib.parse' (import-error)
E: 23, 0: Unable to import 'pyramid.httpexceptions' (import-error)
E: 24, 0: Unable to import 'buildbot.status' (import-error)
************* Module foundry.handlers.main
E: 12, 0: Unable to import 'pyramid_handlers' (import-error)
************* Module foundry.scripts.create_db
E: 17, 0: Unable to import 'pyramid.paster' (import-error)
E: 18, 0: Unable to import 'transaction' (import-error)
E: 32,17: Module 'foundry.models' has no 'Base' member (no-member)
E: 38, 4: Module 'foundry.models' has no 'Base' member (no-member)
E: 39,11: Module 'foundry.models' has no 'Session' member (no-member)
************* Module TriggerFileCheck_Debug
E: 53, 0: Unable to import 'NNALogging' (import-error)
************* Module PeriodicSync
E: 28, 0: Unable to import 'MySQLdb' (import-error)
************* Module CheckSNChanges
E: 22, 0: Unable to import 'win32file' (import-error)
E: 39, 0: Unable to import 'NTPermissions' (import-error)
************* Module CreatePerforceUser
E:335, 3: The raise statement is not inside an except clause (misplaced-bare-raise)
************* Module p4gf_submit_trigger
E: 17, 0: Bad option value 'W9903' (bad-option-value)
E:138, 0: Bad option value 'W9903' (bad-option-value)
E:832, 0: Bad option value 'W9904' (bad-option-value)
E:116,19: Undefined variable 'ConfigParser' (undefined-variable)
E:462, 0: No name 'spawn' in module 'distutils' (no-name-in-module)
E:462, 0: Unable to import 'distutils.spawn' (import-error)
E:463,14: Module 'distutils' has no 'spawn' member (no-member)
E:2260,16: Value '_encoding_list' is unsubscriptable (unsubscriptable-object)
E:2274,17: Value '_encoding_list' is unsubscriptable (unsubscriptable-object)
************* Module CreatePerforceBranch
E:498, 3: The raise statement is not inside an except clause (misplaced-bare-raise)
************* Module TestCommand
E: 40, 2: Raising unicode while only classes or instances are allowed (raising-bad-type)
************* Module AutoImageTestMaster
E: 92,28: Module 'NNAPasswords' has no 'gJenkinsAPITokenGeneric' member (no-member)
************* Module DRSCalendarToForum
E: 17, 0: Unable to import 'urllib.request' (import-error)
E: 17, 0: Unable to import 'urllib.parse' (import-error)
E: 17, 0: Unable to import 'urllib.error' (import-error)
E: 17, 0: Unable to import 'urllib.request' (import-error)
E: 17, 0: Unable to import 'urllib.error' (import-error)
E: 17, 0: Unable to import 'urllib.parse' (import-error)
E: 18, 0: Unable to import 'mysql.connector' (import-error)
************* Module setup
E:  8, 0: No name 'core' in module 'distutils' (no-name-in-module)
E:  8, 0: Unable to import 'distutils.core' (import-error)
E:  9, 0: Unable to import 'py2exe' (import-error)
************* Module GetContentChanges
E:495,12: The raise statement is not inside an except clause (misplaced-bare-raise)
************* Module TasksToForum
E: 17, 0: Unable to import 'urllib.request' (import-error)
E: 17, 0: Unable to import 'urllib.parse' (import-error)
E: 17, 0: Unable to import 'urllib.error' (import-error)
E: 17, 0: Unable to import 'urllib.request' (import-error)
E: 17, 0: Unable to import 'urllib.error' (import-error)
E: 17, 0: Unable to import 'urllib.parse' (import-error)
E: 18, 0: Unable to import 'mysql.connector' (import-error)
E: 86,17: Module 'NNAPasswords' has no 'gForumPosterID' member (no-member)
E: 87,15: Module 'NNAPasswords' has no 'gForumApiKey' member (no-member)
E: 88,21: Module 'NNAPasswords' has no 'gRDSAutomationUser' member (no-member)
E: 89,21: Module 'NNAPasswords' has no 'gRDSAutomationPass' member (no-member)
E:445,35: Module 'NNAPasswords' has no 'gAWSTaskUploadAccessKey' member (no-member)
E:446,39: Module 'NNAPasswords' has no 'gAWSTaskUploadSecretKey' member (no-member)
************* Module CheckCDMasters
E:1469, 0: (unicode error) 'rawunicodeescape' codec can't decode bytes in position 43-44: truncated \uXXXX (<string>, line 1469) (syntax-error)
************* Module BulkFileTransferManager
E: 42, 0: Unable to import 'urllib.request' (import-error)
E: 42, 0: Unable to import 'urllib.parse' (import-error)
E: 42, 0: Unable to import 'urllib.error' (import-error)
E: 42, 0: Unable to import 'urllib.request' (import-error)
E: 42, 0: Unable to import 'urllib.error' (import-error)
E: 42, 0: Unable to import 'urllib.parse' (import-error)
E: 54, 0: Unable to import 'ordereddict' (import-error)
E:106,22: Module 'NNAPasswords' has no 'P4BulkUser' member (no-member)
E:107,24: Module 'NNAPasswords' has no 'P4BulkPasswd' member (no-member)
E:110,19: Module 'NNAPasswords' has no 'gJenkinsAPIToken' member (no-member)
E:359, 8: Catching an exception which doesn't inherit from Exception: ftplib.all_errors (catching-non-exception)
E:370, 8: Catching an exception which doesn't inherit from Exception: ftplib.all_errors (catching-non-exception)
E:376, 8: Catching an exception which doesn't inherit from Exception: ftplib.all_errors (catching-non-exception)
E:1412,35: Module 'NNAPasswords' has no 'S3VSSAccessKey' member (no-member)
E:1413,39: Module 'NNAPasswords' has no 'S3VSSSecretKey' member (no-member)
E:1567,13: Module 'NNAPasswords' has no 'P4BulkUser' member (no-member)
E:1568,17: Module 'NNAPasswords' has no 'P4BulkPasswd' member (no-member)
************* Module VSSScheduleService
E: 24, 0: Unable to import 'pythoncom' (import-error)
E: 25, 0: Unable to import 'win32serviceutil' (import-error)
E: 26, 0: Unable to import 'win32service' (import-error)
E: 27, 0: Unable to import 'win32event' (import-error)
E: 28, 0: Unable to import 'servicemanager' (import-error)
************* Module RemoveOldBuilds
E:171,12: The raise statement is not inside an except clause (misplaced-bare-raise)
************* Module websync
E: 30, 0: Unable to import 'MySQLdb' (import-error)
************* Module BFTM_OrderCenter
E: 27, 0: Unable to import 'urllib.request' (import-error)
E: 27, 0: Unable to import 'urllib.parse' (import-error)
E: 27, 0: Unable to import 'urllib.error' (import-error)
E: 27, 0: Unable to import 'urllib.request' (import-error)
E: 27, 0: Unable to import 'urllib.error' (import-error)
E: 27, 0: Unable to import 'urllib.parse' (import-error)
E: 40, 0: Unable to import 'ordereddict' (import-error)
E: 92,22: Module 'NNAPasswords' has no 'P4BulkUser' member (no-member)
E: 93,24: Module 'NNAPasswords' has no 'P4BulkPasswd' member (no-member)
E: 96,19: Module 'NNAPasswords' has no 'gJenkinsAPIToken' member (no-member)
E:341, 8: Catching an exception which doesn't inherit from Exception: ftplib.all_errors (catching-non-exception)
E:352, 8: Catching an exception which doesn't inherit from Exception: ftplib.all_errors (catching-non-exception)
E:358, 8: Catching an exception which doesn't inherit from Exception: ftplib.all_errors (catching-non-exception)
E:1320,35: Module 'NNAPasswords' has no 'S3VSSAccessKey' member (no-member)
E:1321,39: Module 'NNAPasswords' has no 'S3VSSSecretKey' member (no-member)
E:1475,13: Module 'NNAPasswords' has no 'P4BulkUser' member (no-member)
E:1476,17: Module 'NNAPasswords' has no 'P4BulkPasswd' member (no-member)
************* Module TriggerFileCheck
E: 54, 0: Unable to import 'NNALogging' (import-error)
************* Module extract_document_summary
E: 84, 0: Unable to import 'MySQLdb' (import-error)
E: 85, 0: Unable to import 'win32com.client' (import-error)
************* Module ExtractSummaries
E: 26, 0: Unable to import 'MySQLdb' (import-error)
************* Module OrderCenterSchedule
E: 62, 0: (unicode error) 'unicodeescape' codec can't decode bytes in position 734-735: malformed \N character escape (<string>, line 62) (syntax-error)
************* Module triggerWadBuild
E: 58, 2: Unable to import 'urllib.request' (import-error)
E: 58, 2: Unable to import 'urllib.parse' (import-error)
E: 58, 2: Unable to import 'urllib.error' (import-error)
************* Module Scheduler
E:  8, 0: Unable to import 'apscheduler.schedulers.blocking' (import-error)
************* Module TestServer
E:  8, 0: Unable to import 'bottle' (import-error)
E: 30, 0: function already defined line 18 (function-redefined)
E: 36, 1: Possible unbalanced tuple unpacking with sequence defined at line 115 of VectorWorksTest: left side has 3 label(s), right side has 4 value(s) (unbalanced-tuple-unpacking)
E: 52, 0: function already defined line 40 (function-redefined)
************* Module VectorWorksAgent
E: 10, 0: Unable to import 'psutil' (import-error)
E: 86,92: Undefined variable 'err' (undefined-variable)
************* Module IDEAgent
E: 14, 1: Unable to import 'pythoncom' (import-error)
E: 15, 1: Unable to import 'win32pipe' (import-error)
E: 16, 1: Unable to import 'win32com' (import-error)
E: 17, 1: Unable to import 'win32com.client.dynamic' (import-error)
************* Module VectorWorksTest
E: 18, 0: Unable to import 'urllib.request' (import-error)
E: 18, 0: Unable to import 'urllib.parse' (import-error)
E: 18, 0: Unable to import 'urllib.error' (import-error)
************* Module build
E: 11,78: Module 'subprocess' has no 'DEVNULL' member (no-member)
E: 14, 0: Unable to import 'P4' (import-error)
************* Module test_random
E: 45, 8: Module 'subprocess' has no 'run' member (no-member)
E: 45,60: Module 'subprocess' has no 'DEVNULL' member (no-member)
E: 52, 8: Module 'subprocess' has no 'run' member (no-member)
E: 52,48: Module 'subprocess' has no 'DEVNULL' member (no-member)
E: 62, 9: Context manager 'Pool' doesn't implement __enter__ and __exit__. (not-context-manager)
E: 72, 4: Module 'subprocess' has no 'run' member (no-member)
E: 72,71: Module 'subprocess' has no 'DEVNULL' member (no-member)
E: 72,98: Module 'subprocess' has no 'DEVNULL' member (no-member)
************* Module contest_lock
E: 27, 8: Module 'subprocess' has no 'run' member (no-member)
E: 27,59: Module 'subprocess' has no 'DEVNULL' member (no-member)
E: 40, 9: Context manager 'Pool' doesn't implement __enter__ and __exit__. (not-context-manager)
E: 58, 4: Module 'subprocess' has no 'run' member (no-member)
E: 58,71: Module 'subprocess' has no 'DEVNULL' member (no-member)
E: 58,98: Module 'subprocess' has no 'DEVNULL' member (no-member)
************* Module benchmark
E: 34, 4: Module 'subprocess' has no 'run' member (no-member)
E: 34,55: Module 'subprocess' has no 'DEVNULL' member (no-member)
E: 43, 9: Context manager 'Pool' doesn't implement __enter__ and __exit__. (not-context-manager)
E: 61, 4: Module 'subprocess' has no 'run' member (no-member)
E: 61,71: Module 'subprocess' has no 'DEVNULL' member (no-member)
E: 61,98: Module 'subprocess' has no 'DEVNULL' member (no-member)
************* Module contest_checkout
E: 27, 8: Module 'subprocess' has no 'run' member (no-member)
E: 27,59: Module 'subprocess' has no 'DEVNULL' member (no-member)
E: 40, 9: Context manager 'Pool' doesn't implement __enter__ and __exit__. (not-context-manager)
E: 58, 4: Module 'subprocess' has no 'run' member (no-member)
E: 58,71: Module 'subprocess' has no 'DEVNULL' member (no-member)
E: 58,98: Module 'subprocess' has no 'DEVNULL' member (no-member)
************* Module concurrent_reads
E: 27, 8: Module 'subprocess' has no 'run' member (no-member)
E: 27,59: Module 'subprocess' has no 'DEVNULL' member (no-member)
E: 40, 9: Context manager 'Pool' doesn't implement __enter__ and __exit__. (not-context-manager)
E: 55, 4: Module 'subprocess' has no 'run' member (no-member)
E: 55,71: Module 'subprocess' has no 'DEVNULL' member (no-member)
E: 55,98: Module 'subprocess' has no 'DEVNULL' member (no-member)
************* Module end_to_end_tests
E: 22,78: Module 'subprocess' has no 'DEVNULL' member (no-member)
E: 43,45: Module 'subprocess' has no 'DEVNULL' member (no-member)
E: 43,74: Module 'subprocess' has no 'DEVNULL' member (no-member)
E: 49,12: Module 'subprocess' has no 'run' member (no-member)
E: 68, 0: Module 'subprocess' has no 'run' member (no-member)
E: 83,20: Undefined variable 'WindowsError' (undefined-variable)
E: 83,38: Instance of 'OSError' has no 'winerror' member (no-member)
E: 11, 0: No name 'command' in module 'distutils' (no-name-in-module)
E: 11, 0: Unable to import 'distutils.command.build' (import-error)
E:157, 0: function already defined line 11 (function-redefined)
************* Module postprocess
E: 59,20: Instance of 'closing' has no 'write' member (no-member)
************* Module vwstats.data.external_models
E: 15, 0: Unable to import 'django.db' (import-error)
************* Module vwstats.data.models
E: 18, 0: Unable to import 'django.db' (import-error)
E: 41, 0: Inheriting 'with_metaclass(models.SubfieldBase, models.TextField)', which is not a class. (inherit-non-class)
************* Module vwstats.data.tests
E: 15, 0: Unable to import 'django.test' (import-error)
************* Module vwstats.data.admin
E: 14, 0: Unable to import 'django.contrib' (import-error)
************* Module vwstats.data.views
E: 10, 0: Unable to import 'pyflot' (import-error)
E: 12, 0: Unable to import 'django' (import-error)
E: 13, 0: Unable to import 'django.db.models' (import-error)
E: 14, 0: Unable to import 'django.shortcuts' (import-error)
E: 15, 0: Unable to import 'django.template.context' (import-error)
************* Module vwstats.data.refine
E: 14, 0: Unable to import 'django.db' (import-error)
************* Module vwstats.urls
E:  8, 0: Unable to import 'django.conf.urls.defaults' (import-error)
E: 11, 0: Unable to import 'django.contrib' (import-error)
************* Module vwstats.manage
E:  9, 0: Unable to import 'django.core.management' (import-error)
************* Module VectorVersion.VectorVersion
E: 30, 0: Unable to import 'ordereddict' (import-error)
************* Module BuildRequest.BuildRequest
E: 14, 0: Unable to import 'urllib.request' (import-error)
E: 14, 0: Unable to import 'urllib.parse' (import-error)
E: 14, 0: Unable to import 'urllib.error' (import-error)
************* Module TrelloParser
E: 12, 0: Unable to import 'urllib.request' (import-error)
E: 12, 0: Unable to import 'urllib.error' (import-error)
E: 12, 0: Unable to import 'urllib.parse' (import-error)
E: 42, 8: Undefined variable 'ABError' (undefined-variable)
E:169, 7: Instance of 'IOError' has no 'code' member (no-member)
E:169, 7: Instance of 'OSError' has no 'code' member (no-member)
E:171,11: Instance of 'IOError' has no 'code' member (no-member)
E:171,11: Instance of 'OSError' has no 'code' member (no-member)
E:173,11: Instance of 'OSError' has no 'headers' member (no-member)
E:173,11: Instance of 'IOError' has no 'headers' member (no-member)
E:174,11: Instance of 'IOError' has no 'headers' member (no-member)
E:174,11: Instance of 'OSError' has no 'headers' member (no-member)
************* Module NNAResources.NNAResources
E: 13, 0: Unable to import 'urllib.request' (import-error)
E: 13, 0: Unable to import 'urllib.error' (import-error)
E: 13, 0: Unable to import 'urllib.parse' (import-error)
************* Module buildpath.unittests
E: 53,28: Too many positional arguments for constructor call (too-many-function-args)
************* Module buildpath.buildpath
E: 71,52: Module 'NNAPasswords' has no 'BuildDatabase' member (no-member)
E: 72,32: Module 'NNAPasswords' has no 'BuildDatabase' member (no-member)
************* Module CompareFolderUtilities
E: 57, 2: Unable to import 'macostools' (import-error)
E: 58, 2: Unable to import 'Carbon.File' (import-error)
E: 60, 8: Using variable 'CFUError' before assignment (used-before-assignment)
E:887,12: Undefined variable 'afpContent' (undefined-variable)
E:953,31: Undefined variable 'matchTypeList' (undefined-variable)
E:1643, 4: Unable to import 'xattr' (import-error)
E:1689,10: zipfile is not callable (not-callable)
E:1709,53: Undefined variable 'fileSize' (undefined-variable)
E:2572,18: Undefined variable 'BuildUtilities' (undefined-variable)
E:2575, 3: Undefined variable 'masg' (undefined-variable)
************* Module zinstaller.gui
E:790,10: Value 'self.data' is unsubscriptable (unsubscriptable-object)
E:820, 2: 'self.data' does not support item assignment (unsupported-assignment-operation)
E:832,17: Value 'self.data' is unsubscriptable (unsubscriptable-object)
E:1043,10: Value 'self.data' is unsubscriptable (unsubscriptable-object)
E:1061, 2: 'self.data' does not support item assignment (unsupported-assignment-operation)
E:1069,17: Value 'self.data' is unsubscriptable (unsubscriptable-object)
E:1197, 2: Value 'self.data' is unsubscriptable (unsubscriptable-object)
E:1206,21: Value 'self.data' is unsubscriptable (unsubscriptable-object)
E:1208, 4: Value 'self.data' is unsubscriptable (unsubscriptable-object)
E:1210, 4: Value 'self.data' is unsubscriptable (unsubscriptable-object)
E:1218, 2: Value 'self.data' is unsubscriptable (unsubscriptable-object)
E:1232,21: Value 'self.data' is unsubscriptable (unsubscriptable-object)
E:1233,28: Value 'self.data' is unsubscriptable (unsubscriptable-object)
E:1236,21: Value 'self.data' is unsubscriptable (unsubscriptable-object)
E:1237,28: Value 'self.data' is unsubscriptable (unsubscriptable-object)
E:1421,21: Value 'self.data' is unsubscriptable (unsubscriptable-object)
E:1422, 3: Value 'self.data' is unsubscriptable (unsubscriptable-object)
E:1432, 2: Value 'self.data' is unsubscriptable (unsubscriptable-object)
E:1455,22: Value 'self.data' is unsubscriptable (unsubscriptable-object)
E:1457, 7: Value 'self.data' is unsubscriptable (unsubscriptable-object)
E:2654,24: Undefined variable 'datetime' (undefined-variable)
E:2657,24: Undefined variable 'math' (undefined-variable)
E:2660,26: Undefined variable 'math' (undefined-variable)
************* Module zinstaller.installerlib
E: 35, 4: Unable to import 'win32com.shell' (import-error)
E: 36, 4: Unable to import 'winshell' (import-error)
E: 37, 4: Unable to import 'pythoncom' (import-error)
E:215,16: Module 'winreg' has no 'OpenKey' member (no-member)
E:216, 2: Module 'winreg' has no 'KEY_WRITE' member (no-member)
E:218, 4: Module 'winreg' has no 'SetValueEx' member (no-member)
E:221, 4: Module 'winreg' has no 'FlushKey' member (no-member)
E:235,13: Module 'winreg' has no 'OpenKey' member (no-member)
E:236, 2: Module 'winreg' has no 'KEY_CREATE_SUB_KEY' member (no-member)
E:238, 8: Module 'winreg' has no 'CreateKey' member (no-member)
E:252,16: Module 'winreg' has no 'OpenKey' member (no-member)
E:256,30: Module 'winreg' has no 'EnumValue' member (no-member)
E:258,11: Undefined variable 'WindowsError' (undefined-variable)
E:259, 8: Module 'winreg' has no 'CloseKey' member (no-member)
E:273,45: Undefined variable '_winreg' (undefined-variable)
E:274,17: Undefined variable '_winreg' (undefined-variable)
E:354,21: Undefined variable 'ReadFromRegistryValue' (undefined-variable)
E:356, 7: Undefined variable 'retrivedValue' (undefined-variable)
E:475,61: sys.platform is not callable (not-callable)
E:484,61: sys.platform is not callable (not-callable)
************* Module zinstaller.build
E: 63, 1: No name 'core' in module 'distutils' (no-name-in-module)
E: 63, 1: Unable to import 'distutils.core' (import-error)
E: 64, 1: Unable to import 'py2exe' (import-error)
E:228,14: list is not callable (not-callable)
************* Module zinstaller.nodes
E:261, 4: 'self.data' does not support item assignment (unsupported-assignment-operation)
E:351, 4: 'self.data' does not support item assignment (unsupported-assignment-operation)
E:405,24: Value 'self.data' is unsubscriptable (unsubscriptable-object)
E:406, 4: Value 'self.data' is unsubscriptable (unsubscriptable-object)
E:420,24: Value 'self.data' is unsubscriptable (unsubscriptable-object)
E:421, 4: Value 'self.data' is unsubscriptable (unsubscriptable-object)
E:523,21: Value 'self.data' doesn't support membership test (unsupported-membership-test)
E:524, 4: 'self.data' does not support item assignment (unsupported-assignment-operation)
E:526,25: Value 'self.data' is unsubscriptable (unsubscriptable-object)
E:527, 5: Value 'self.data' is unsubscriptable (unsubscriptable-object)
************* Module demo
E:530, 2: Unable to import 'Authorization' (import-error)
E:531, 2: Unable to import 'Authorization' (import-error)
************* Module MailUtilities
E: 57, 9: Module 'NNAPasswords' has no 'gSendGridUser' member (no-member)
E: 58, 9: Module 'NNAPasswords' has no 'gSendGridPassword' member (no-member)
E:263,10: Module 'NNAPasswords' has no 'gO365User' member (no-member)
E:264,10: Module 'NNAPasswords' has no 'gO365Password' member (no-member)
E:627,30: Module 'NNAPasswords' has no 'SNSAccessKey' member (no-member)
E:627,57: Module 'NNAPasswords' has no 'SNSSecretKey' member (no-member)
************* Module zpackage.archivehandler
E:244,17: Using variable 'pickle' before assignment (used-before-assignment)
************* Module zpackage.metapackage
E:198,25: Using variable 'pickle' before assignment (used-before-assignment)
E: 47, 8: Unable to import 'version' (import-error)
************* Module lxml.cssselect
E: 18, 0: No name 'etree' in module 'lxml' (no-name-in-module)
************* Module lxml.doctestcompare
E: 47, 0: No name 'etree' in module 'lxml' (no-name-in-module)
************* Module lxml._elementpath
E:163, 8: function already defined line 154 (function-redefined)
E:171, 8: function already defined line 154 (function-redefined)
E:181, 8: function already defined line 154 (function-redefined)
E:209, 8: function already defined line 154 (function-redefined)
************* Module lxml.builder
E: 49, 0: No name 'etree' in module 'lxml' (no-name-in-module)
E: 49, 0: Unable to import 'lxml.etree' (import-error)
E: 62, 4: function already defined line 47 (function-redefined)
************* Module lxml.sax
E: 22, 0: No name 'etree' in module 'lxml' (no-name-in-module)
E: 23, 0: No name 'etree' in module 'lxml' (no-name-in-module)
E: 23, 0: Unable to import 'lxml.etree' (import-error)
E: 24, 0: No name 'etree' in module 'lxml' (no-name-in-module)
E: 24, 0: Unable to import 'lxml.etree' (import-error)
************* Module lxml.isoschematron
E: 16, 0: No name 'etree' in module 'lxml' (no-name-in-module)
************* Module lxml.html.formfill
E: 11, 0: No name 'etree' in module 'lxml' (no-name-in-module)
E: 11, 0: Unable to import 'lxml.etree' (import-error)
************* Module lxml.html.clean
E: 24, 0: No name 'etree' in module 'lxml' (no-name-in-module)
************* Module lxml.html.html5parser
E: 16, 0: Unable to import 'html5lib' (import-error)
E: 17, 0: Unable to import 'html5lib.treebuilders.etree_lxml' (import-error)
E: 19, 0: No name 'etree' in module 'lxml' (no-name-in-module)
************* Module lxml.html._html5builder
E: 19, 0: Unable to import 'html5lib.treebuilders' (import-error)
E: 20, 0: No name 'etree' in module 'lxml' (no-name-in-module)
************* Module lxml.html.soupparser
E: 14, 0: No name 'etree' in module 'lxml' (no-name-in-module)
************* Module lxml.html.diff
E: 13, 0: No name 'etree' in module 'lxml' (no-name-in-module)
************* Module lxml.html
E: 53, 0: No name 'etree' in module 'lxml' (no-name-in-module)
************* Module lxml.pyclasslookup
E: 10, 0: No name 'etree' in module 'lxml' (no-name-in-module)
E: 10, 0: Unable to import 'lxml.etree' (import-error)
************* Module lxml.ElementInclude
E: 60, 0: No name 'etree' in module 'lxml' (no-name-in-module)
************* Module flogging.flogging
E:3308,32: Undefined variable '_levelNames' (undefined-variable)
E:3310,21: Undefined variable '_levelNames' (undefined-variable)
************* Module flogging.test
E: 77,31: Using variable 'str' before assignment (used-before-assignment)
E:179,37: Instance of 'FilterTest' has no 'obj' member (no-member)
E:180,46: Instance of 'FilterTest' has no 'obj' member (no-member)
E:184, 8: Instance of 'FilterTest' has no 'obj' member (no-member)
E:185,32: Instance of 'FilterTest' has no 'obj' member (no-member)
E:186,44: Instance of 'FilterTest' has no 'obj' member (no-member)
E:190, 8: Instance of 'FilterTest' has no 'obj' member (no-member)
E:191,32: Instance of 'FilterTest' has no 'obj' member (no-member)
E:192,44: Instance of 'FilterTest' has no 'obj' member (no-member)
E:198,44: Instance of 'FilterTest' has no 'obj' member (no-member)
E:201,36: Instance of 'FilterTest' has no 'obj' member (no-member)
E:203,19: Instance of 'FilterTest' has no 'obj' member (no-member)
E:207, 8: Instance of 'FilterTest' has no 'obj' member (no-member)
E:208,31: Instance of 'FilterTest' has no 'obj' member (no-member)
E:209,47: Instance of 'FilterTest' has no 'obj' member (no-member)
E:312,34: Module 'flogging' has no '_gConfigDefaults' member (no-member)
E:313,23: Module 'flogging' has no '_gConfigSpec' member (no-member)
E:326,21: Module 'flogging' has no '_gConfigDefaultsTextBlock' member (no-member)
************* Module NNAPasswords
E: 64, 4: Unable to import 'LocalMachinePasswords' (import-error)
E: 74, 4: Unable to import 'NNAPasswordsLocal' (import-error)
************* Module DatabaseUtilities
E: 21, 0: Unable to import '_mssql' (import-error)
E: 25, 0: Unable to import 'NNALogging' (import-error)
E:109,53: Module 'NNAPasswords' has no 'gSBOReadAccount' member (no-member)
E:109,92: Module 'NNAPasswords' has no 'gSBOReadPassword' member (no-member)
************* Module ManifestObject
E: 52, 3: Raising unicode while only classes or instances are allowed (raising-bad-type)
************* Module NNAConfigParse
E: 14, 0: Module 'sys' has no 'setdefaultencoding' member; maybe 'getdefaultencoding'? (no-member)
************* Module InternetFileUtilities
E: 19, 0: Unable to import 'urllib.request' (import-error)
E: 19, 0: Unable to import 'urllib.error' (import-error)
E: 19, 0: Unable to import 'urllib.parse' (import-error)
E: 30, 0: Unable to import 'NNALogging' (import-error)
************* Module NTPermissions
E: 30, 0: (unicode error) 'unicodeescape' codec can't decode bytes in position 698-699: truncated \uXXXX escape (<string>, line 30) (syntax-error)
************* Module BuildUtilities
E: 34, 1: Unable to import 'Foundation' (import-error)
E:355, 2: Unable to import 'win32file' (import-error)
E:767, 3: Module 'os' has no 'chflags' member (no-member)
E:769, 3: Module 'os' has no 'chflags' member (no-member)
************* Module BuildUtilitiesLive
E:159, 2: Unable to import 'win32file' (import-error)
************* Module VWStringsManager
E:165, 0: (unicode error) 'unicodeescape' codec can't decode bytes in position 0-1: truncated \uXXXX escape (<string>, line 165) (syntax-error)
************* Module NNALogging
E:124, 0: (unicode error) 'unicodeescape' codec can't decode bytes in position 206-207: malformed \N character escape (<string>, line 124) (syntax-error)
************* Module JenkinsUtils
E: 13, 0: Unable to import 'urllib.request' (import-error)
E: 13, 0: Unable to import 'urllib.parse' (import-error)
E: 13, 0: Unable to import 'urllib.error' (import-error)
************* Module PM2VWStrings
E: 16, 0: Unable to import 'VWStringsManager' (import-error)
************* Module BuildLocalizationFileMap
E: 25, 0: Module 'sys' has no 'setdefaultencoding' member; maybe 'getdefaultencoding'? (no-member)
************* Module builddatabase.unittests
E: 50,23: Too many positional arguments for constructor call (too-many-function-args)
************* Module builddatabase.builddatabase
E: 19, 0: Unable to import 'urllib.parse' (import-error)
************* Module builddatabase.backends.SQLAlchemyBuildDatabase
E: 11, 0: Unable to import 'sqlalchemy.engine' (import-error)
E: 12, 0: Unable to import 'sqlalchemy' (import-error)
************* Module bs4.dammit
E: 66, 4: Method has no argument (no-method-argument)
************* Module bs4.builder._html5lib
E: 26, 0: Unable to import 'html5lib' (import-error)
E: 27, 0: Unable to import 'html5lib.constants' (import-error)
E:105,20: Undefined variable 'BeautifulSoup' (undefined-variable)
************* Module bs4.builder._lxml
E: 17, 0: No name 'etree' in module 'lxml' (no-name-in-module)
************* Module bs4.testing
E: 28, 0: No name 'HTMLParserTreeBuilder' in module 'bs4.builder' (no-name-in-module)
************* Module bs4.tests.test_builder_registry
E: 14, 0: No name 'HTMLParserTreeBuilder' in module 'bs4.builder' (no-name-in-module)
************* Module bs4.tests.test_soup
E: 77, 8: Instance of 'TestWarnings' has no '_assert_no_parser_specified' member (no-member)
E: 81,19: Too many positional arguments for method call (too-many-function-args)
E: 83, 8: Instance of 'TestWarnings' has no '_assert_no_parser_specified' member (no-member)
E: 87,19: Too many positional arguments for method call (too-many-function-args)
E:111, 0: class already defined line 67 (function-redefined)
E:487, 4: method already defined line 480 (function-redefined)
************* Module bs4.tests.test_docs
E:  7, 0: Bad option value 'W0142' (bad-option-value)
E: 14, 4: Undefined variable name u'additional_tests' in __all__ (undefined-all-variable)
************* Module bs4.tests.test_lxml
E: 17,19: Module 'lxml' has no 'etree' member (no-member)
E: 23, 4: No name 'LXMLTreeBuilder' in module 'bs4.builder' (no-name-in-module)
E: 23, 4: No name 'LXMLTreeBuilderForXML' in module 'bs4.builder' (no-name-in-module)
************* Module bs4.tests.test_tree
E: 26, 0: No name 'HTMLParserTreeBuilder' in module 'bs4.builder' (no-name-in-module)
E:171, 8: Bad first argument 'TreeTest' given to super() (bad-super-call)
E:489, 8: Bad first argument 'TreeTest' given to super() (bad-super-call)
************* Module bs4.tests.test_htmlparser
E: 14, 0: No name 'HTMLParserTreeBuilder' in module 'bs4.builder' (no-name-in-module)
************* Module bs4.diagnose
E: 96, 4: No name 'etree' in module 'lxml' (no-name-in-module)
E:197, 4: No name 'etree' in module 'lxml' (no-name-in-module)
E:203, 4: Unable to import 'html5lib' (import-error)
************* Module P4Utilities
E:151,14: Module 'NNAPasswords' has no 'P4CLIENT' member (no-member)
************* Module WindowsSignUtils
E:130,90: Class 'traceback' has no 'format_exc' member (no-member)
************* Module BeautifulSoup
E:381,15: Undefined variable '__str__' (undefined-variable)
E:1026,19: Class 'SGMLParser' has no '__getattr__' member (no-member)
E:1562, 4: Unable to import 'cjkcodecs.aliases' (import-error)
E:1566, 4: Unable to import 'iconv_codec' (import-error)
E:1583, 4: Explicit return in __init__ (return-in-init)
************* Module FileGroups
E: 49, 0: Module 'sys' has no 'setdefaultencoding' member; maybe 'getdefaultencoding'? (no-member)
E:419,11: Undefined variable 'FileGroupConfig' (undefined-variable)
E:732,30: No value for argument 'platform' in function call (no-value-for-parameter)
************* Module VSSConnection
E: 24, 0: Unable to import 'NNALogging' (import-error)
E: 28, 0: Unable to import 'yaml' (import-error)
E: 40,21: Module 'NNAPasswords' has no 'gBOJobsBearerToken' member (no-member)
E:164, 0: Unable to import 'urllib.request' (import-error)
E:164, 0: Unable to import 'urllib.error' (import-error)
E:164, 0: Unable to import 'urllib.parse' (import-error)
************* Module SymbolicateLogsWinUtils
E: 13, 0: Unable to import 'SymbolicateLogsCommonUtils' (import-error)
E: 14, 0: Unable to import 'SymbolicateLogsCommonUtils' (import-error)
E: 15, 0: Unable to import 'SymbolicateLogsCommonUtils' (import-error)
E: 16, 0: Unable to import 'SymbolicateLogsCommonUtils' (import-error)
E: 17, 0: Unable to import 'SymbolicateLogsCommonUtils' (import-error)
E: 18, 0: Unable to import 'SymbolicateLogsCommonUtils' (import-error)
************* Module SymbolicateMacLog
E: 14, 0: Unable to import 'ProcessCrashLogExceptions' (import-error)
E: 48,23: Undefined variable 'join' (undefined-variable)
E: 71,10: Module 'xmlrpc.server' has no 'SimpleXMLRPCServer' member (no-member)
************* Module SymbolicateLogsCommonUtils
E: 69, 0: invalid syntax (<string>, line 69) (syntax-error)
************* Module SymbolicateLogsMacUtils
E: 11, 0: Unable to import 'SymbolicateLogsCommonUtils' (import-error)
E: 12, 0: Unable to import 'SymbolicateLogsCommonUtils' (import-error)
E: 13, 0: Unable to import 'SymbolicateLogsCommonUtils' (import-error)
E: 14, 0: Unable to import 'SymbolicateLogsCommonUtils' (import-error)
E: 15, 0: Unable to import 'SymbolicateLogsCommonUtils' (import-error)
************* Module SymbolicateLogs
E: 66, 0: Unable to import 'SymbolicateLogsCommonUtils' (import-error)
E: 67, 0: Unable to import 'SymbolicateLogsCommonUtils' (import-error)
E: 68, 0: Unable to import 'SymbolicateLogsCommonUtils' (import-error)
E: 69, 0: Unable to import 'SymbolicateLogsCommonUtils' (import-error)
E: 70, 0: Unable to import 'SymbolicateLogsCommonUtils' (import-error)
E: 71, 0: Unable to import 'SymbolicateLogsCommonUtils' (import-error)
E: 72, 0: Unable to import 'SymbolicateLogsCommonUtils' (import-error)
E:410, 8: Undefined variable 'logging' (undefined-variable)
************* Module MacLogSymbolicator_server
E:301,13: Module 'xmlrpc.server' has no 'SimpleXMLRPCServer' member (no-member)
************* Module SymbolicateLogSettings
E:167,56: Undefined variable 'symbolMachineIP' (undefined-variable)

------------------------------------------------------------------
Your code has been rated at 9.42/10 (previous run: 9.31/10, +0.10)

